2023-08-01
----------PREVIOUS THRESHOLDS----------
'prev policy_long': {13: True, 14: True, 15: True, 16: False, 17: True, 18: True, 19: False}
{'prev buy': {13: 28.0, 14: 4.0, 15: 4.0, 16: 45.0, 17: 34.0, 18: 10.0, 19: 22.0},
'prev sell': {13: -46.0, 14: -33.0, 15: -32.0, 16: -21.0, 17: -58.0, 18: -36.0, 19: -66.0}
'prev buy_to_cover': {13: 28.0, 14: 16.0, 15: 36.0, 16: 44.0, 17: 31.0, 18: 48.0, 19: 437.0},
'prev sell_short':{13: -46.0, 14: -33.0, 15: -32.0, 16: -21.0, 17: -58.0, 18: -36.0, 19: -66.0}}
Prev Long 13: [28.0, -46.0, 0.07, 0.07]
Prev Short 13: [28.0, -45.0, 0.13, 0.13]
Long 13: [11.0, -292.0, 0.4, 0.4]
Short 13: [4.0, -82.0, 0.36, 0.36]
Prev Long 14: [4.0, -33.0, -0.79, -0.79]
Prev Short 14: [16.0, -38.0, 0.04, 0.04]
Long 14: [79.0, -147.0, 0.35, 0.35]
Short 14: [250.0, 0.0, 0.83, 0.83]
Prev Long 15: [4.0, -32.0, -0.07, -0.07]
Prev Short 15: [36.0, -26.0, 0.02, 0.02]
Long 15: [53.0, -34.0, 0.33, 0.33]
Short 15: [59.0, -33.0, 0.24, 0.24]
Prev Long 16: [45.0, -21.0, 0.06, 0.06]
Prev Short 16: [44.0, -22.0, 0.12, 0.12]
Long 16: [11.0, -8.0, 0.31, 0.31]
Short 16: [11.0, -7.0, 0.44, 0.44]
Prev Long 17: [34.0, -58.0, 0.16, 0.16]
Prev Short 17: [31.0, -15.0, -0.29, -0.29]
Long 17: [36.0, -212.0, 0.43, 0.43]
Short 17: [18.0, -22.0, 0.27, 0.27]
Prev Long 18: [10.0, -36.0, -0.23, -0.23]
Prev Short 18: [48.0, -36.0, 0.2, 0.2]
Long 18: [0.0, -5.0, 0.08, 0.08]
Short 18: [0.0, -5.0, 0.34, 0.34]
Prev Long 19: [22.0, -66.0, -0.4, -0.4]
Prev Short 19: [437.0, -8.0, 0.21, 0.21]
Long 19: [35.0, -28.0, 0.11, 0.11]
Short 19: [33.0, -39.0, 0.49, 0.49]
----------NEW THRESHOLDS----------
'policy_long': {13: True, 14: False, 15: True, 16: False, 17: True, 18: False, 19: False}
{'buy': {13: 11.0, 14: 79.0, 15: 53.0, 16: 11.0, 17: 36.0, 18: 0.0, 19: 35.0},
'sell': {13: -46.0, 14: -33.0, 15: -32.0, 16: -21.0, 17: -58.0, 18: -36.0, 19: -66.0},
'buy_to_cover': {13: 4.0, 14: 250.0, 15: 59.0, 16: 11.0, 17: 18.0, 18: 0.0, 19: 33.0},
'sell_short':{13: -46.0, 14: -33.0, 15: -32.0, 16: -21.0, 17: -58.0, 18: -36.0, 19: -66.0}}

