2023-08-01
----------PREVIOUS THRESHOLDS----------
'prev policy_long': {13: False, 14: False, 15: True, 16: False, 17: True, 18: True, 19: False}
{'prev buy': {13: 46.0, 14: 4.0, 15: 0.0, 16: 74.0, 17: 6.0, 18: 9.0, 19: 49.0},
'prev sell': {13: -76.0, 14: -59.0, 15: -358.0, 16: -33.0, 17: -57.0, 18: -45.0, 19: -85.0}
'prev buy_to_cover': {13: 260.0, 14: 469.0, 15: 22.0, 16: 178.0, 17: 215.0, 18: 11.0, 19: 29.0},
'prev sell_short':{13: -76.0, 14: -59.0, 15: -358.0, 16: -33.0, 17: -57.0, 18: -45.0, 19: -85.0}}
Prev Long 13: [46.0, -76.0, -0.86, -0.86]
Prev Short 13: [260.0, -186.0, 0.0, 0.0]
Long 13: [108.0, -46.0, 0.23, 0.23]
Short 13: [250.0, 0.0, 1.22, 1.22]
Prev Long 14: [4.0, -59.0, -0.02, -0.02]
Prev Short 14: [469.0, -52.0, -0.23, -0.23]
Long 14: [27.0, -13.0, 0.77, 0.77]
Short 14: [26.0, -13.0, 0.95, 0.95]
Prev Long 15: [0.0, -358.0, 0.4, 0.4]
Prev Short 15: [22.0, -58.0, -0.05, -0.05]
Long 15: [23.0, -2.0, 0.52, 0.52]
Short 15: [54.0, -2.0, 0.13, 0.13]
Prev Long 16: [74.0, -33.0, 0.0, 0.0]
Prev Short 16: [178.0, -22.0, 0.18, 0.18]
Long 16: [34.0, -184.0, 0.18, 0.18]
Short 16: [31.0, -25.0, 0.37, 0.37]
Prev Long 17: [6.0, -57.0, -0.18, -0.18]
Prev Short 17: [215.0, -40.0, 0.5, 0.5]
Long 17: [20.0, -2.0, 0.07, 0.07]
Short 17: [279.0, -36.0, 0.5, 0.5]
Prev Long 18: [9.0, -45.0, -0.41, -0.41]
Prev Short 18: [11.0, -42.0, -0.02, -0.02]
Long 18: [39.0, -10.0, 0.13, 0.13]
Short 18: [40.0, -22.0, 0.48, 0.48]
Prev Long 19: [49.0, -85.0, -0.21, -0.21]
Prev Short 19: [29.0, -46.0, 0.27, 0.27]
Long 19: [18.0, -37.0, 0.17, 0.17]
Short 19: [441.0, -37.0, 0.33, 0.33]
----------NEW THRESHOLDS----------
'policy_long': {13: False, 14: False, 15: True, 16: False, 17: False, 18: False, 19: False}
{'buy': {13: 108.0, 14: 27.0, 15: 23.0, 16: 34.0, 17: 20.0, 18: 39.0, 19: 18.0},
'sell': {13: -76.0, 14: -59.0, 15: -358.0, 16: -33.0, 17: -57.0, 18: -45.0, 19: -85.0},
'buy_to_cover': {13: 250.0, 14: 26.0, 15: 54.0, 16: 31.0, 17: 279.0, 18: 40.0, 19: 441.0},
'sell_short':{13: -76.0, 14: -59.0, 15: -358.0, 16: -33.0, 17: -57.0, 18: -45.0, 19: -85.0}}

2023-08-02
----------PREVIOUS THRESHOLDS----------
'prev policy_long': {13: False, 14: False, 15: True, 16: False, 17: False, 18: False, 19: False}
{'prev buy': {13: 108.0, 14: 27.0, 15: 23.0, 16: 34.0, 17: 20.0, 18: 39.0, 19: 18.0},
'prev sell': {13: -76.0, 14: -59.0, 15: -358.0, 16: -33.0, 17: -57.0, 18: -45.0, 19: -85.0},
'prev buy_to_cover': {13: 250.0, 14: 26.0, 15: 54.0, 16: 31.0, 17: 279.0, 18: 40.0, 19: 441.0},
'prev sell_short':{13: -76.0, 14: -59.0, 15: -358.0, 16: -33.0, 17: -57.0, 18: -45.0, 19: -85.0}}
Prev Long 13: [108.0, -76.0, -0.4, 0.0, -0.4]
Prev Short 13: [250.0, -76.0, 0.0, 0.0, 0.0]
Long 13: [10.0, -28.0, -0.46, 1.1, 0.64]
Short 13: [0.0, -8.0, 0.81, 0.92, 1.73]
Prev Long 14: [27.0, -59.0, 0.45, -0.76, -0.31]
Prev Short 14: [26.0, -59.0, 0.24, 0.01, 0.25]
Long 14: [66.0, -16.0, 0.53, 0.0, 0.53]
Short 14: [70.0, -15.0, 0.71, 0.91, 1.62]
Prev Long 15: [23.0, -358.0, 0.4, -0.45, -0.05]
Prev Short 15: [54.0, -358.0, 0.0, 0.0, 0.0]
Long 15: [110.0, -37.0, 0.46, 0.0, 0.46]
Short 15: [436.0, -53.0, 0.03, 0.48, 0.51]
Prev Long 16: [34.0, -33.0, 0.18, 0.87, 1.05]
Prev Short 16: [31.0, -33.0, 0.35, 0.79, 1.14]
Long 16: [34.0, -42.0, 0.18, 1.22, 1.4]
Short 16: [34.0, -50.0, 0.35, 1.15, 1.5]
Prev Long 17: [20.0, -57.0, 0.02, 0.23, 0.25]
Prev Short 17: [279.0, -57.0, 0.5, -0.32, 0.18]
Long 17: [14.0, -52.0, -0.11, 0.41, 0.3]
Short 17: [13.0, -58.0, 0.26, 0.1, 0.36]
Prev Long 18: [39.0, -45.0, -0.07, -0.28, -0.35]
Prev Short 18: [40.0, -45.0, 0.08, 0.0, 0.08]
Long 18: [37.0, -1.0, 0.12, -0.06, 0.06]
Short 18: [417.0, -22.0, 0.35, 0.09, 0.44]
Prev Long 19: [18.0, -85.0, -0.1, -0.16, -0.26]
Prev Short 19: [441.0, -85.0, 0.0, 0.0, 0.0]
Long 19: [38.0, -42.0, 0.13, 0.41, 0.54]
Short 19: [37.0, -15.0, 0.15, 0.6, 0.75]
----------NEW THRESHOLDS----------
'policy_long': {13: False, 14: False, 15: False, 16: False, 17: False, 18: False, 19: False}
{'buy': {13: 10.0, 14: 66.0, 15: 110.0, 16: 34.0, 17: 14.0, 18: 37.0, 19: 38.0},
'sell': {13: -76.0, 14: -59.0, 15: -358.0, 16: -33.0, 17: -57.0, 18: -45.0, 19: -85.0},
'buy_to_cover': {13: 0.0, 14: 70.0, 15: 436.0, 16: 34.0, 17: 13.0, 18: 417.0, 19: 37.0},
'sell_short':{13: -76.0, 14: -59.0, 15: -358.0, 16: -33.0, 17: -57.0, 18: -45.0, 19: -85.0}}

2023-08-03
----------PREVIOUS THRESHOLDS----------
'prev policy_long': {13: False, 14: False, 15: False, 16: False, 17: False, 18: False, 19: False}
{'prev buy': {13: 10.0, 14: 66.0, 15: 110.0, 16: 34.0, 17: 14.0, 18: 37.0, 19: 38.0},
'prev sell': {13: -76.0, 14: -59.0, 15: -358.0, 16: -33.0, 17: -57.0, 18: -45.0, 19: -85.0},
'prev buy_to_cover': {13: 0.0, 14: 70.0, 15: 436.0, 16: 34.0, 17: 13.0, 18: 417.0, 19: 37.0},
'prev sell_short':{13: -76.0, 14: -59.0, 15: -358.0, 16: -33.0, 17: -57.0, 18: -45.0, 19: -85.0}}
Prev Long 13: [10.0, -76.0, -0.86, 0.0, 0.19, -0.67]
Prev Short 13: [0.0, -76.0, 0.0, 0.0, -0.75, -0.75]
Long 13: [55.0, -240.0, -0.86, 0.0, 1.79, 0.93]
Short 13: [0.0, -8.0, 0.81, 0.92, -1.35, 0.38]
Prev Long 14: [66.0, -59.0, 0.52, 0.0, -0.19, 0.33]
Prev Short 14: [70.0, -59.0, 0.31, 0.4, 0.12, 0.83]
Long 14: [68.0, -16.0, 0.53, 0.0, 0.21, 0.74]
Short 14: [68.0, -16.0, 0.71, 0.91, 0.42, 2.04]
Prev Long 15: [110.0, -358.0, 0.42, 0.0, -0.47, -0.05]
Prev Short 15: [436.0, -358.0, 0.0, 0.0, 0.0, 0.0]
Long 15: [18.0, -41.0, 0.35, 0.03, 0.56, 0.94]
Short 15: [458.0, -59.0, 0.03, 0.48, 0.37, 0.88]
Prev Long 16: [34.0, -33.0, 0.18, 0.87, 0.66, 1.71]
Prev Short 16: [34.0, -33.0, 0.35, 0.8, -0.43, 0.72]
Long 16: [34.0, -45.0, 0.18, 1.22, 1.11, 2.51]
Short 16: [34.0, -49.0, 0.35, 1.15, 0.02, 1.52]
Prev Long 17: [14.0, -57.0, -0.11, 0.41, -0.55, -0.25]
Prev Short 17: [13.0, -57.0, 0.26, 0.1, 0.14, 0.5]
Long 17: [57.0, -1.0, 0.0, 0.26, 0.0, 0.26]
Short 17: [58.0, -40.0, 0.5, -0.15, 0.69, 1.04]
Prev Long 18: [37.0, -45.0, -0.07, -0.28, 0.15, -0.2]
Prev Short 18: [417.0, -45.0, 0.13, 0.0, -0.44, -0.31]
Long 18: [47.0, -123.0, 0.0, 0.0, 0.31, 0.31]
Short 18: [53.0, -32.0, 0.35, 0.09, -0.24, 0.2]
Prev Long 19: [38.0, -85.0, -0.21, 0.18, 0.01, -0.02]
Prev Short 19: [37.0, -85.0, 0.0, 0.0, 0.0, 0.0]
Long 19: [37.0, -58.0, 0.13, 0.38, 0.27, 0.78]
Short 19: [23.0, -21.0, 0.23, 0.23, 0.93, 1.39]
----------NEW THRESHOLDS----------
'policy_long': {13: True, 14: False, 15: True, 16: True, 17: False, 18: True, 19: False}
{'buy': {13: 55.0, 14: 68.0, 15: 18.0, 16: 34.0, 17: 57.0, 18: 47.0, 19: 37.0},
'sell': {13: -76.0, 14: -59.0, 15: -358.0, 16: -33.0, 17: -57.0, 18: -45.0, 19: -85.0},
'buy_to_cover': {13: 0.0, 14: 68.0, 15: 458.0, 16: 34.0, 17: 58.0, 18: 53.0, 19: 23.0},
'sell_short':{13: -76.0, 14: -59.0, 15: -358.0, 16: -33.0, 17: -57.0, 18: -45.0, 19: -85.0}}

2023-08-04
----------PREVIOUS THRESHOLDS----------
'prev policy_long': {13: True, 14: False, 15: True, 16: True, 17: False, 18: True, 19: False}
{'prev buy': {13: 55.0, 14: 68.0, 15: 18.0, 16: 34.0, 17: 57.0, 18: 47.0, 19: 37.0},
'prev sell': {13: -76.0, 14: -59.0, 15: -358.0, 16: -33.0, 17: -57.0, 18: -45.0, 19: -85.0},
'prev buy_to_cover': {13: 0.0, 14: 68.0, 15: 458.0, 16: 34.0, 17: 58.0, 18: 53.0, 19: 23.0},
'prev sell_short':{13: -76.0, 14: -59.0, 15: -358.0, 16: -33.0, 17: -57.0, 18: -45.0, 19: -85.0}}
Prev Long 13: [55.0, -76.0, -0.86, 0.0, -0.41, -0.22, -1.49]
Prev Short 13: [0.0, -8.0, 0.81, 0.92, -1.35, -1.03, -0.65]
Long 13: [38.0, -498.0, -0.86, 0.0, 1.79, 0.19, 1.12]
Short 13: [9.0, -19.0, 0.48, 0.78, -1.61, 1.99, 1.64]
Prev Long 14: [68.0, -59.0, 0.52, 0.0, -0.19, 0.46, 0.79]
Prev Short 14: [68.0, -16.0, 0.71, 0.91, 0.42, -2.13, -0.09]
Long 14: [53.0, -452.0, 0.52, -0.77, 0.84, 1.48, 2.07]
Short 14: [5.0, -36.0, 0.2, 0.56, 0.24, -0.29, 0.71]
Prev Long 15: [18.0, -358.0, 0.4, -0.45, 0.29, -0.03, 0.21]
Prev Short 15: [458.0, -59.0, 0.03, 0.48, 0.37, 0.05, 0.93]
Long 15: [2.0, -31.0, 0.38, -0.1, 0.56, 0.08, 0.92]
Short 15: [197.0, -55.0, 0.03, 0.48, 0.37, 0.05, 0.93]
Prev Long 16: [34.0, -33.0, 0.18, 0.87, 0.66, 0.05, 1.76]
Prev Short 16: [34.0, -49.0, 0.35, 1.15, 0.02, 0.06, 1.58]
Long 16: [28.0, -48.0, 0.18, 1.21, 1.11, 0.06, 2.56]
Short 16: [32.0, -48.0, 0.35, 1.14, 0.02, 0.07, 1.58]
Prev Long 17: [57.0, -57.0, 0.0, 0.02, 0.0, 0.0, 0.02]
Prev Short 17: [58.0, -40.0, 0.5, -0.15, 0.69, 0.77, 1.81]
Long 17: [69.0, -1.0, 0.0, 0.26, 0.0, 0.0, 0.26]
Short 17: [63.0, -42.0, 0.5, -0.15, 0.69, 0.77, 1.81]
Prev Long 18: [47.0, -45.0, 0.0, 0.0, 0.15, -0.33, -0.18]
Prev Short 18: [53.0, -32.0, 0.35, 0.09, -0.24, 0.68, 0.88]
Long 18: [8.0, -54.0, -0.41, 0.05, 0.6, 0.04, 0.28]
Short 18: [128.0, 0.0, 0.35, -0.12, -0.44, 1.55, 1.34]
Prev Long 19: [37.0, -85.0, -0.21, 0.18, 0.35, -1.51, -1.19]
Prev Short 19: [23.0, -21.0, 0.23, 0.23, 0.93, 1.81, 3.2]
Long 19: [23.0, -21.0, 0.02, 0.08, 0.62, 0.66, 1.38]
Short 19: [23.0, -21.0, 0.23, 0.23, 0.93, 1.81, 3.2]
----------NEW THRESHOLDS----------
'policy_long': {13: False, 14: True, 15: False, 16: True, 17: False, 18: False, 19: False}
{'buy': {13: 38.0, 14: 53.0, 15: 2.0, 16: 28.0, 17: 69.0, 18: 8.0, 19: 23.0},
'sell': {13: -76.0, 14: -59.0, 15: -358.0, 16: -33.0, 17: -57.0, 18: -45.0, 19: -85.0},
'buy_to_cover': {13: 9.0, 14: 5.0, 15: 197.0, 16: 32.0, 17: 63.0, 18: 128.0, 19: 23.0},
'sell_short':{13: -76.0, 14: -59.0, 15: -358.0, 16: -33.0, 17: -57.0, 18: -45.0, 19: -85.0}}

2023-08-07
----------PREVIOUS THRESHOLDS----------
'prev policy_long': {13: False, 14: True, 15: False, 16: True, 17: False, 18: False, 19: False}
{'prev buy': {13: 38.0, 14: 53.0, 15: 2.0, 16: 28.0, 17: 69.0, 18: 8.0, 19: 23.0},
'prev sell': {13: -76.0, 14: -59.0, 15: -358.0, 16: -33.0, 17: -57.0, 18: -45.0, 19: -85.0},
'prev buy_to_cover': {13: 9.0, 14: 5.0, 15: 197.0, 16: 32.0, 17: 63.0, 18: 128.0, 19: 23.0},
'prev sell_short':{13: -76.0, 14: -59.0, 15: -358.0, 16: -33.0, 17: -57.0, 18: -45.0, 19: -85.0}}
Prev Long 13: [38.0, -76.0, -0.86, 0.0, 0.2, 0.15, -1.28, -1.79]
Prev Short 13: [9.0, -19.0, 0.48, 0.78, -1.61, 1.99, -0.95, 0.69]
Long 13: [29.0, -8.0, -0.07, 0.23, -0.59, 1.24, -0.16, 0.65]
Short 13: [418.0, -9.0, 0.81, 0.0, -1.22, 1.05, 1.67, 2.31]
Prev Long 14: [53.0, -59.0, 0.52, -0.76, 0.3, 0.46, -0.5, 0.02]
Prev Short 14: [5.0, -36.0, 0.2, 0.56, 0.24, -0.29, -0.11, 0.6]
Long 14: [46.0, -420.0, 0.52, -0.77, 0.84, 1.48, 0.91, 2.98]
Short 14: [6.0, -36.0, 0.2, 0.56, 0.24, -0.29, 0.1, 0.81]
Prev Long 15: [2.0, -358.0, 0.4, -0.31, 0.29, 0.37, 0.0, 0.75]
Prev Short 15: [197.0, -55.0, 0.03, 0.48, 0.37, 0.05, -0.5, 0.43]
Long 15: [42.0, -82.0, 0.42, -0.45, 0.23, 0.0, 0.81, 1.01]
Short 15: [230.0, -58.0, 0.03, 0.48, 0.37, 0.05, -0.5, 0.43]
Prev Long 16: [28.0, -33.0, 0.18, 0.86, 0.7, 0.06, 0.55, 2.35]
Prev Short 16: [32.0, -48.0, 0.35, 1.14, 0.02, 0.07, -0.79, 0.79]
Long 16: [34.0, -107.0, 0.18, 0.86, 1.09, 0.07, 1.49, 3.69]
Short 16: [34.0, -113.0, 0.35, 0.79, 0.0, 0.08, 0.0, 1.22]
Prev Long 17: [69.0, -57.0, 0.0, 0.02, 0.0, 0.0, 0.0, 0.02]
Prev Short 17: [63.0, -42.0, 0.5, -0.15, 0.69, 0.77, 0.33, 2.14]
Long 17: [14.0, -52.0, -0.11, 0.41, -0.24, -0.28, 0.6, 0.38]
Short 17: [70.0, -37.0, 0.5, -0.15, 0.69, 0.77, 0.33, 2.14]
Prev Long 18: [8.0, -45.0, -0.41, 0.05, 0.57, -0.07, -0.01, 0.13]
Prev Short 18: [128.0, 0.0, 0.35, -0.12, -0.44, 1.55, -0.13, 1.21]
Long 18: [43.0, -42.0, 0.0, 0.0, 0.15, 0.1, 0.13, 0.38]
Short 18: [38.0, -2.0, 0.47, -0.21, -0.52, 1.43, 0.06, 1.23]
Prev Long 19: [23.0, -85.0, -0.21, -0.16, -0.32, -1.34, 0.42, -1.61]
Prev Short 19: [23.0, -21.0, 0.23, 0.23, 0.93, 1.81, 0.18, 3.38]
Long 19: [23.0, -22.0, 0.02, 0.08, 0.56, 0.66, 0.45, 1.77]
Short 19: [23.0, -23.0, 0.23, 0.23, 0.84, 1.85, 0.59, 3.74]
----------NEW THRESHOLDS----------
'policy_long': {13: False, 14: True, 15: True, 16: True, 17: False, 18: False, 19: False}
{'buy': {13: 29.0, 14: 46.0, 15: 42.0, 16: 34.0, 17: 14.0, 18: 43.0, 19: 23.0},
'sell': {13: -76.0, 14: -59.0, 15: -358.0, 16: -33.0, 17: -57.0, 18: -45.0, 19: -85.0},
'buy_to_cover': {13: 418.0, 14: 6.0, 15: 230.0, 16: 34.0, 17: 70.0, 18: 38.0, 19: 23.0},
'sell_short':{13: -76.0, 14: -59.0, 15: -358.0, 16: -33.0, 17: -57.0, 18: -45.0, 19: -85.0}}

2023-08-08
----------PREVIOUS THRESHOLDS----------
'prev policy_long': {13: False, 14: True, 15: True, 16: True, 17: False, 18: False, 19: False}
{'prev buy': {13: 29.0, 14: 46.0, 15: 42.0, 16: 34.0, 17: 14.0, 18: 43.0, 19: 23.0},
'prev sell': {13: -76.0, 14: -59.0, 15: -358.0, 16: -33.0, 17: -57.0, 18: -45.0, 19: -85.0},
'prev buy_to_cover': {13: 418.0, 14: 6.0, 15: 230.0, 16: 34.0, 17: 70.0, 18: 38.0, 19: 23.0},
'prev sell_short':{13: -76.0, 14: -59.0, 15: -358.0, 16: -33.0, 17: -57.0, 18: -45.0, 19: -85.0}}
Prev Long 13: [29.0, -76.0, -0.86, 0.0, 0.2, 0.12, -1.37, -0.49, -2.4]
Prev Short 13: [418.0, -9.0, 0.81, 0.0, -1.22, 1.05, 1.67, 0.48, 2.79]
Long 13: [29.0, -8.0, -0.07, 0.23, -0.59, 1.24, -0.16, 0.06, 0.71]
Short 13: [29.0, -9.0, 0.35, 0.23, -1.81, 2.29, 1.19, 1.13, 3.38]
Prev Long 14: [46.0, -59.0, 0.52, -0.76, 0.3, 0.46, -0.43, -0.26, -0.17]
Prev Short 14: [6.0, -36.0, 0.2, 0.56, 0.24, -0.29, 0.1, 0.16, 0.97]
Long 14: [46.0, -433.0, 0.52, -0.77, 0.84, 1.48, 0.91, -0.6, 2.38]
Short 14: [6.0, -36.0, 0.2, 0.56, 0.24, -0.29, 0.1, 0.16, 0.97]
Prev Long 15: [42.0, -358.0, 0.42, -0.45, 0.12, 0.0, 0.73, 0.17, 0.99]
Prev Short 15: [230.0, -58.0, 0.03, 0.48, 0.37, 0.05, -0.5, 0.36, 0.79]
Long 15: [41.0, -83.0, 0.42, -0.45, 0.23, 0.0, 0.81, 0.54, 1.55]
Short 15: [24.0, -58.0, -0.05, -0.01, 0.26, 0.11, 0.1, 0.45, 0.86]
Prev Long 16: [34.0, -33.0, 0.18, 0.87, 0.66, 0.05, 0.32, 0.37, 2.45]
Prev Short 16: [34.0, -113.0, 0.35, 0.79, 0.0, 0.08, 0.0, 0.0, 1.22]
Long 16: [34.0, -103.0, 0.18, 0.86, 1.09, 0.07, 1.49, 0.6, 4.29]
Short 16: [34.0, -92.0, 0.35, 0.79, 0.0, 0.08, 0.0, 0.0, 1.22]
Prev Long 17: [14.0, -57.0, -0.11, 0.41, -0.55, -0.28, 0.6, -0.09, -0.02]
Prev Short 17: [70.0, -37.0, 0.5, -0.15, 0.69, 0.77, 0.33, 0.21, 2.35]
Long 17: [71.0, -1.0, 0.0, 0.26, 0.0, 0.0, 0.0, 0.09, 0.35]
Short 17: [71.0, -37.0, 0.5, -0.15, 0.69, 0.77, 0.33, 0.21, 2.35]
Prev Long 18: [43.0, -45.0, 0.0, 0.0, 0.15, -0.33, 0.13, 0.37, 0.32]
Prev Short 18: [38.0, -2.0, 0.47, -0.21, -0.52, 1.43, 0.06, 0.35, 1.58]
Long 18: [41.0, -42.0, 0.0, 0.0, 0.15, 0.04, 0.13, 0.55, 0.87]
Short 18: [37.0, -2.0, 0.47, -0.21, -0.52, 1.43, 0.06, 0.39, 1.62]
Prev Long 19: [23.0, -85.0, -0.21, -0.16, -0.32, -1.34, 0.42, 0.41, -1.2]
Prev Short 19: [23.0, -23.0, 0.23, 0.23, 0.84, 1.85, 0.59, 0.07, 3.81]
Long 19: [23.0, -22.0, 0.02, 0.08, 0.56, 0.66, 0.45, 0.45, 2.22]
Short 19: [23.0, -23.0, 0.23, 0.23, 0.84, 1.85, 0.59, 0.07, 3.81]
----------NEW THRESHOLDS----------
'policy_long': {13: False, 14: True, 15: True, 16: True, 17: False, 18: False, 19: False}
{'buy': {13: 29.0, 14: 46.0, 15: 41.0, 16: 34.0, 17: 71.0, 18: 41.0, 19: 23.0},
'sell': {13: -76.0, 14: -59.0, 15: -358.0, 16: -33.0, 17: -57.0, 18: -45.0, 19: -85.0},
'buy_to_cover': {13: 29.0, 14: 6.0, 15: 24.0, 16: 34.0, 17: 71.0, 18: 37.0, 19: 23.0},
'sell_short':{13: -76.0, 14: -59.0, 15: -358.0, 16: -33.0, 17: -57.0, 18: -45.0, 19: -85.0}}

2023-08-09
----------PREVIOUS THRESHOLDS----------
'prev policy_long': {13: False, 14: True, 15: True, 16: True, 17: False, 18: False, 19: False}
{'prev buy': {13: 29.0, 14: 46.0, 15: 41.0, 16: 34.0, 17: 71.0, 18: 41.0, 19: 23.0},
'prev sell': {13: -76.0, 14: -59.0, 15: -358.0, 16: -33.0, 17: -57.0, 18: -45.0, 19: -85.0},
'prev buy_to_cover': {13: 29.0, 14: 6.0, 15: 24.0, 16: 34.0, 17: 71.0, 18: 37.0, 19: 23.0},
'prev sell_short':{13: -76.0, 14: -59.0, 15: -358.0, 16: -33.0, 17: -57.0, 18: -45.0, 19: -85.0}}
Prev Long 13: [29.0, -76.0, -0.86, 0.0, 0.2, 0.12, -1.37, -0.49, -0.75, -3.15]
Prev Short 13: [29.0, -76.0, 0.0, 0.0, -1.62, 1.2, 0.0, 0.6, 0.0, 0.18]
Long 13: [29.0, -8.0, -0.07, 0.23, -0.59, 1.24, -0.16, 0.06, -0.24, 0.47]
Short 13: [29.0, -9.0, 0.35, 0.23, -1.81, 2.29, 1.19, 1.13, 0.51, 3.89]
Prev Long 14: [46.0, -59.0, 0.52, -0.76, 0.3, 0.46, -0.43, -0.26, -1.11, -1.28]
Prev Short 14: [6.0, -59.0, 0.24, 0.03, -0.06, -0.15, 0.33, -0.14, 0.06, 0.31]
Long 14: [77.0, -74.0, 0.52, 0.0, -0.19, 0.84, 1.05, 0.0, 0.0, 2.22]
Short 14: [6.0, -35.0, 0.2, 0.56, 0.24, -0.31, 0.1, 0.07, 0.75, 1.61]
Prev Long 15: [41.0, -358.0, 0.42, -0.45, 0.12, 0.0, 0.73, 0.17, 0.45, 1.44]
Prev Short 15: [24.0, -358.0, 0.0, 0.0, 0.0, 0.0, 0.0, 0.0, 0.0, 0.0]
Long 15: [40.0, -82.0, 0.42, -0.45, 0.23, 0.0, 0.81, 0.54, 0.45, 2.0]
Short 15: [19.0, -35.0, -0.09, 0.48, 0.26, -0.43, -0.02, 0.43, 0.77, 1.4]
Prev Long 16: [34.0, -33.0, 0.18, 0.87, 0.66, 0.05, 0.32, 0.37, 0.06, 2.51]
Prev Short 16: [34.0, -33.0, 0.35, 0.8, -0.43, 0.06, -1.18, -0.24, -0.1, -0.74]
Long 16: [34.0, -111.0, 0.18, 0.86, 1.09, 0.07, 1.49, 0.6, 0.16, 4.45]
Short 16: [34.0, -104.0, 0.35, 0.79, 0.0, 0.08, 0.0, 0.0, 0.0, 1.22]
Prev Long 17: [71.0, -57.0, 0.0, 0.02, 0.0, 0.0, 0.0, 0.02, 0.0, 0.04]
Prev Short 17: [71.0, -57.0, 0.5, -0.29, 0.69, 0.77, 0.33, 0.07, 0.24, 2.31]
Long 17: [14.0, -52.0, -0.11, 0.41, -0.24, -0.28, 0.6, -0.11, 0.7, 0.97]
Short 17: [72.0, -38.0, 0.5, -0.15, 0.69, 0.77, 0.33, 0.21, 0.24, 2.59]
Prev Long 18: [41.0, -45.0, 0.0, 0.0, 0.15, -0.39, 0.13, 0.55, 0.0, 0.44]
Prev Short 18: [37.0, -45.0, 0.08, 0.0, -0.29, 0.29, -0.12, 0.56, -0.07, 0.45]
Long 18: [41.0, -42.0, 0.0, 0.0, 0.15, 0.04, 0.13, 0.55, 0.0, 0.87]
Short 18: [41.0, -18.0, 0.35, 0.09, -0.47, 1.01, -0.04, 0.42, -0.07, 1.29]
Prev Long 19: [23.0, -85.0, -0.21, -0.16, -0.32, -1.34, 0.42, 0.41, -1.11, -2.31]
Prev Short 19: [23.0, -85.0, 0.0, 0.0, 0.0, -0.16, 0.0, 0.03, 0.0, -0.13]
Long 19: [23.0, -22.0, 0.02, 0.08, 0.56, 0.66, 0.45, 0.45, -0.88, 1.34]
Short 19: [23.0, -23.0, 0.23, 0.23, 0.84, 1.85, 0.59, 0.07, 0.1, 3.91]
----------NEW THRESHOLDS----------
'policy_long': {13: False, 14: True, 15: True, 16: True, 17: False, 18: False, 19: False}
{'buy': {13: 29.0, 14: 77.0, 15: 40.0, 16: 34.0, 17: 14.0, 18: 41.0, 19: 23.0},
'sell': {13: -76.0, 14: -59.0, 15: -358.0, 16: -33.0, 17: -57.0, 18: -45.0, 19: -85.0},
'buy_to_cover': {13: 29.0, 14: 6.0, 15: 19.0, 16: 34.0, 17: 72.0, 18: 41.0, 19: 23.0},
'sell_short':{13: -76.0, 14: -59.0, 15: -358.0, 16: -33.0, 17: -57.0, 18: -45.0, 19: -85.0}}

2023-08-10
----------PREVIOUS THRESHOLDS----------
'prev policy_long': {13: False, 14: True, 15: True, 16: True, 17: False, 18: False, 19: False}
{'prev buy': {13: 29.0, 14: 77.0, 15: 40.0, 16: 34.0, 17: 14.0, 18: 41.0, 19: 23.0},
'prev sell': {13: -76.0, 14: -59.0, 15: -358.0, 16: -33.0, 17: -57.0, 18: -45.0, 19: -85.0},
'prev buy_to_cover': {13: 29.0, 14: 6.0, 15: 19.0, 16: 34.0, 17: 72.0, 18: 41.0, 19: 23.0},
'prev sell_short':{13: -76.0, 14: -59.0, 15: -358.0, 16: -33.0, 17: -57.0, 18: -45.0, 19: -85.0}}
Prev Long 13: [29.0, -76.0, -0.86, 0.0, 0.2, 0.12, -1.37, -0.49, -0.75, 0.43, -2.72]
Prev Short 13: [29.0, -9.0, 0.35, 0.23, -1.81, 2.29, 1.19, 1.13, 0.51, -0.7, 3.19]
Long 13: [29.0, -8.0, -0.07, 0.23, -0.59, 1.24, -0.16, 0.06, -0.24, 0.26, 0.73]
Short 13: [29.0, -9.0, 0.35, 0.23, -1.81, 2.29, 1.19, 1.13, 0.51, -0.7, 3.19]
Prev Long 14: [77.0, -59.0, 0.52, 0.0, -0.19, 0.46, 0.03, 0.0, 0.0, 0.0, 0.82]
Prev Short 14: [6.0, -35.0, 0.2, 0.56, 0.24, -0.31, 0.1, 0.07, 0.75, -0.2, 1.41]
Long 14: [78.0, -74.0, 0.52, 0.0, -0.19, 0.84, 1.05, 0.0, 0.0, 0.0, 2.22]
Short 14: [6.0, -35.0, 0.2, 0.56, 0.24, -0.31, 0.1, 0.07, 0.75, -0.2, 1.41]
Prev Long 15: [40.0, -358.0, 0.42, -0.45, 0.12, 0.0, 0.73, 0.17, 0.45, -0.46, 0.98]
Prev Short 15: [19.0, -35.0, -0.09, 0.48, 0.26, -0.43, -0.02, 0.43, 0.77, -0.39, 1.01]
Long 15: [40.0, -84.0, 0.42, -0.45, 0.23, 0.0, 0.81, 0.54, 0.45, -0.46, 1.54]
Short 15: [428.0, -67.0, 0.03, 0.31, 0.37, 0.05, -0.63, 0.36, 0.0, 0.64, 1.13]
Prev Long 16: [34.0, -33.0, 0.18, 0.87, 0.66, 0.05, 0.32, 0.37, 0.06, -1.3, 1.21]
Prev Short 16: [34.0, -104.0, 0.35, 0.79, 0.0, 0.08, 0.0, 0.0, 0.0, 0.0, 1.22]
Long 16: [34.0, -103.0, 0.18, 0.86, 1.09, 0.07, 1.49, 0.6, 0.16, -0.73, 3.72]
Short 16: [34.0, -93.0, 0.35, 0.79, 0.0, 0.08, 0.0, 0.0, 0.0, 0.0, 1.22]
Prev Long 17: [14.0, -57.0, -0.11, 0.41, -0.55, -0.28, 0.6, -0.09, 0.7, -0.44, 0.24]
Prev Short 17: [72.0, -38.0, 0.5, -0.15, 0.69, 0.77, 0.33, 0.21, 0.24, 0.56, 3.15]
Long 17: [14.0, -42.0, -0.11, 0.28, -0.23, -0.28, 0.5, -0.11, 0.7, -0.16, 0.59]
Short 17: [69.0, -37.0, 0.5, -0.15, 0.69, 0.77, 0.33, 0.21, 0.24, 0.56, 3.15]
Prev Long 18: [41.0, -45.0, 0.0, 0.0, 0.15, -0.39, 0.13, 0.55, 0.0, 0.03, 0.47]
Prev Short 18: [41.0, -18.0, 0.35, 0.09, -0.47, 1.01, -0.04, 0.42, -0.07, -0.17, 1.12]
Long 18: [10.0, -43.0, -0.39, 0.05, 0.57, -0.07, 0.1, 0.12, 0.34, 0.76, 1.48]
Short 18: [41.0, -35.0, 0.31, 0.09, -0.24, 0.77, -0.12, 0.53, -0.07, 0.25, 1.52]
Prev Long 19: [23.0, -85.0, -0.21, -0.16, -0.32, -1.34, 0.42, 0.41, -1.11, 0.19, -2.12]
Prev Short 19: [23.0, -23.0, 0.23, 0.23, 0.84, 1.85, 0.59, 0.07, 0.1, -0.43, 3.48]
Long 19: [23.0, -32.0, 0.06, 0.07, 0.52, 0.44, 0.42, 0.41, -0.82, 0.28, 1.38]
Short 19: [23.0, -31.0, 0.27, 0.23, 0.84, 1.59, 0.56, 0.03, 0.16, 0.09, 3.77]
----------NEW THRESHOLDS----------
'policy_long': {13: False, 14: True, 15: True, 16: True, 17: False, 18: False, 19: False}
{'buy': {13: 29.0, 14: 78.0, 15: 40.0, 16: 34.0, 17: 14.0, 18: 10.0, 19: 23.0},
'sell': {13: -76.0, 14: -59.0, 15: -358.0, 16: -33.0, 17: -57.0, 18: -45.0, 19: -85.0},
'buy_to_cover': {13: 29.0, 14: 6.0, 15: 428.0, 16: 34.0, 17: 69.0, 18: 41.0, 19: 23.0},
'sell_short':{13: -76.0, 14: -59.0, 15: -358.0, 16: -33.0, 17: -57.0, 18: -45.0, 19: -85.0}}

2023-08-11
----------PREVIOUS THRESHOLDS----------
'prev policy_long': {13: False, 14: True, 15: True, 16: True, 17: False, 18: False, 19: False}
{'prev buy': {13: 29.0, 14: 78.0, 15: 40.0, 16: 34.0, 17: 14.0, 18: 10.0, 19: 23.0},
'prev sell': {13: -76.0, 14: -59.0, 15: -358.0, 16: -33.0, 17: -57.0, 18: -45.0, 19: -85.0},
'prev buy_to_cover': {13: 29.0, 14: 6.0, 15: 428.0, 16: 34.0, 17: 69.0, 18: 41.0, 19: 23.0},
'prev sell_short':{13: -76.0, 14: -59.0, 15: -358.0, 16: -33.0, 17: -57.0, 18: -45.0, 19: -85.0}}
Prev Long 13: [29.0, -76.0, -0.86, 0.0, 0.2, 0.12, -1.37, -0.49, -0.75, 0.43, -0.24, -2.96]
Prev Short 13: [29.0, -9.0, 0.35, 0.23, -1.81, 2.29, 1.19, 1.13, 0.51, -0.7, -0.13, 3.06]
Long 13: [29.0, -8.0, -0.07, 0.23, -0.59, 1.24, -0.16, 0.06, -0.24, 0.26, -0.29, 0.44]
Short 13: [250.0, 0.0, 1.22, 0.0, -1.22, 0.12, 1.71, 0.83, 1.17, -0.97, 0.39, 3.25]
Prev Long 14: [78.0, -59.0, 0.52, 0.0, -0.19, 0.46, 0.03, 0.0, 0.0, 0.0, 0.0, 0.82]
Prev Short 14: [6.0, -35.0, 0.2, 0.56, 0.24, -0.31, 0.1, 0.07, 0.75, -0.2, -0.48, 0.93]
Long 14: [77.0, -76.0, 0.52, 0.0, -0.19, 0.84, 1.05, 0.0, 0.0, 0.0, 0.0, 2.22]
Short 14: [107.0, -75.0, 0.0, 0.4, 0.36, -0.84, 0.13, 0.52, 0.0, 0.47, 0.38, 1.42]
Prev Long 15: [40.0, -358.0, 0.42, -0.45, 0.12, 0.0, 0.73, 0.17, 0.45, -0.46, 0.4, 1.38]
Prev Short 15: [428.0, -67.0, 0.03, 0.31, 0.37, 0.05, -0.63, 0.36, 0.0, 0.64, -0.2, 0.93]
Long 15: [42.0, -84.0, 0.42, -0.45, 0.23, 0.0, 0.81, 0.54, 0.45, -0.46, 0.4, 1.94]
Short 15: [198.0, -66.0, 0.03, 0.31, 0.37, 0.05, -0.63, 0.36, 0.0, 0.64, -0.2, 0.93]
Prev Long 16: [34.0, -33.0, 0.18, 0.87, 0.66, 0.05, 0.32, 0.37, 0.06, -1.3, -0.21, 1.0]
Prev Short 16: [34.0, -93.0, 0.35, 0.79, 0.0, 0.08, 0.0, 0.0, 0.0, 0.0, 0.0, 1.22]
Long 16: [34.0, -94.0, 0.18, 0.86, 1.09, 0.07, 1.49, 0.6, 0.16, -0.73, -0.14, 3.58]
Short 16: [34.0, -101.0, 0.35, 0.79, 0.0, 0.08, 0.0, 0.0, 0.0, 0.0, 0.0, 1.22]
Prev Long 17: [14.0, -57.0, -0.11, 0.41, -0.55, -0.28, 0.6, -0.09, 0.7, -0.44, 0.23, 0.47]
Prev Short 17: [69.0, -37.0, 0.5, -0.15, 0.69, 0.77, 0.33, 0.21, 0.24, 0.56, -0.11, 3.04]
Long 17: [14.0, -41.0, -0.11, 0.28, -0.23, -0.28, 0.5, -0.11, 0.7, -0.16, 0.23, 0.82]
Short 17: [74.0, -37.0, 0.5, -0.15, 0.69, 0.77, 0.33, 0.21, 0.24, 0.56, -0.11, 3.04]
Prev Long 18: [10.0, -45.0, -0.41, 0.05, 0.57, -0.07, -0.01, 0.12, 0.34, 0.61, -0.02, 1.18]
Prev Short 18: [41.0, -35.0, 0.31, 0.09, -0.24, 0.77, -0.12, 0.53, -0.07, 0.25, -0.15, 1.37]
Long 18: [10.0, -43.0, -0.39, 0.05, 0.57, -0.07, 0.1, 0.12, 0.34, 0.76, -0.02, 1.46]
Short 18: [41.0, -35.0, 0.31, 0.09, -0.24, 0.77, -0.12, 0.53, -0.07, 0.25, -0.15, 1.37]
Prev Long 19: [23.0, -85.0, -0.21, -0.16, -0.32, -1.34, 0.42, 0.41, -1.11, 0.19, -0.22, -2.34]
Prev Short 19: [23.0, -31.0, 0.27, 0.23, 0.84, 1.59, 0.56, 0.03, 0.16, 0.09, -0.27, 3.5]
Long 19: [25.0, -32.0, 0.06, 0.07, 0.46, 0.44, 0.42, 0.41, -0.82, 0.28, -0.11, 1.21]
Short 19: [23.0, -32.0, 0.27, 0.23, 0.84, 1.59, 0.56, 0.03, 0.16, 0.09, -0.27, 3.5]
----------NEW THRESHOLDS----------
'policy_long': {13: False, 14: True, 15: True, 16: True, 17: False, 18: True, 19: False}
{'buy': {13: 29.0, 14: 77.0, 15: 42.0, 16: 34.0, 17: 14.0, 18: 10.0, 19: 25.0},
'sell': {13: -76.0, 14: -59.0, 15: -358.0, 16: -33.0, 17: -57.0, 18: -45.0, 19: -85.0},
'buy_to_cover': {13: 250.0, 14: 107.0, 15: 198.0, 16: 34.0, 17: 74.0, 18: 41.0, 19: 23.0},
'sell_short':{13: -76.0, 14: -59.0, 15: -358.0, 16: -33.0, 17: -57.0, 18: -45.0, 19: -85.0}}

2023-08-11
----------PREVIOUS THRESHOLDS----------
'prev policy_long': {13: False, 14: True, 15: True, 16: True, 17: False, 18: False, 19: False}
{'prev buy': {13: 29.0, 14: 46.0, 15: 41.0, 16: 34.0, 17: 71.0, 18: 41.0, 19: 23.0},
'prev sell': {13: -76.0, 14: -59.0, 15: -358.0, 16: -33.0, 17: -57.0, 18: -45.0, 19: -85.0},
'prev buy_to_cover': {13: 29.0, 14: 6.0, 15: 24.0, 16: 34.0, 17: 71.0, 18: 37.0, 19: 23.0},
'prev sell_short':{13: -76.0, 14: -59.0, 15: -358.0, 16: -33.0, 17: -57.0, 18: -45.0, 19: -85.0}}
Prev Long 13: [29.0, -76.0, -0.86, 0.0, 0.2, 0.12, -1.37, -0.49, -0.75, 0.43, -0.24, -2.96]
Prev Short 13: [29.0, -76.0, 0.0, 0.0, -1.62, 1.2, 0.0, 0.6, 0.0, 0.0, -0.06, 0.12]
Long 13: [29.0, -8.0, -0.07, 0.23, -0.59, 1.24, -0.16, 0.06, -0.24, 0.26, -0.29, 0.44]
Short 13: [250.0, 0.0, 1.22, 0.0, -1.22, 0.12, 1.71, 0.83, 1.17, -0.97, 0.39, 3.25]
Prev Long 14: [46.0, -59.0, 0.52, -0.76, 0.3, 0.46, -0.43, -0.26, -1.11, -0.36, 0.86, -0.78]
Prev Short 14: [6.0, -59.0, 0.24, 0.03, -0.06, -0.15, 0.33, -0.14, 0.06, 0.05, -0.14, 0.22]
Long 14: [77.0, -76.0, 0.52, 0.0, -0.19, 0.84, 1.05, 0.0, 0.0, 0.0, 0.0, 2.22]
Short 14: [107.0, -75.0, 0.0, 0.4, 0.36, -0.84, 0.13, 0.52, 0.0, 0.47, 0.38, 1.42]
Prev Long 15: [41.0, -358.0, 0.42, -0.45, 0.12, 0.0, 0.73, 0.17, 0.45, -0.46, 0.4, 1.38]
Prev Short 15: [24.0, -358.0, 0.0, 0.0, 0.0, 0.0, 0.0, 0.0, 0.0, 0.0, 0.0, 0.0]
Long 15: [42.0, -84.0, 0.42, -0.45, 0.23, 0.0, 0.81, 0.54, 0.45, -0.46, 0.4, 1.94]
Short 15: [198.0, -66.0, 0.03, 0.31, 0.37, 0.05, -0.63, 0.36, 0.0, 0.64, -0.2, 0.93]
Prev Long 16: [34.0, -33.0, 0.18, 0.87, 0.66, 0.05, 0.32, 0.37, 0.06, -1.3, -0.21, 1.0]
Prev Short 16: [34.0, -33.0, 0.35, 0.8, -0.43, 0.06, -1.18, -0.24, -0.1, -0.58, -0.07, -1.39]
Long 16: [34.0, -94.0, 0.18, 0.86, 1.09, 0.07, 1.49, 0.6, 0.16, -0.73, -0.14, 3.58]
Short 16: [34.0, -101.0, 0.35, 0.79, 0.0, 0.08, 0.0, 0.0, 0.0, 0.0, 0.0, 1.22]
Prev Long 17: [71.0, -57.0, 0.0, 0.02, 0.0, 0.0, 0.0, 0.02, 0.0, -0.44, 0.0, -0.4]
Prev Short 17: [71.0, -57.0, 0.5, -0.29, 0.69, 0.77, 0.33, 0.07, 0.24, -0.01, -0.23, 2.07]
Long 17: [14.0, -41.0, -0.11, 0.28, -0.23, -0.28, 0.5, -0.11, 0.7, -0.16, 0.23, 0.82]
Short 17: [74.0, -37.0, 0.5, -0.15, 0.69, 0.77, 0.33, 0.21, 0.24, 0.56, -0.11, 3.04]
Prev Long 18: [41.0, -45.0, 0.0, 0.0, 0.15, -0.39, 0.13, 0.55, 0.0, 0.03, 0.0, 0.47]
Prev Short 18: [37.0, -45.0, 0.08, 0.0, -0.29, 0.29, -0.12, 0.56, -0.07, -0.16, -0.15, 0.14]
Long 18: [10.0, -43.0, -0.39, 0.05, 0.57, -0.07, 0.1, 0.12, 0.34, 0.76, -0.02, 1.46]
Short 18: [41.0, -35.0, 0.31, 0.09, -0.24, 0.77, -0.12, 0.53, -0.07, 0.25, -0.15, 1.37]
Prev Long 19: [23.0, -85.0, -0.21, -0.16, -0.32, -1.34, 0.42, 0.41, -1.11, 0.19, -0.22, -2.34]
Prev Short 19: [23.0, -85.0, 0.0, 0.0, 0.0, -0.16, 0.0, 0.03, 0.0, 0.0, 0.0, -0.13]
Long 19: [25.0, -32.0, 0.06, 0.07, 0.46, 0.44, 0.42, 0.41, -0.82, 0.28, -0.11, 1.21]
Short 19: [23.0, -32.0, 0.27, 0.23, 0.84, 1.59, 0.56, 0.03, 0.16, 0.09, -0.27, 3.5]
----------NEW THRESHOLDS----------
'policy_long': {13: False, 14: True, 15: True, 16: True, 17: False, 18: True, 19: False}
{'buy': {13: 29.0, 14: 77.0, 15: 42.0, 16: 34.0, 17: 14.0, 18: 10.0, 19: 25.0},
'sell': {13: -8.0, 14: -76.0, 15: -84.0, 16: -94.0, 17: -41.0, 18: -43.0, 19: -32.0},
'buy_to_cover': {13: 250.0, 14: 107.0, 15: 198.0, 16: 34.0, 17: 74.0, 18: 41.0, 19: 23.0},
'sell_short':{13: -8.0, 14: -76.0, 15: -84.0, 16: -94.0, 17: -41.0, 18: -43.0, 19: -32.0}}

2023-08-11
----------PREVIOUS THRESHOLDS----------
'prev policy_long': {13: False, 14: True, 15: True, 16: True, 17: False, 18: False, 19: False}
{'prev buy': {13: 29.0, 14: 46.0, 15: 41.0, 16: 34.0, 17: 71.0, 18: 41.0, 19: 23.0},
'prev sell': {13: -76.0, 14: -59.0, 15: -358.0, 16: -33.0, 17: -57.0, 18: -45.0, 19: -85.0},
'prev buy_to_cover': {13: 29.0, 14: 6.0, 15: 24.0, 16: 34.0, 17: 71.0, 18: 37.0, 19: 23.0},
'prev sell_short':{13: -76.0, 14: -59.0, 15: -358.0, 16: -33.0, 17: -57.0, 18: -45.0, 19: -85.0}}
Prev Long 13: [29.0, -76.0, -0.86, 0.0, 0.2, 0.12, -1.37, -0.49, -0.75, 0.43, -0.24, -2.96]
Prev Short 13: [29.0, -76.0, 0.0, 0.0, -1.62, 1.2, 0.0, 0.6, 0.0, 0.0, -0.06, 0.12]
Long 13: [29.0, -8.0, -0.07, 0.23, -0.59, 1.24, -0.16, 0.06, -0.24, 0.26, -0.29, 0.44]
Short 13: [250.0, 0.0, 1.22, 0.0, -1.22, 0.12, 1.71, 0.83, 1.17, -0.97, 0.39, 3.25]
Prev Long 14: [46.0, -59.0, 0.52, -0.76, 0.3, 0.46, -0.43, -0.26, -1.11, -0.36, 0.86, -0.78]
Prev Short 14: [6.0, -59.0, 0.24, 0.03, -0.06, -0.15, 0.33, -0.14, 0.06, 0.05, -0.14, 0.22]
Long 14: [77.0, -76.0, 0.52, 0.0, -0.19, 0.84, 1.05, 0.0, 0.0, 0.0, 0.0, 2.22]
Short 14: [107.0, -75.0, 0.0, 0.4, 0.36, -0.84, 0.13, 0.52, 0.0, 0.47, 0.38, 1.42]
Prev Long 15: [41.0, -358.0, 0.42, -0.45, 0.12, 0.0, 0.73, 0.17, 0.45, -0.46, 0.4, 1.38]
Prev Short 15: [24.0, -358.0, 0.0, 0.0, 0.0, 0.0, 0.0, 0.0, 0.0, 0.0, 0.0, 0.0]
Long 15: [42.0, -84.0, 0.42, -0.45, 0.23, 0.0, 0.81, 0.54, 0.45, -0.46, 0.4, 1.94]
Short 15: [198.0, -66.0, 0.03, 0.31, 0.37, 0.05, -0.63, 0.36, 0.0, 0.64, -0.2, 0.93]
Prev Long 16: [34.0, -33.0, 0.18, 0.87, 0.66, 0.05, 0.32, 0.37, 0.06, -1.3, -0.21, 1.0]
Prev Short 16: [34.0, -33.0, 0.35, 0.8, -0.43, 0.06, -1.18, -0.24, -0.1, -0.58, -0.07, -1.39]
Long 16: [34.0, -94.0, 0.18, 0.86, 1.09, 0.07, 1.49, 0.6, 0.16, -0.73, -0.14, 3.58]
Short 16: [34.0, -101.0, 0.35, 0.79, 0.0, 0.08, 0.0, 0.0, 0.0, 0.0, 0.0, 1.22]
Prev Long 17: [71.0, -57.0, 0.0, 0.02, 0.0, 0.0, 0.0, 0.02, 0.0, -0.44, 0.0, -0.4]
Prev Short 17: [71.0, -57.0, 0.5, -0.29, 0.69, 0.77, 0.33, 0.07, 0.24, -0.01, -0.23, 2.07]
Long 17: [14.0, -41.0, -0.11, 0.28, -0.23, -0.28, 0.5, -0.11, 0.7, -0.16, 0.23, 0.82]
Short 17: [74.0, -37.0, 0.5, -0.15, 0.69, 0.77, 0.33, 0.21, 0.24, 0.56, -0.11, 3.04]
Prev Long 18: [41.0, -45.0, 0.0, 0.0, 0.15, -0.39, 0.13, 0.55, 0.0, 0.03, 0.0, 0.47]
Prev Short 18: [37.0, -45.0, 0.08, 0.0, -0.29, 0.29, -0.12, 0.56, -0.07, -0.16, -0.15, 0.14]
Long 18: [10.0, -43.0, -0.39, 0.05, 0.57, -0.07, 0.1, 0.12, 0.34, 0.76, -0.02, 1.46]
Short 18: [41.0, -35.0, 0.31, 0.09, -0.24, 0.77, -0.12, 0.53, -0.07, 0.25, -0.15, 1.37]
Prev Long 19: [23.0, -85.0, -0.21, -0.16, -0.32, -1.34, 0.42, 0.41, -1.11, 0.19, -0.22, -2.34]
Prev Short 19: [23.0, -85.0, 0.0, 0.0, 0.0, -0.16, 0.0, 0.03, 0.0, 0.0, 0.0, -0.13]
Long 19: [25.0, -32.0, 0.06, 0.07, 0.46, 0.44, 0.42, 0.41, -0.82, 0.28, -0.11, 1.21]
Short 19: [23.0, -32.0, 0.27, 0.23, 0.84, 1.59, 0.56, 0.03, 0.16, 0.09, -0.27, 3.5]
----------NEW THRESHOLDS----------
'policy_long': {13: False, 14: True, 15: True, 16: True, 17: False, 18: True, 19: False}
{'buy': {13: 29.0, 14: 77.0, 15: 42.0, 16: 34.0, 17: 14.0, 18: 10.0, 19: 25.0},
'sell': {13: -8.0, 14: -76.0, 15: -84.0, 16: -94.0, 17: -41.0, 18: -43.0, 19: -32.0},
'buy_to_cover': {13: 250.0, 14: 107.0, 15: 198.0, 16: 34.0, 17: 74.0, 18: 41.0, 19: 23.0},
'sell_short':{13: 0.0, 14: -75.0, 15: -66.0, 16: -101.0, 17: -37.0, 18: -35.0, 19: -32.0}}

