2023-08-01
----------PREVIOUS THRESHOLDS----------
'prev policy_long': {13: True, 14: False, 15: True, 16: False, 17: False, 18: True, 19: False}
{'prev buy': {13: 60.0, 14: 25.0, 15: 27.0, 16: 31.0, 17: 34.0, 18: 0.0, 19: 74.0},
'prev sell': {13: -337.0, 14: -33.0, 15: -475.0, 16: -28.0, 17: -40.0, 18: -10.0, 19: -446.0}
'prev buy_to_cover': {13: 24.0, 14: 26.0, 15: 9.0, 16: 31.0, 17: 34.0, 18: 0.0, 19: 60.0},
'prev sell_short':{13: -337.0, 14: -33.0, 15: -475.0, 16: -28.0, 17: -40.0, 18: -10.0, 19: -446.0}}
Prev Long 13: [60.0, -337.0, 0.0, 0.0]
Prev Short 13: [24.0, -57.0, 0.0, 0.0]
Long 13: [2.0, -42.0, 1.57, 1.57]
Short 13: [1.0, -41.0, 0.32, 0.32]
Prev Long 14: [25.0, -33.0, -0.13, -0.13]
Prev Short 14: [26.0, -34.0, -0.49, -0.49]
Long 14: [20.0, -41.0, 0.67, 0.67]
Short 14: [19.0, -26.0, 0.5, 0.5]
Prev Long 15: [27.0, -475.0, -0.39, -0.39]
Prev Short 15: [9.0, -95.0, 0.0, 0.0]
Long 15: [12.0, 0.0, 0.31, 0.31]
Short 15: [12.0, 0.0, 0.7, 0.7]
Prev Long 16: [31.0, -28.0, 0.09, 0.09]
Prev Short 16: [31.0, -29.0, -0.01, -0.01]
Long 16: [31.0, -93.0, 0.24, 0.24]
Short 16: [9.0, -25.0, 0.03, 0.03]
Prev Long 17: [34.0, -40.0, 0.0, 0.0]
Prev Short 17: [34.0, -38.0, 0.29, 0.29]
Long 17: [15.0, -3.0, 0.1, 0.1]
Short 17: [23.0, -54.0, 0.38, 0.38]
Prev Long 18: [0.0, -10.0, 0.1, 0.1]
Prev Short 18: [0.0, -10.0, 0.28, 0.28]
Long 18: [2.0, -1.0, 0.26, 0.26]
Short 18: [6.0, -6.0, 0.39, 0.39]
Prev Long 19: [74.0, -446.0, 0.0, 0.0]
Prev Short 19: [60.0, -5.0, 0.01, 0.01]
Long 19: [21.0, -51.0, 0.29, 0.29]
Short 19: [61.0, -35.0, 0.3, 0.3]
----------NEW THRESHOLDS----------
'policy_long': {13: True, 14: True, 15: False, 16: True, 17: False, 18: False, 19: False}
{'buy': {13: 2.0, 14: 20.0, 15: 12.0, 16: 31.0, 17: 15.0, 18: 2.0, 19: 21.0},
'sell': {13: -337.0, 14: -33.0, 15: -475.0, 16: -28.0, 17: -40.0, 18: -10.0, 19: -446.0},
'buy_to_cover': {13: 1.0, 14: 19.0, 15: 12.0, 16: 9.0, 17: 23.0, 18: 6.0, 19: 61.0},
'sell_short':{13: -337.0, 14: -33.0, 15: -475.0, 16: -28.0, 17: -40.0, 18: -10.0, 19: -446.0}}

