2023-08-01
----------PREVIOUS THRESHOLDS----------
'prev policy_long': {13: False, 14: False, 15: True, 16: False, 17: True, 18: True, 19: False}
{'prev buy': {13: 44.0, 14: 21.0, 15: 8.0, 16: 250.0, 17: 21.0, 18: 10.0, 19: 57.0},
'prev sell': {13: -440.0, 14: -5.0, 15: -288.0, 16: 0.0, 17: -240.0, 18: -17.0, 19: -40.0}
'prev buy_to_cover': {13: 17.0, 14: 19.0, 15: 44.0, 16: 250.0, 17: 499.0, 18: 5.0, 19: 54.0},
'prev sell_short':{13: -440.0, 14: -5.0, 15: -288.0, 16: 0.0, 17: -240.0, 18: -17.0, 19: -40.0}}
Prev Long 13: [44.0, -440.0, -2.45, -2.45]
Prev Short 13: [17.0, -17.0, 2.21, 2.21]
Long 13: [70.0, -20.0, 0.66, 0.66]
Short 13: [15.0, -21.0, 3.29, 3.29]
Prev Long 14: [21.0, -5.0, 4.64, 4.64]
Prev Short 14: [19.0, -8.0, -2.88, -2.88]
Long 14: [11.0, -406.0, 7.14, 7.14]
Short 14: [499.0, -499.0, 0.0, 0.0]
Prev Long 15: [8.0, -288.0, -2.3, -2.3]
Prev Short 15: [44.0, -72.0, 0.0, 0.0]
Long 15: [53.0, 0.0, 0.29, 0.29]
Short 15: [45.0, 0.0, 1.65, 1.65]
Prev Long 16: [250.0, 0.0, 0.0, 0.0]
Prev Short 16: [250.0, 0.0, -0.53, -0.53]
Long 16: [6.0, -8.0, 1.61, 1.61]
Short 16: [6.0, -5.0, 1.22, 1.22]
Prev Long 17: [21.0, -240.0, 0.0, 0.0]
Prev Short 17: [499.0, -499.0, 0.0, 0.0]
Long 17: [6.0, -232.0, 0.18, 0.18]
Short 17: [499.0, -499.0, 0.0, 0.0]
Prev Long 18: [10.0, -17.0, -1.11, -1.11]
Prev Short 18: [5.0, -17.0, -0.83, -0.83]
Long 18: [13.0, -371.0, 0.07, 0.07]
Short 18: [217.0, -1.0, 0.38, 0.38]
Prev Long 19: [57.0, -40.0, 0.0, 0.0]
Prev Short 19: [54.0, -2.0, 1.63, 1.63]
Long 19: [4.0, -3.0, 0.48, 0.48]
Short 19: [345.0, -2.0, 1.63, 1.63]
----------NEW THRESHOLDS----------
'policy_long': {13: False, 14: True, 15: False, 16: True, 17: True, 18: False, 19: False}
{'buy': {13: 70.0, 14: 11.0, 15: 53.0, 16: 6.0, 17: 6.0, 18: 13.0, 19: 4.0},
'sell': {13: -440.0, 14: -5.0, 15: -288.0, 16: 0.0, 17: -240.0, 18: -17.0, 19: -40.0},
'buy_to_cover': {13: 15.0, 14: 499.0, 15: 45.0, 16: 6.0, 17: 499.0, 18: 217.0, 19: 345.0},
'sell_short':{13: -440.0, 14: -5.0, 15: -288.0, 16: 0.0, 17: -240.0, 18: -17.0, 19: -40.0}}

2023-08-02
----------PREVIOUS THRESHOLDS----------
'prev policy_long': {13: False, 14: True, 15: False, 16: True, 17: True, 18: False, 19: False}
{'prev buy': {13: 70.0, 14: 11.0, 15: 53.0, 16: 6.0, 17: 6.0, 18: 13.0, 19: 4.0},
'prev sell': {13: -440.0, 14: -5.0, 15: -288.0, 16: 0.0, 17: -240.0, 18: -17.0, 19: -40.0},
'prev buy_to_cover': {13: 15.0, 14: 499.0, 15: 45.0, 16: 6.0, 17: 499.0, 18: 217.0, 19: 345.0},
'prev sell_short':{13: -440.0, 14: -5.0, 15: -288.0, 16: 0.0, 17: -240.0, 18: -17.0, 19: -40.0}}
Prev Long 13: [70.0, -440.0, -2.45, 0.0, -2.45]
Prev Short 13: [15.0, -440.0, 0.0, 0.0, 0.0]
Long 13: [55.0, -21.0, 0.66, 0.0, 0.66]
Short 13: [332.0, -20.0, 3.02, 0.0, 3.02]
Prev Long 14: [11.0, -5.0, 4.38, -3.39, 0.99]
Prev Short 14: [499.0, -5.0, -7.52, 3.74, -3.78]
Long 14: [13.0, -183.0, 7.14, -2.3, 4.84]
Short 14: [222.0, -176.0, 0.0, 1.98, 1.98]
Prev Long 15: [53.0, -288.0, -0.66, -1.89, -2.55]
Prev Short 15: [45.0, -288.0, 0.0, 0.0, 0.0]
Long 15: [56.0, 0.0, 0.29, 0.02, 0.31]
Short 15: [62.0, 0.0, 1.65, 6.77, 8.42]
Prev Long 16: [6.0, 0.0, -1.45, -1.21, -2.66]
Prev Short 16: [6.0, 0.0, -1.98, -2.38, -4.36]
Long 16: [13.0, -141.0, 1.03, 3.4, 4.43]
Short 16: [9.0, -63.0, 0.64, 0.45, 1.09]
Prev Long 17: [6.0, -240.0, 0.18, -0.94, -0.76]
Prev Short 17: [499.0, -240.0, 0.0, 0.0, 0.0]
Long 17: [6.0, 0.0, -0.22, 2.67, 2.45]
Short 17: [6.0, 0.0, -0.55, 2.42, 1.87]
Prev Long 18: [13.0, -17.0, -0.63, 1.55, 0.92]
Prev Short 18: [217.0, -17.0, -0.72, 0.0, -0.72]
Long 18: [0.0, -474.0, -0.62, 3.17, 2.55]
Short 18: [499.0, -499.0, 0.0, 0.0, 0.0]
Prev Long 19: [4.0, -40.0, -1.11, -1.05, -2.16]
Prev Short 19: [345.0, -40.0, 0.0, 0.0, 0.0]
Long 19: [29.0, -3.0, 0.35, 4.02, 4.37]
Short 19: [26.0, -3.0, 1.63, 5.07, 6.7]
----------NEW THRESHOLDS----------
'policy_long': {13: False, 14: True, 15: False, 16: True, 17: True, 18: True, 19: False}
{'buy': {13: 55.0, 14: 13.0, 15: 56.0, 16: 13.0, 17: 6.0, 18: 0.0, 19: 29.0},
'sell': {13: -440.0, 14: -5.0, 15: -288.0, 16: 0.0, 17: -240.0, 18: -17.0, 19: -40.0},
'buy_to_cover': {13: 332.0, 14: 222.0, 15: 62.0, 16: 9.0, 17: 6.0, 18: 499.0, 19: 26.0},
'sell_short':{13: -440.0, 14: -5.0, 15: -288.0, 16: 0.0, 17: -240.0, 18: -17.0, 19: -40.0}}

2023-08-03
----------PREVIOUS THRESHOLDS----------
'prev policy_long': {13: False, 14: True, 15: False, 16: True, 17: True, 18: True, 19: False}
{'prev buy': {13: 55.0, 14: 13.0, 15: 56.0, 16: 13.0, 17: 6.0, 18: 0.0, 19: 29.0},
'prev sell': {13: -440.0, 14: -5.0, 15: -288.0, 16: 0.0, 17: -240.0, 18: -17.0, 19: -40.0},
'prev buy_to_cover': {13: 332.0, 14: 222.0, 15: 62.0, 16: 9.0, 17: 6.0, 18: 499.0, 19: 26.0},
'prev sell_short':{13: -440.0, 14: -5.0, 15: -288.0, 16: 0.0, 17: -240.0, 18: -17.0, 19: -40.0}}
Prev Long 13: [55.0, -440.0, -2.45, 0.0, 3.86, 1.41]
Prev Short 13: [332.0, -440.0, 0.0, 0.0, -8.74, -8.74]
Long 13: [44.0, -61.0, -0.07, 0.0, 7.22, 7.15]
Short 13: [7.0, -38.0, 2.83, -0.24, -1.2, 1.39]
Prev Long 14: [13.0, -5.0, 4.41, -3.39, -0.85, 0.17]
Prev Short 14: [222.0, -5.0, -7.52, 3.74, 2.7, -1.08]
Long 14: [33.0, -198.0, 5.58, -1.06, 3.67, 8.19]
Short 14: [30.0, -140.0, -0.36, 1.98, 3.44, 5.06]
Prev Long 15: [56.0, -288.0, -0.66, -1.89, -0.5, -3.05]
Prev Short 15: [62.0, -288.0, 0.0, 0.0, 0.0, 0.0]
Long 15: [54.0, -2.0, -0.13, 0.02, 0.83, 0.72]
Short 15: [55.0, 0.0, 1.65, 6.77, 0.69, 9.11]
Prev Long 16: [13.0, 0.0, -0.65, -1.44, 0.37, -1.72]
Prev Short 16: [9.0, 0.0, -1.18, -1.74, -2.51, -5.43]
Long 16: [13.0, -191.0, 1.03, 3.4, 2.07, 6.5]
Short 16: [9.0, -65.0, 0.64, 0.45, 0.0, 1.09]
Prev Long 17: [6.0, -240.0, 0.18, -0.94, -3.54, -4.3]
Prev Short 17: [6.0, -240.0, 0.0, 0.0, 0.0, 0.0]
Long 17: [250.0, 0.0, 0.0, 0.0, 0.0, 0.0]
Short 17: [96.0, -9.0, -0.34, 1.1, 2.21, 2.97]
Prev Long 18: [0.0, -17.0, -0.87, 3.17, 0.28, 2.58]
Prev Short 18: [499.0, -17.0, -0.72, 0.0, -0.4, -1.12]
Long 18: [0.0, -45.0, -0.62, 3.17, 0.57, 3.12]
Short 18: [66.0, -19.0, -0.17, 0.0, 0.6, 0.43]
Prev Long 19: [29.0, -40.0, -1.36, 1.38, 0.0, 0.02]
Prev Short 19: [26.0, -40.0, 0.0, 0.0, 0.0, 0.0]
Long 19: [28.0, -3.0, 0.35, 4.02, 0.0, 4.37]
Short 19: [27.0, -2.0, 1.63, 4.96, 0.31, 6.9]
----------NEW THRESHOLDS----------
'policy_long': {13: True, 14: True, 15: False, 16: True, 17: False, 18: True, 19: False}
{'buy': {13: 44.0, 14: 33.0, 15: 54.0, 16: 13.0, 17: 250.0, 18: 0.0, 19: 28.0},
'sell': {13: -440.0, 14: -5.0, 15: -288.0, 16: 0.0, 17: -240.0, 18: -17.0, 19: -40.0},
'buy_to_cover': {13: 7.0, 14: 30.0, 15: 55.0, 16: 9.0, 17: 96.0, 18: 66.0, 19: 27.0},
'sell_short':{13: -440.0, 14: -5.0, 15: -288.0, 16: 0.0, 17: -240.0, 18: -17.0, 19: -40.0}}

2023-08-04
----------PREVIOUS THRESHOLDS----------
'prev policy_long': {13: True, 14: True, 15: False, 16: True, 17: False, 18: True, 19: False}
{'prev buy': {13: 44.0, 14: 33.0, 15: 54.0, 16: 13.0, 17: 250.0, 18: 0.0, 19: 28.0},
'prev sell': {13: -440.0, 14: -5.0, 15: -288.0, 16: 0.0, 17: -240.0, 18: -17.0, 19: -40.0},
'prev buy_to_cover': {13: 7.0, 14: 30.0, 15: 55.0, 16: 9.0, 17: 96.0, 18: 66.0, 19: 27.0},
'prev sell_short':{13: -440.0, 14: -5.0, 15: -288.0, 16: 0.0, 17: -240.0, 18: -17.0, 19: -40.0}}
Prev Long 13: [44.0, -440.0, -2.45, 0.0, 7.22, -7.08, -2.31]
Prev Short 13: [7.0, -38.0, 2.83, -0.24, -1.2, -3.98, -2.59]
Long 13: [43.0, -21.0, 0.66, 0.0, 4.28, -1.27, 3.67]
Short 13: [499.0, -499.0, 0.0, 0.0, 0.0, 0.0, 0.0]
Prev Long 14: [33.0, -5.0, 0.37, -1.44, 0.2, 1.93, 1.06]
Prev Short 14: [30.0, -140.0, -0.36, 1.98, 3.44, -0.52, 4.54]
Long 14: [12.0, -32.0, 6.66, -2.62, 2.56, 5.68, 12.28]
Short 14: [29.0, -160.0, -0.36, 1.98, 3.44, -0.52, 4.54]
Prev Long 15: [54.0, -288.0, -0.66, -1.89, -0.5, 0.0, -3.05]
Prev Short 15: [55.0, 0.0, 1.65, 6.77, 0.69, -1.85, 7.26]
Long 15: [54.0, -2.0, -0.13, 0.02, 0.83, 0.0, 0.72]
Short 15: [57.0, -2.0, 0.31, 7.15, 1.27, -0.84, 7.89]
Prev Long 16: [13.0, 0.0, -0.65, -1.44, 0.37, 0.95, -0.77]
Prev Short 16: [9.0, -65.0, 0.64, 0.45, 0.0, 0.0, 1.09]
Long 16: [13.0, -189.0, 1.03, 3.4, 2.07, 3.76, 10.26]
Short 16: [11.0, -65.0, 0.64, 0.45, 0.0, 0.0, 1.09]
Prev Long 17: [250.0, -240.0, 0.0, 0.0, 0.0, 0.0, 0.0]
Prev Short 17: [96.0, -9.0, -0.34, 1.1, 2.21, 2.95, 5.92]
Long 17: [250.0, 0.0, 0.0, 0.0, 0.0, 0.0, 0.0]
Short 17: [142.0, -7.0, -0.34, 1.1, 2.21, 2.95, 5.92]
Prev Long 18: [0.0, -17.0, -0.87, 3.17, 0.28, -4.75, -2.17]
Prev Short 18: [66.0, -19.0, -0.17, 0.0, 0.6, 3.88, 4.31]
Long 18: [15.0, -31.0, 0.07, 1.55, 0.31, 0.2, 2.13]
Short 18: [41.0, -19.0, -0.17, 0.0, 0.6, 3.94, 4.37]
Prev Long 19: [28.0, -40.0, -1.36, 1.38, 0.0, -0.32, -0.3]
Prev Short 19: [27.0, -2.0, 1.63, 4.96, 0.31, -0.96, 5.94]
Long 19: [29.0, -2.0, 0.35, 3.91, 0.0, -0.44, 3.82]
Short 19: [30.0, -2.0, 1.63, 4.96, 0.31, -0.96, 5.94]
----------NEW THRESHOLDS----------
'policy_long': {13: True, 14: True, 15: False, 16: True, 17: False, 18: False, 19: False}
{'buy': {13: 43.0, 14: 12.0, 15: 54.0, 16: 13.0, 17: 250.0, 18: 15.0, 19: 29.0},
'sell': {13: -440.0, 14: -5.0, 15: -288.0, 16: 0.0, 17: -240.0, 18: -17.0, 19: -40.0},
'buy_to_cover': {13: 499.0, 14: 29.0, 15: 57.0, 16: 11.0, 17: 142.0, 18: 41.0, 19: 30.0},
'sell_short':{13: -440.0, 14: -5.0, 15: -288.0, 16: 0.0, 17: -240.0, 18: -17.0, 19: -40.0}}

2023-08-07
----------PREVIOUS THRESHOLDS----------
'prev policy_long': {13: True, 14: True, 15: False, 16: True, 17: False, 18: False, 19: False}
{'prev buy': {13: 43.0, 14: 12.0, 15: 54.0, 16: 13.0, 17: 250.0, 18: 15.0, 19: 29.0},
'prev sell': {13: -440.0, 14: -5.0, 15: -288.0, 16: 0.0, 17: -240.0, 18: -17.0, 19: -40.0},
'prev buy_to_cover': {13: 499.0, 14: 29.0, 15: 57.0, 16: 11.0, 17: 142.0, 18: 41.0, 19: 30.0},
'prev sell_short':{13: -440.0, 14: -5.0, 15: -288.0, 16: 0.0, 17: -240.0, 18: -17.0, 19: -40.0}}
Prev Long 13: [43.0, -440.0, -2.45, 0.0, 7.22, -7.08, -0.96, -3.27]
Prev Short 13: [499.0, -499.0, 0.0, 0.0, 0.0, 0.0, 0.0, 0.0]
Long 13: [43.0, -21.0, 0.66, 0.0, 4.28, -1.27, 0.09, 3.76]
Short 13: [35.0, -23.0, 2.77, 0.0, -4.46, 1.37, 1.2, 0.88]
Prev Long 14: [12.0, -5.0, 4.38, -3.39, -0.85, 4.15, -0.53, 3.76]
Prev Short 14: [29.0, -160.0, -0.36, 1.98, 3.44, -0.52, 0.0, 4.54]
Long 14: [12.0, -31.0, 6.66, -2.62, 2.56, 5.68, 1.02, 13.3]
Short 14: [31.0, -31.0, -0.63, 1.66, 3.9, -0.56, 0.27, 4.64]
Prev Long 15: [54.0, -288.0, -0.66, -1.89, -0.5, 0.0, 0.0, -3.05]
Prev Short 15: [57.0, -2.0, 0.31, 7.15, 1.27, -0.84, -0.52, 7.37]
Long 15: [54.0, -2.0, -0.13, 0.02, 0.83, 0.0, 0.0, 0.72]
Short 15: [55.0, -1.0, 0.02, 7.15, 1.27, -0.84, -0.2, 7.4]
Prev Long 16: [13.0, 0.0, -0.65, -1.44, 0.37, 0.95, 0.0, -0.77]
Prev Short 16: [11.0, -65.0, 0.64, 0.45, 0.0, 0.0, 0.0, 1.09]
Long 16: [13.0, -178.0, 1.03, 3.4, 2.07, 3.76, 0.0, 10.26]
Short 16: [9.0, -28.0, 0.64, -0.26, -0.57, 0.0, 2.31, 2.12]
Prev Long 17: [250.0, -240.0, 0.0, 0.0, 0.0, 0.0, 0.0, 0.0]
Prev Short 17: [142.0, -7.0, -0.34, 1.1, 2.21, 2.95, 0.24, 6.16]
Long 17: [75.0, -213.0, 0.0, 0.0, 0.0, 0.0, 0.25, 0.25]
Short 17: [495.0, -8.0, -0.34, 1.1, 2.21, 2.95, 0.24, 6.16]
Prev Long 18: [15.0, -17.0, -0.63, 1.55, 0.21, 0.28, 0.62, 2.03]
Prev Short 18: [41.0, -19.0, -0.17, 0.0, 0.6, 3.94, -1.46, 2.91]
Long 18: [15.0, -22.0, -0.08, 1.55, 0.31, 0.2, 0.89, 2.87]
Short 18: [15.0, -18.0, -0.15, 0.0, -0.04, 4.33, -0.41, 3.73]
Prev Long 19: [29.0, -40.0, -1.36, 1.38, 0.0, -0.32, 0.0, -0.3]
Prev Short 19: [30.0, -2.0, 1.63, 4.96, 0.31, -0.96, -4.44, 1.5]
Long 19: [8.0, -40.0, -1.11, 1.38, 0.98, 1.05, 3.5, 5.8]
Short 19: [26.0, -2.0, 1.63, 4.96, 0.31, -0.96, -4.44, 1.5]
----------NEW THRESHOLDS----------
'policy_long': {13: True, 14: True, 15: False, 16: True, 17: False, 18: False, 19: True}
{'buy': {13: 43.0, 14: 12.0, 15: 54.0, 16: 13.0, 17: 75.0, 18: 15.0, 19: 8.0},
'sell': {13: -440.0, 14: -5.0, 15: -288.0, 16: 0.0, 17: -240.0, 18: -17.0, 19: -40.0},
'buy_to_cover': {13: 35.0, 14: 31.0, 15: 55.0, 16: 9.0, 17: 495.0, 18: 15.0, 19: 26.0},
'sell_short':{13: -440.0, 14: -5.0, 15: -288.0, 16: 0.0, 17: -240.0, 18: -17.0, 19: -40.0}}

2023-08-08
----------PREVIOUS THRESHOLDS----------
'prev policy_long': {13: True, 14: True, 15: False, 16: True, 17: False, 18: False, 19: True}
{'prev buy': {13: 43.0, 14: 12.0, 15: 54.0, 16: 13.0, 17: 75.0, 18: 15.0, 19: 8.0},
'prev sell': {13: -440.0, 14: -5.0, 15: -288.0, 16: 0.0, 17: -240.0, 18: -17.0, 19: -40.0},
'prev buy_to_cover': {13: 35.0, 14: 31.0, 15: 55.0, 16: 9.0, 17: 495.0, 18: 15.0, 19: 26.0},
'prev sell_short':{13: -440.0, 14: -5.0, 15: -288.0, 16: 0.0, 17: -240.0, 18: -17.0, 19: -40.0}}
Prev Long 13: [43.0, -440.0, -2.45, 0.0, 7.22, -7.08, -0.96, -1.36, -4.63]
Prev Short 13: [35.0, -23.0, 2.77, 0.0, -4.46, 1.37, 1.2, 2.65, 3.53]
Long 13: [44.0, -27.0, 0.41, 0.0, 4.28, -1.27, 0.09, 1.62, 5.13]
Short 13: [34.0, -175.0, 0.0, 0.0, -1.27, 0.0, 0.0, 4.87, 3.6]
Prev Long 14: [12.0, -5.0, 4.38, -3.39, -0.85, 4.15, -0.53, -2.04, 1.72]
Prev Short 14: [31.0, -31.0, -0.63, 1.66, 3.9, -0.56, 0.27, 0.55, 5.19]
Long 14: [38.0, -179.0, 5.58, -1.06, 3.67, 2.8, -0.27, 0.3, 11.02]
Short 14: [28.0, -58.0, -0.63, 1.98, 3.37, -0.52, 0.27, 1.56, 6.03]
Prev Long 15: [54.0, -288.0, -0.66, -1.89, -0.5, 0.0, 0.0, -3.14, -6.19]
Prev Short 15: [55.0, -1.0, 0.02, 7.15, 1.27, -0.84, -0.2, 1.27, 8.67]
Long 15: [69.0, 0.0, 0.29, 0.02, 0.0, 0.0, 0.0, 0.48, 0.79]
Short 15: [69.0, 0.0, 1.65, 6.77, 0.44, -1.85, -0.13, 3.52, 10.4]
Prev Long 16: [13.0, 0.0, -0.65, -1.44, 0.37, 0.95, 0.0, -0.73, -1.5]
Prev Short 16: [9.0, -28.0, 0.64, -0.26, -0.57, 0.0, 2.31, 1.24, 3.36]
Long 16: [13.0, -177.0, 1.03, 3.4, 2.07, 3.76, 0.0, -0.61, 9.65]
Short 16: [9.0, -27.0, 0.64, -0.26, -0.57, 0.0, 2.31, 1.24, 3.36]
Prev Long 17: [75.0, -240.0, 0.0, 0.0, 0.0, 0.0, 0.25, 0.0, 0.25]
Prev Short 17: [495.0, -8.0, -0.34, 1.1, 2.21, 2.95, 0.24, -3.18, 2.98]
Long 17: [8.0, 0.0, -0.67, 1.17, -2.4, 0.6, 0.35, 1.88, 0.93]
Short 17: [8.0, 0.0, -1.0, 0.92, 0.93, 3.68, 0.59, -0.21, 4.91]
Prev Long 18: [15.0, -17.0, -0.63, 1.55, 0.21, 0.28, 0.62, -0.06, 1.97]
Prev Short 18: [15.0, -18.0, -0.15, 0.0, -0.04, 4.33, -0.41, -0.5, 3.23]
Long 18: [15.0, -23.0, -0.08, 1.55, 0.31, 0.2, 0.89, 0.38, 3.25]
Short 18: [15.0, -22.0, -0.15, 0.0, 0.06, 4.21, -0.41, -0.06, 3.65]
Prev Long 19: [8.0, -40.0, -1.11, 1.38, 0.98, 1.05, 3.5, 0.14, 5.94]
Prev Short 19: [26.0, -2.0, 1.63, 4.96, 0.31, -0.96, -4.44, -0.58, 0.92]
Long 19: [8.0, -40.0, -1.11, 1.38, 0.98, 1.05, 3.5, 0.14, 5.94]
Short 19: [27.0, -2.0, 1.63, 4.96, 0.31, -0.96, -4.44, -0.58, 0.92]
----------NEW THRESHOLDS----------
'policy_long': {13: True, 14: True, 15: False, 16: True, 17: False, 18: False, 19: True}
{'buy': {13: 44.0, 14: 38.0, 15: 69.0, 16: 13.0, 17: 8.0, 18: 15.0, 19: 8.0},
'sell': {13: -440.0, 14: -5.0, 15: -288.0, 16: 0.0, 17: -240.0, 18: -17.0, 19: -40.0},
'buy_to_cover': {13: 34.0, 14: 28.0, 15: 69.0, 16: 9.0, 17: 8.0, 18: 15.0, 19: 27.0},
'sell_short':{13: -440.0, 14: -5.0, 15: -288.0, 16: 0.0, 17: -240.0, 18: -17.0, 19: -40.0}}

2023-08-09
----------PREVIOUS THRESHOLDS----------
'prev policy_long': {13: True, 14: True, 15: False, 16: True, 17: False, 18: False, 19: True}
{'prev buy': {13: 44.0, 14: 38.0, 15: 69.0, 16: 13.0, 17: 8.0, 18: 15.0, 19: 8.0},
'prev sell': {13: -440.0, 14: -5.0, 15: -288.0, 16: 0.0, 17: -240.0, 18: -17.0, 19: -40.0},
'prev buy_to_cover': {13: 34.0, 14: 28.0, 15: 69.0, 16: 9.0, 17: 8.0, 18: 15.0, 19: 27.0},
'prev sell_short':{13: -440.0, 14: -5.0, 15: -288.0, 16: 0.0, 17: -240.0, 18: -17.0, 19: -40.0}}
Prev Long 13: [44.0, -440.0, -2.45, 0.0, 7.22, -7.08, -0.96, -1.36, 0.0, -4.63]
Prev Short 13: [34.0, -440.0, 0.0, 0.0, -1.27, 0.0, 0.0, 0.0, 0.0, -1.27]
Long 13: [44.0, -23.0, 0.41, 0.0, 4.28, -1.27, 0.09, 1.62, 0.0, 5.13]
Short 13: [35.0, -23.0, 2.77, 0.0, -4.46, 1.37, 1.2, 2.65, 2.71, 6.24]
Prev Long 14: [38.0, -5.0, 0.37, -1.31, 0.2, 1.93, -0.27, -0.37, -0.17, 0.38]
Prev Short 14: [28.0, -5.0, -7.15, 2.3, 0.49, -1.64, -3.11, 0.15, 10.02, 1.06]
Long 14: [30.0, -38.0, 5.1, -1.38, 3.61, 2.76, -0.88, -0.04, -0.73, 8.44]
Short 14: [31.0, -38.0, -0.63, 1.66, 3.38, -0.56, 0.27, 1.56, 9.64, 15.32]
Prev Long 15: [69.0, -288.0, -0.66, -1.89, 0.0, 0.0, 0.0, -3.14, -0.46, -6.15]
Prev Short 15: [69.0, -288.0, 0.0, 0.0, 0.0, 0.0, 0.0, 0.0, -2.01, -2.01]
Long 15: [69.0, 0.0, 0.29, 0.02, 0.0, 0.0, 0.0, 0.48, -0.02, 0.77]
Short 15: [69.0, 0.0, 1.65, 6.77, 0.44, -1.85, -0.13, 3.52, -2.2, 8.2]
Prev Long 16: [13.0, 0.0, -0.65, -1.44, 0.37, 0.95, 0.0, -0.73, 0.02, -1.48]
Prev Short 16: [9.0, 0.0, -1.18, -1.74, -2.51, -1.96, 3.63, -1.46, 1.75, -3.47]
Long 16: [13.0, -135.0, 1.03, 3.4, 2.07, 3.76, 0.0, -0.61, -1.16, 8.49]
Short 16: [9.0, -28.0, 0.64, -0.26, -0.57, 0.0, 2.31, 1.24, 0.98, 4.34]
Prev Long 17: [8.0, -240.0, -0.57, -0.94, -3.54, -2.15, 0.25, 1.73, -0.97, -6.19]
Prev Short 17: [8.0, -240.0, 0.0, 0.0, 0.0, 0.0, 0.0, 0.0, 0.0, 0.0]
Long 17: [75.0, -213.0, 0.0, 0.0, 0.0, 0.0, 0.25, 0.0, 0.0, 0.25]
Short 17: [167.0, -1.0, -0.34, -0.4, 3.33, 2.95, 0.24, -1.98, -1.9, 1.9]
Prev Long 18: [15.0, -17.0, -0.63, 1.55, 0.21, 0.28, 0.62, -0.06, -3.3, -1.33]
Prev Short 18: [15.0, -17.0, -0.7, 0.0, -0.04, 4.33, -0.68, 0.44, -0.72, 2.63]
Long 18: [65.0, -18.0, 0.0, 0.0, 1.51, -0.03, 0.0, 0.0, 0.0, 1.48]
Short 18: [63.0, -16.0, -0.72, 0.0, 0.6, 3.88, -1.3, 0.38, 2.43, 5.27]
Prev Long 19: [8.0, -40.0, -1.11, 1.38, 0.98, 1.05, 3.5, 0.14, -4.42, 1.52]
Prev Short 19: [27.0, -40.0, 0.0, 0.0, 0.0, 0.48, 0.0, 0.0, 0.0, 0.48]
Long 19: [44.0, -21.0, 0.0, 2.96, 0.0, -0.53, 0.0, -0.38, -0.47, 1.58]
Short 19: [30.0, -2.0, 1.63, 4.96, 0.31, -0.96, -4.44, -0.58, 1.99, 2.91]
----------NEW THRESHOLDS----------
'policy_long': {13: False, 14: False, 15: False, 16: True, 17: False, 18: False, 19: False}
{'buy': {13: 44.0, 14: 30.0, 15: 69.0, 16: 13.0, 17: 75.0, 18: 65.0, 19: 44.0},
'sell': {13: -440.0, 14: -5.0, 15: -288.0, 16: 0.0, 17: -240.0, 18: -17.0, 19: -40.0},
'buy_to_cover': {13: 35.0, 14: 31.0, 15: 69.0, 16: 9.0, 17: 167.0, 18: 63.0, 19: 30.0},
'sell_short':{13: -440.0, 14: -5.0, 15: -288.0, 16: 0.0, 17: -240.0, 18: -17.0, 19: -40.0}}

2023-08-10
----------PREVIOUS THRESHOLDS----------
'prev policy_long': {13: False, 14: False, 15: False, 16: True, 17: False, 18: False, 19: False}
{'prev buy': {13: 44.0, 14: 30.0, 15: 69.0, 16: 13.0, 17: 75.0, 18: 65.0, 19: 44.0},
'prev sell': {13: -440.0, 14: -5.0, 15: -288.0, 16: 0.0, 17: -240.0, 18: -17.0, 19: -40.0},
'prev buy_to_cover': {13: 35.0, 14: 31.0, 15: 69.0, 16: 9.0, 17: 167.0, 18: 63.0, 19: 30.0},
'prev sell_short':{13: -440.0, 14: -5.0, 15: -288.0, 16: 0.0, 17: -240.0, 18: -17.0, 19: -40.0}}
Prev Long 13: [44.0, -440.0, -2.45, 0.0, 7.22, -7.08, -0.96, -1.36, 0.0, 5.53, 0.9]
Prev Short 13: [35.0, -23.0, 2.77, 0.0, -4.46, 1.37, 1.2, 2.65, 2.71, -8.87, -2.63]
Long 13: [43.0, -24.0, 0.41, 0.0, 4.28, -1.27, 0.09, 1.62, 0.0, 4.25, 9.38]
Short 13: [35.0, -28.0, 2.77, 0.0, -4.46, 1.37, 1.2, 2.65, 2.71, -8.87, -2.63]
Prev Long 14: [30.0, -5.0, 0.37, -1.44, 0.2, 1.64, -1.41, -0.61, -0.17, 0.0, -1.42]
Prev Short 14: [31.0, -38.0, -0.63, 1.66, 3.38, -0.56, 0.27, 1.56, 9.64, 7.2, 22.52]
Long 14: [30.0, -36.0, 5.1, -1.38, 3.61, 2.76, -0.88, -0.04, -0.73, 0.0, 8.44]
Short 14: [31.0, -38.0, -0.63, 1.66, 3.38, -0.56, 0.27, 1.56, 9.64, 7.2, 22.52]
Prev Long 15: [69.0, -288.0, -0.66, -1.89, 0.0, 0.0, 0.0, -3.14, -0.46, -4.74, -10.89]
Prev Short 15: [69.0, 0.0, 1.65, 6.77, 0.44, -1.85, -0.13, 3.52, -2.2, 2.63, 10.83]
Long 15: [168.0, 0.0, 0.0, 0.0, 0.0, 0.0, 0.0, 0.29, -0.02, 0.0, 0.27]
Short 15: [126.0, 0.0, 1.36, 6.75, 0.44, -1.85, -0.13, 3.52, -2.2, 3.65, 11.54]
Prev Long 16: [13.0, 0.0, -0.65, -1.44, 0.37, 0.95, 0.0, -0.73, 0.02, -0.88, -2.36]
Prev Short 16: [9.0, -28.0, 0.64, -0.26, -0.57, 0.0, 2.31, 1.24, 0.98, 0.69, 5.03]
Long 16: [13.0, -43.0, 1.03, 3.4, 0.37, 3.76, 0.0, -0.61, 0.05, 1.62, 9.62]
Short 16: [9.0, -28.0, 0.64, -0.26, -0.57, 0.0, 2.31, 1.24, 0.98, 0.69, 5.03]
Prev Long 17: [75.0, -240.0, 0.0, 0.0, 0.0, 0.0, 0.25, 0.0, 0.0, 0.0, 0.25]
Prev Short 17: [167.0, -1.0, -0.34, -0.4, 3.33, 2.95, 0.24, -1.98, -1.9, 1.61, 3.51]
Long 17: [75.0, -213.0, 0.0, 0.0, 0.0, 0.0, 0.25, 0.0, 0.0, 0.0, 0.25]
Short 17: [236.0, -1.0, -0.34, -0.4, 3.33, 2.95, 0.24, -1.98, -1.9, 1.61, 3.51]
Prev Long 18: [65.0, -17.0, 0.0, 0.0, 1.51, -0.03, 0.0, 0.0, 0.0, 0.0, 1.48]
Prev Short 18: [63.0, -16.0, -0.72, 0.0, 0.6, 3.88, -1.3, 0.38, 2.43, -1.86, 3.41]
Long 18: [0.0, -430.0, -0.62, 3.17, 0.51, -4.62, 0.31, 0.81, -0.8, 4.2, 2.96]
Short 18: [61.0, -14.0, -0.72, 0.0, 0.6, 3.88, -1.3, 0.38, 2.43, -1.86, 3.41]
Prev Long 19: [44.0, -40.0, 0.0, 2.54, 0.0, -0.53, 0.0, -0.49, -0.47, -0.81, 0.24]
Prev Short 19: [30.0, -2.0, 1.63, 4.96, 0.31, -0.96, -4.44, -0.58, 1.99, 1.37, 4.28]
Long 19: [44.0, -16.0, 0.0, 2.96, 0.0, -0.53, 0.0, -0.38, -0.47, 1.03, 2.61]
Short 19: [43.0, -2.0, 1.63, 2.6, 0.31, -0.72, -4.44, -0.58, 3.8, 2.16, 4.76]
----------NEW THRESHOLDS----------
'policy_long': {13: True, 14: False, 15: False, 16: True, 17: False, 18: False, 19: False}
{'buy': {13: 43.0, 14: 30.0, 15: 168.0, 16: 13.0, 17: 75.0, 18: 0.0, 19: 44.0},
'sell': {13: -440.0, 14: -5.0, 15: -288.0, 16: 0.0, 17: -240.0, 18: -17.0, 19: -40.0},
'buy_to_cover': {13: 35.0, 14: 31.0, 15: 126.0, 16: 9.0, 17: 236.0, 18: 61.0, 19: 43.0},
'sell_short':{13: -440.0, 14: -5.0, 15: -288.0, 16: 0.0, 17: -240.0, 18: -17.0, 19: -40.0}}

2023-08-11
----------PREVIOUS THRESHOLDS----------
'prev policy_long': {13: True, 14: False, 15: False, 16: True, 17: False, 18: False, 19: False}
{'prev buy': {13: 43.0, 14: 30.0, 15: 168.0, 16: 13.0, 17: 75.0, 18: 0.0, 19: 44.0},
'prev sell': {13: -440.0, 14: -5.0, 15: -288.0, 16: 0.0, 17: -240.0, 18: -17.0, 19: -40.0},
'prev buy_to_cover': {13: 35.0, 14: 31.0, 15: 126.0, 16: 9.0, 17: 236.0, 18: 61.0, 19: 43.0},
'prev sell_short':{13: -440.0, 14: -5.0, 15: -288.0, 16: 0.0, 17: -240.0, 18: -17.0, 19: -40.0}}
Prev Long 13: [43.0, -440.0, -2.45, 0.0, 7.22, -7.08, -0.96, -1.36, 0.0, 5.53, -1.13, -0.23]
Prev Short 13: [35.0, -28.0, 2.77, 0.0, -4.46, 1.37, 1.2, 2.65, 2.71, -8.87, 0.54, -2.09]
Long 13: [43.0, -26.0, 0.41, 0.0, 4.28, -1.27, 0.09, 1.62, 0.0, 4.25, 0.75, 10.13]
Short 13: [34.0, -26.0, 2.77, 0.0, -4.46, 1.37, 1.2, 2.65, 2.71, -8.87, 1.57, -1.06]
Prev Long 14: [30.0, -5.0, 0.37, -1.44, 0.2, 1.64, -1.41, -0.61, -0.17, 0.0, -1.81, -3.23]
Prev Short 14: [31.0, -38.0, -0.63, 1.66, 3.38, -0.56, 0.27, 1.56, 9.64, 7.2, 2.16, 24.68]
Long 14: [30.0, -38.0, 5.1, -1.38, 3.61, 2.76, -0.88, -0.04, -0.73, 0.0, 0.21, 8.65]
Short 14: [31.0, -37.0, -0.63, 1.66, 3.38, -0.56, 0.27, 1.56, 9.64, 7.2, 2.16, 24.68]
Prev Long 15: [168.0, -288.0, 0.0, 0.0, 0.0, 0.0, 0.0, -3.25, -0.46, 0.0, 0.0, -3.71]
Prev Short 15: [126.0, 0.0, 1.36, 6.75, 0.44, -1.85, -0.13, 3.52, -2.2, 3.65, 5.12, 16.66]
Long 15: [168.0, 0.0, 0.0, 0.0, 0.0, 0.0, 0.0, 0.29, -0.02, 0.0, 0.0, 0.27]
Short 15: [155.0, 0.0, 1.36, 6.75, 0.44, -1.85, -0.13, 3.52, -2.2, 3.65, 5.12, 16.66]
Prev Long 16: [13.0, 0.0, -0.65, -1.44, 0.37, 0.95, 0.0, -0.73, 0.02, -0.88, 1.13, -1.23]
Prev Short 16: [9.0, -28.0, 0.64, -0.26, -0.57, 0.0, 2.31, 1.24, 0.98, 0.69, 1.01, 6.04]
Long 16: [13.0, -49.0, 1.03, 3.4, 0.37, 3.76, 0.0, -0.61, 0.05, 1.62, -0.25, 9.37]
Short 16: [9.0, -28.0, 0.64, -0.26, -0.57, 0.0, 2.31, 1.24, 0.98, 0.69, 1.01, 6.04]
Prev Long 17: [75.0, -240.0, 0.0, 0.0, 0.0, 0.0, 0.25, 0.0, 0.0, 0.0, 1.23, 1.48]
Prev Short 17: [236.0, -1.0, -0.34, -0.4, 3.33, 2.95, 0.24, -1.98, -1.9, 1.61, -0.18, 3.33]
Long 17: [112.0, -12.0, 0.0, 0.0, 0.0, 0.0, 0.0, 0.0, 0.0, 0.0, 2.4, 2.4]
Short 17: [109.0, -9.0, -0.34, 1.1, 2.21, 2.95, 0.24, -3.18, -1.9, 1.61, 1.94, 4.63]
Prev Long 18: [0.0, -17.0, -0.87, 3.17, 0.28, -4.75, -0.26, 0.73, -0.86, 1.49, -0.57, -1.64]
Prev Short 18: [61.0, -14.0, -0.72, 0.0, 0.6, 3.88, -1.3, 0.38, 2.43, -1.86, 0.17, 3.58]
Long 18: [64.0, -21.0, 0.0, 0.0, 1.51, -0.03, 0.0, 0.0, 0.0, 0.68, 0.0, 2.16]
Short 18: [63.0, -16.0, -0.72, 0.0, 0.6, 3.88, -1.3, 0.38, 2.43, -1.86, 0.17, 3.58]
Prev Long 19: [44.0, -40.0, 0.0, 2.54, 0.0, -0.53, 0.0, -0.49, -0.47, -0.81, -2.16, -1.92]
Prev Short 19: [43.0, -2.0, 1.63, 2.6, 0.31, -0.72, -4.44, -0.58, 3.8, 2.16, 0.13, 4.89]
Long 19: [112.0, -24.0, 0.0, 0.0, 0.0, 0.0, 0.0, 0.0, 0.0, 0.49, -0.2, 0.29]
Short 19: [118.0, -2.0, 1.63, 1.05, 0.31, -0.52, -4.44, 0.0, 4.21, 1.62, 1.04, 4.9]
----------NEW THRESHOLDS----------
'policy_long': {13: True, 14: False, 15: False, 16: True, 17: False, 18: False, 19: False}
{'buy': {13: 43.0, 14: 30.0, 15: 168.0, 16: 13.0, 17: 112.0, 18: 64.0, 19: 112.0},
'sell': {13: -440.0, 14: -5.0, 15: -288.0, 16: 0.0, 17: -240.0, 18: -17.0, 19: -40.0},
'buy_to_cover': {13: 34.0, 14: 31.0, 15: 155.0, 16: 9.0, 17: 109.0, 18: 63.0, 19: 118.0},
'sell_short':{13: -440.0, 14: -5.0, 15: -288.0, 16: 0.0, 17: -240.0, 18: -17.0, 19: -40.0}}

2023-08-11
----------PREVIOUS THRESHOLDS----------
'prev policy_long': {13: True, 14: True, 15: False, 16: True, 17: False, 18: False, 19: True}
{'prev buy': {13: 44.0, 14: 38.0, 15: 69.0, 16: 13.0, 17: 8.0, 18: 15.0, 19: 8.0},
'prev sell': {13: -440.0, 14: -5.0, 15: -288.0, 16: 0.0, 17: -240.0, 18: -17.0, 19: -40.0},
'prev buy_to_cover': {13: 34.0, 14: 28.0, 15: 69.0, 16: 9.0, 17: 8.0, 18: 15.0, 19: 27.0},
'prev sell_short':{13: -440.0, 14: -5.0, 15: -288.0, 16: 0.0, 17: -240.0, 18: -17.0, 19: -40.0}}
Prev Long 13: [44.0, -440.0, -2.45, 0.0, 7.22, -7.08, -0.96, -1.36, 0.0, 5.53, -1.13, -0.23]
Prev Short 13: [34.0, -440.0, 0.0, 0.0, -1.27, 0.0, 0.0, 0.0, 0.0, -7.37, 0.0, -8.64]
Long 13: [43.0, -26.0, 0.41, 0.0, 4.28, -1.27, 0.09, 1.62, 0.0, 4.25, 0.75, 10.13]
Short 13: [34.0, -26.0, 2.77, 0.0, -4.46, 1.37, 1.2, 2.65, 2.71, -8.87, 1.57, -1.06]
Prev Long 14: [38.0, -5.0, 0.37, -1.31, 0.2, 1.93, -0.27, -0.37, -0.17, 0.0, -1.9, -1.52]
Prev Short 14: [28.0, -5.0, -7.15, 2.3, 0.49, -1.64, -3.11, 0.15, 10.02, 7.2, 0.14, 8.4]
Long 14: [30.0, -38.0, 5.1, -1.38, 3.61, 2.76, -0.88, -0.04, -0.73, 0.0, 0.21, 8.65]
Short 14: [31.0, -37.0, -0.63, 1.66, 3.38, -0.56, 0.27, 1.56, 9.64, 7.2, 2.16, 24.68]
Prev Long 15: [69.0, -288.0, -0.66, -1.89, 0.0, 0.0, 0.0, -3.14, -0.46, -4.74, -3.3, -14.19]
Prev Short 15: [69.0, -288.0, 0.0, 0.0, 0.0, 0.0, 0.0, 0.0, -2.01, 0.0, 0.0, -2.01]
Long 15: [168.0, 0.0, 0.0, 0.0, 0.0, 0.0, 0.0, 0.29, -0.02, 0.0, 0.0, 0.27]
Short 15: [155.0, 0.0, 1.36, 6.75, 0.44, -1.85, -0.13, 3.52, -2.2, 3.65, 5.12, 16.66]
Prev Long 16: [13.0, 0.0, -0.65, -1.44, 0.37, 0.95, 0.0, -0.73, 0.02, -0.88, 1.13, -1.23]
Prev Short 16: [9.0, 0.0, -1.18, -1.74, -2.51, -1.96, 3.63, -1.46, 1.75, -1.35, 1.05, -3.77]
Long 16: [13.0, -49.0, 1.03, 3.4, 0.37, 3.76, 0.0, -0.61, 0.05, 1.62, -0.25, 9.37]
Short 16: [9.0, -28.0, 0.64, -0.26, -0.57, 0.0, 2.31, 1.24, 0.98, 0.69, 1.01, 6.04]
Prev Long 17: [8.0, -240.0, -0.57, -0.94, -3.54, -2.15, 0.25, 1.73, -0.97, -3.34, 1.35, -8.18]
Prev Short 17: [8.0, -240.0, 0.0, 0.0, 0.0, 0.0, 0.0, 0.0, 0.0, 0.0, 0.0, 0.0]
Long 17: [112.0, -12.0, 0.0, 0.0, 0.0, 0.0, 0.0, 0.0, 0.0, 0.0, 2.4, 2.4]
Short 17: [109.0, -9.0, -0.34, 1.1, 2.21, 2.95, 0.24, -3.18, -1.9, 1.61, 1.94, 4.63]
Prev Long 18: [15.0, -17.0, -0.63, 1.55, 0.21, 0.28, 0.62, -0.06, -3.3, 0.68, -0.47, -1.12]
Prev Short 18: [15.0, -17.0, -0.7, 0.0, -0.04, 4.33, -0.68, 0.44, -0.72, -1.86, -0.27, 0.5]
Long 18: [64.0, -21.0, 0.0, 0.0, 1.51, -0.03, 0.0, 0.0, 0.0, 0.68, 0.0, 2.16]
Short 18: [63.0, -16.0, -0.72, 0.0, 0.6, 3.88, -1.3, 0.38, 2.43, -1.86, 0.17, 3.58]
Prev Long 19: [8.0, -40.0, -1.11, 1.38, 0.98, 1.05, 3.5, 0.14, -4.42, -0.38, -2.04, -0.9]
Prev Short 19: [27.0, -40.0, 0.0, 0.0, 0.0, 0.48, 0.0, 0.0, 0.0, -0.87, -0.13, -0.52]
Long 19: [112.0, -24.0, 0.0, 0.0, 0.0, 0.0, 0.0, 0.0, 0.0, 0.49, -0.2, 0.29]
Short 19: [118.0, -2.0, 1.63, 1.05, 0.31, -0.52, -4.44, 0.0, 4.21, 1.62, 1.04, 4.9]
----------NEW THRESHOLDS----------
'policy_long': {13: True, 14: False, 15: False, 16: True, 17: False, 18: False, 19: False}
{'buy': {13: 43.0, 14: 30.0, 15: 168.0, 16: 13.0, 17: 112.0, 18: 64.0, 19: 112.0},
'sell': {13: -26.0, 14: -38.0, 15: 0.0, 16: -49.0, 17: -12.0, 18: -21.0, 19: -24.0},
'buy_to_cover': {13: 34.0, 14: 31.0, 15: 155.0, 16: 9.0, 17: 109.0, 18: 63.0, 19: 118.0},
'sell_short':{13: -26.0, 14: -38.0, 15: 0.0, 16: -49.0, 17: -12.0, 18: -21.0, 19: -24.0}}

2023-08-11
----------PREVIOUS THRESHOLDS----------
'prev policy_long': {13: True, 14: True, 15: False, 16: True, 17: False, 18: False, 19: True}
{'prev buy': {13: 44.0, 14: 38.0, 15: 69.0, 16: 13.0, 17: 8.0, 18: 15.0, 19: 8.0},
'prev sell': {13: -440.0, 14: -5.0, 15: -288.0, 16: 0.0, 17: -240.0, 18: -17.0, 19: -40.0},
'prev buy_to_cover': {13: 34.0, 14: 28.0, 15: 69.0, 16: 9.0, 17: 8.0, 18: 15.0, 19: 27.0},
'prev sell_short':{13: -440.0, 14: -5.0, 15: -288.0, 16: 0.0, 17: -240.0, 18: -17.0, 19: -40.0}}
Prev Long 13: [44.0, -440.0, -2.45, 0.0, 7.22, -7.08, -0.96, -1.36, 0.0, 5.53, -1.13, -0.23]
Prev Short 13: [34.0, -440.0, 0.0, 0.0, -1.27, 0.0, 0.0, 0.0, 0.0, -7.37, 0.0, -8.64]
Long 13: [43.0, -26.0, 0.41, 0.0, 4.28, -1.27, 0.09, 1.62, 0.0, 4.25, 0.75, 10.13]
Short 13: [34.0, -26.0, 2.77, 0.0, -4.46, 1.37, 1.2, 2.65, 2.71, -8.87, 1.57, -1.06]
Prev Long 14: [38.0, -5.0, 0.37, -1.31, 0.2, 1.93, -0.27, -0.37, -0.17, 0.0, -1.9, -1.52]
Prev Short 14: [28.0, -5.0, -7.15, 2.3, 0.49, -1.64, -3.11, 0.15, 10.02, 7.2, 0.14, 8.4]
Long 14: [30.0, -38.0, 5.1, -1.38, 3.61, 2.76, -0.88, -0.04, -0.73, 0.0, 0.21, 8.65]
Short 14: [31.0, -37.0, -0.63, 1.66, 3.38, -0.56, 0.27, 1.56, 9.64, 7.2, 2.16, 24.68]
Prev Long 15: [69.0, -288.0, -0.66, -1.89, 0.0, 0.0, 0.0, -3.14, -0.46, -4.74, -3.3, -14.19]
Prev Short 15: [69.0, -288.0, 0.0, 0.0, 0.0, 0.0, 0.0, 0.0, -2.01, 0.0, 0.0, -2.01]
Long 15: [168.0, 0.0, 0.0, 0.0, 0.0, 0.0, 0.0, 0.29, -0.02, 0.0, 0.0, 0.27]
Short 15: [155.0, 0.0, 1.36, 6.75, 0.44, -1.85, -0.13, 3.52, -2.2, 3.65, 5.12, 16.66]
Prev Long 16: [13.0, 0.0, -0.65, -1.44, 0.37, 0.95, 0.0, -0.73, 0.02, -0.88, 1.13, -1.23]
Prev Short 16: [9.0, 0.0, -1.18, -1.74, -2.51, -1.96, 3.63, -1.46, 1.75, -1.35, 1.05, -3.77]
Long 16: [13.0, -49.0, 1.03, 3.4, 0.37, 3.76, 0.0, -0.61, 0.05, 1.62, -0.25, 9.37]
Short 16: [9.0, -28.0, 0.64, -0.26, -0.57, 0.0, 2.31, 1.24, 0.98, 0.69, 1.01, 6.04]
Prev Long 17: [8.0, -240.0, -0.57, -0.94, -3.54, -2.15, 0.25, 1.73, -0.97, -3.34, 1.35, -8.18]
Prev Short 17: [8.0, -240.0, 0.0, 0.0, 0.0, 0.0, 0.0, 0.0, 0.0, 0.0, 0.0, 0.0]
Long 17: [112.0, -12.0, 0.0, 0.0, 0.0, 0.0, 0.0, 0.0, 0.0, 0.0, 2.4, 2.4]
Short 17: [109.0, -9.0, -0.34, 1.1, 2.21, 2.95, 0.24, -3.18, -1.9, 1.61, 1.94, 4.63]
Prev Long 18: [15.0, -17.0, -0.63, 1.55, 0.21, 0.28, 0.62, -0.06, -3.3, 0.68, -0.47, -1.12]
Prev Short 18: [15.0, -17.0, -0.7, 0.0, -0.04, 4.33, -0.68, 0.44, -0.72, -1.86, -0.27, 0.5]
Long 18: [64.0, -21.0, 0.0, 0.0, 1.51, -0.03, 0.0, 0.0, 0.0, 0.68, 0.0, 2.16]
Short 18: [63.0, -16.0, -0.72, 0.0, 0.6, 3.88, -1.3, 0.38, 2.43, -1.86, 0.17, 3.58]
Prev Long 19: [8.0, -40.0, -1.11, 1.38, 0.98, 1.05, 3.5, 0.14, -4.42, -0.38, -2.04, -0.9]
Prev Short 19: [27.0, -40.0, 0.0, 0.0, 0.0, 0.48, 0.0, 0.0, 0.0, -0.87, -0.13, -0.52]
Long 19: [112.0, -24.0, 0.0, 0.0, 0.0, 0.0, 0.0, 0.0, 0.0, 0.49, -0.2, 0.29]
Short 19: [118.0, -2.0, 1.63, 1.05, 0.31, -0.52, -4.44, 0.0, 4.21, 1.62, 1.04, 4.9]
----------NEW THRESHOLDS----------
'policy_long': {13: True, 14: False, 15: False, 16: True, 17: False, 18: False, 19: False}
{'buy': {13: 43.0, 14: 30.0, 15: 168.0, 16: 13.0, 17: 112.0, 18: 64.0, 19: 112.0},
'sell': {13: -26.0, 14: -38.0, 15: 0.0, 16: -49.0, 17: -12.0, 18: -21.0, 19: -24.0},
'buy_to_cover': {13: 34.0, 14: 31.0, 15: 155.0, 16: 9.0, 17: 109.0, 18: 63.0, 19: 118.0},
'sell_short':{13: -26.0, 14: -37.0, 15: 0.0, 16: -28.0, 17: -9.0, 18: -16.0, 19: -2.0}}

