2023-06-29
----------PREVIOUS THRESHOLDS----------
{13: 0.065, 14: 0.105, 15: 0.08, 16: 0.045, 17: 0.025, 18: 0.025, 19: 0.02}
{13: -0.215, 14: -0.085, 15: -0.18, 16: -0.07, 17: -0.09, 18: -0.2, 19: -0.05}
{13: 0.06, 14: 0.105, 15: 0.08, 16: 0.065, 17: 0.035, 18: 0.08, 19: 0.02}
{13: -0.055, 14: -0.12, 15: -0.085, 16: -0.07, 17: -0.09, 18: -0.1, 19: -0.065}
Previous Long 13: [0.065, -0.215, -0.12, -2.69, 6.44, 3.48, 3.75, -6.53, 6.6, -4.12, 4.75, 4.8, 5.02, -1.42, 19.96]
Previous Short 13: [0.06, -0.055, 1.11, 0.97, -0.66, -2.92, -2.14, 5.32, -4.12, 3.39, -1.68, 0.43, 0.99, -2.14, -1.45]
Long 13: [0.055, -0.215, -0.12, -2.69, 6.44, 3.48, 3.75, -6.53, 6.6, -4.12, 4.75, 4.8, 5.02, -1.42, 19.96]
Short 13: [0.06, -0.215, 0.0, 0.0, 0.0, 0.46, 0.0, 0.69, 0.0, -0.58, -0.88, 2.07, 5.02, -1.42, 5.36]
Previous Long 14: [0.105, -0.085, 0.0, 3.22, -1.28, 0.18, 0.32, 0.5, 0.76, 0.0, 1.44, -0.94, -1.09, 0.0, 0.41, 3.67, 3.9, 11.09]
Previous Short 14: [0.105, -0.12, 0.0, 0.01, 0.69, 0.56, 0.0, 0.8, 2.7, 0.0, -0.49, 2.68, 0.0, 0.07, 3.83, 3.67, 3.42, 17.94]
Long 14: [0.105, -0.085, 0.0, 3.22, -1.28, 0.18, 0.32, 0.5, 0.76, 0.0, 1.44, -0.94, -1.09, 0.0, 0.41, 3.67, 3.9, 11.09]
Short 14: [0.105, -0.13, 0.0, 0.01, 0.69, 0.26, 0.0, 0.8, 2.7, 0.0, 1.69, 2.68, 0.0, 0.0, 3.83, 2.12, 3.42, 18.2]
Previous Long 15: [0.08, -0.18, 0.83, 0.3, 0.0, 1.97, 0.0, 0.0, 0.54, 0.0, 0.41, 4.27, 2.48, 0.0, 2.76, 0.0, 0.0, 13.56]
Previous Short 15: [0.08, -0.085, -0.1, 0.55, 0.57, -2.89, 0.0, -0.86, 0.0, 0.0, 4.11, -5.88, -1.49, -0.09, -2.06, -0.82, 0.0, -8.96]
Long 15: [0.07, -0.18, 0.83, 0.3, 0.0, 1.97, 0.0, -0.82, 0.54, 1.46, -0.59, 4.27, 2.48, 0.0, 2.76, 0.0, 0.51, 13.71]
Short 15: [0.07, -0.125, -0.7, 0.52, 0.06, 0.0, -0.04, 0.0, 0.0, 0.0, 2.5, 0.0, -2.03, 0.0, 0.43, 1.23, 0.51, 2.48]
Previous Long 16: [0.045, -0.07, -0.7, 1.14, 0.86, 1.88, 1.82, -0.32, 1.22, 3.59, -1.63, -2.33, 1.64, 2.61, 1.17, -2.01, -3.53, 5.41]
Previous Short 16: [0.065, -0.07, 0.0, 0.56, 0.0, -2.28, 0.0, 0.36, 0.0, 0.0, 2.05, 1.69, 0.36, 2.8, -0.52, 0.0, -0.67, 4.35]
Long 16: [0.065, -0.175, 0.0, 1.14, 0.0, 2.4, 0.0, 1.47, 0.0, 0.0, -4.91, 0.0, 1.65, 2.62, 1.05, 0.0, 0.0, 5.42]
Short 16: [0.065, -0.075, 0.0, 0.56, 0.0, -1.56, 0.0, 0.36, 0.0, 0.0, 2.05, 1.69, 0.0, 2.8, -0.52, 0.0, -0.67, 4.71]
Previous Long 17: [0.025, -0.09, 0.64, 1.95, 1.8, 0.62, 0.65, 0.23, 0.67, 0.14, 2.64, 1.38, -0.71, -1.98, 3.52, -0.36, -0.43, 10.76]
Previous Short 17: [0.035, -0.09, 0.0, 1.61, 0.0, -0.1, 0.0, 0.95, 0.0, -0.12, 0.0, 0.0, -0.53, -0.27, 0.0, -0.49, -0.43, 0.62]
Long 17: [0.03, -0.065, 0.93, 1.61, 2.01, 0.86, 0.65, 0.82, -0.09, 0.83, 1.96, 0.7, -0.32, -2.2, 3.52, -0.36, 0.06, 10.98]
Short 17: [0.215, -0.1, 0.0, 0.0, 0.0, 0.0, 0.0, 0.0, 0.0, 0.0, 0.0, 0.0, 0.96, 0.0, 0.0, 0.0, 0.0, 0.96]
Previous Long 18: [0.025, -0.2, 0.69, -1.45, 1.75, 1.18, 1.33, 0.12, 0.08, 0.72, 2.63, 1.09, -3.94, 0.87, -2.48, 1.06, 1.78, 5.43]
Previous Short 18: [0.08, -0.1, 0.0, 0.0, 0.0, 1.64, 2.57, 0.0, 0.0, 0.0, 0.0, 0.0, 0.89, -0.74, 2.38, 0.0, 0.0, 6.74]
Long 18: [0.025, -0.23, 0.69, -1.45, 1.75, 1.18, 1.33, 0.12, 0.08, 0.72, 2.63, 1.09, -3.94, 0.87, -2.48, 1.06, 1.78, 5.43]
Short 18: [0.04, -0.1, 0.0, 0.0, 0.0, 1.07, 0.74, 0.0, 1.63, -0.6, 0.0, 0.0, 0.94, 0.09, 1.12, 1.06, 1.78, 7.83]
Previous Long 19: [0.02, -0.05, 1.94, -0.35, 0.28, 0.18, 2.81, -1.21, -0.5, 1.69, -0.05, 1.05, 0.87, -5.18, 2.86, -0.06, 0.51, 4.84]
Previous Short 19: [0.02, -0.065, 0.0, -0.2, 0.36, -0.25, 2.21, 0.29, 0.38, -0.17, 2.74, 0.88, -0.23, -0.15, -0.04, -1.13, 0.9, 5.59]
Long 19: [0.02, -0.065, 1.69, -0.62, 0.28, 0.18, 1.66, -0.69, -0.53, 3.76, -0.5, 1.81, 0.26, -5.04, 3.11, -1.13, 0.9, 5.14]
Short 19: [0.02, -0.065, 0.0, -0.2, 0.36, -0.25, 2.21, 0.29, 0.38, -0.17, 2.74, 0.88, -0.23, -0.15, -0.04, -1.13, 0.9, 5.59]
----------NEW THRESHOLDS----------
Buy Thresholds: {13: 0.055, 14: 0.105, 15: 0.07, 16: 0.065, 17: 0.03, 18: 0.025, 19: 0.02}
Sell Thresholds: {13: -0.215, 14: -0.085, 15: -0.18, 16: -0.175, 17: -0.065, 18: -0.23, 19: -0.065}
Buy to Cover Thresholds: {13: 0.06, 14: 0.105, 15: 0.07, 16: 0.065, 17: 0.215, 18: 0.04, 19: 0.02}
Sell Short Thresholds: {13: -0.215, 14: -0.13, 15: -0.125, 16: -0.075, 17: -0.1, 18: -0.1, 19: -0.065}

2023-06-30
----------PREVIOUS THRESHOLDS----------
{13: 0.055, 14: 0.105, 15: 0.07, 16: 0.065, 17: 0.03, 18: 0.025, 19: 0.02}
{13: -0.215, 14: -0.085, 15: -0.18, 16: -0.175, 17: -0.065, 18: -0.23, 19: -0.065}
{13: 0.06, 14: 0.105, 15: 0.07, 16: 0.065, 17: 0.215, 18: 0.04, 19: 0.02}
{13: -0.215, 14: -0.13, 15: -0.125, 16: -0.075, 17: -0.1, 18: -0.1, 19: -0.065}
Previous Long 13: [0.055, -0.215, -0.12, -2.69, 6.44, 3.48, 3.75, -6.53, 6.6, -4.12, 4.75, 4.8, 5.02, -1.42, 1.24, 21.2]
Previous Short 13: [0.06, -0.215, 0.0, 0.0, 0.0, 0.46, 0.0, 0.69, 0.0, -0.58, -0.88, 2.07, 0.0, 0.04, 1.24, 3.04]
Long 13: [0.06, -0.215, -0.12, -2.69, 6.44, 3.48, 3.75, -6.53, 6.6, -4.12, 4.75, 4.8, 5.02, -1.42, 1.24, 21.2]
Short 13: [0.065, -0.135, -0.74, 0.0, -0.19, -0.28, 0.24, 0.68, -1.24, 1.22, -0.88, 2.62, 0.82, 0.04, 1.16, 3.45]
Previous Long 14: [0.105, -0.085, 0.0, 3.22, -1.28, 0.18, 0.32, 0.5, 0.76, 0.0, 1.44, -0.94, -1.09, 0.0, 0.41, 3.67, 3.9, -0.01, 11.08]
Previous Short 14: [0.105, -0.13, 0.0, 0.01, 0.69, 0.26, 0.0, 0.8, 2.7, 0.0, 1.69, 2.68, 0.0, 0.0, 3.83, -1.59, 0.0, 0.14, 11.21]
Long 14: [0.105, -0.085, 0.0, 3.22, -1.28, 0.18, 0.32, 0.5, 0.76, 0.0, 1.44, -0.94, -1.09, 0.0, 0.41, 3.67, 3.9, -0.01, 11.08]
Short 14: [0.13, -0.12, 0.0, 0.0, 1.13, 0.7, 0.0, 0.8, 2.7, 0.0, -0.52, 2.68, 0.0, 0.07, 3.96, -0.08, 4.16, 0.0, 15.6]
Previous Long 15: [0.07, -0.18, 0.83, 0.3, 0.0, 1.97, 0.0, -0.82, 0.54, 1.46, -0.59, 4.27, 2.48, 0.0, 2.76, 0.0, 0.51, 0.0, 13.71]
Previous Short 15: [0.07, -0.125, -0.7, 0.52, 0.06, 0.0, -0.04, 0.0, 0.0, 0.0, 2.5, 0.0, -2.03, 0.0, 0.43, 0.47, 0.0, 0.0, 1.21]
Long 15: [0.075, -0.18, 0.83, 0.3, 0.0, 1.97, 0.0, -0.82, 0.54, 1.46, -0.59, 4.27, 2.48, 0.0, 2.76, 0.0, 0.51, 0.0, 13.71]
Short 15: [0.055, -0.125, -0.13, 0.87, 0.06, 0.0, -0.04, 0.0, 0.0, 0.0, 1.78, 0.0, -2.05, 0.0, 0.43, 0.47, 0.0, 0.73, 2.12]
Previous Long 16: [0.065, -0.175, 0.0, 1.14, 0.0, 2.4, 0.0, 1.47, 0.0, 0.0, -4.91, 0.0, 1.65, 2.62, 1.05, 0.0, 0.0, 0.79, 6.21]
Previous Short 16: [0.065, -0.075, 0.0, 0.56, 0.0, -1.56, 0.0, 0.36, 0.0, 0.0, 2.05, 1.69, 0.0, 2.8, -0.52, 0.86, 1.68, 0.79, 8.71]
Long 16: [0.065, -0.175, 0.0, 1.14, 0.0, 2.4, 0.0, 1.47, 0.0, 0.0, -4.91, 0.0, 1.65, 2.62, 1.05, 0.0, 0.0, 0.79, 6.21]
Short 16: [0.065, -0.075, 0.0, 0.56, 0.0, -1.56, 0.0, 0.36, 0.0, 0.0, 2.05, 1.69, 0.0, 2.8, -0.52, 0.86, 1.68, 0.79, 8.71]
Previous Long 17: [0.03, -0.065, 0.93, 1.61, 2.01, 0.86, 0.65, 0.82, -0.09, 0.83, 1.96, 0.7, -0.32, -2.2, 3.52, -0.36, 0.06, 0.01, 10.99]
Previous Short 17: [0.215, -0.1, 0.0, 0.0, 0.0, 0.0, 0.0, 0.0, 0.0, 0.0, 0.0, 0.0, 0.96, 0.0, 0.0, 0.0, 0.0, 0.0, 0.96]
Long 17: [0.03, -0.065, 0.93, 1.61, 2.01, 0.86, 0.65, 0.82, -0.09, 0.83, 1.96, 0.7, -0.32, -2.2, 3.52, -0.36, 0.06, 0.01, 10.99]
Short 17: [0.085, -0.1, 0.0, 0.0, 0.0, 0.15, 0.0, 0.0, 0.0, 0.0, 0.0, 0.0, 0.51, -0.06, 0.0, 0.0, 0.58, 0.0, 1.18]
Previous Long 18: [0.025, -0.23, 0.69, -1.45, 1.75, 1.18, 1.33, 0.12, 0.08, 0.72, 2.63, 1.09, -3.94, 0.87, -2.48, 1.06, 1.78, 0.0, 5.43]
Previous Short 18: [0.04, -0.1, 0.0, 0.0, 0.0, 1.07, 0.74, 0.0, 1.63, -0.6, 0.0, 0.0, 0.94, 0.09, 1.12, 0.0, 0.0, 0.0, 4.99]
Long 18: [0.025, -0.235, 0.69, -1.45, 1.75, 1.18, 1.33, 0.12, 0.08, 0.72, 2.63, 1.09, -3.94, 0.87, -2.48, 1.06, 1.78, 0.0, 5.43]
Short 18: [0.08, -0.1, 0.0, 0.0, 0.0, 1.64, 2.57, 0.0, 0.0, 0.0, 0.0, 0.0, 0.89, -0.74, 2.38, 0.0, 0.0, 0.0, 6.74]
Previous Long 19: [0.02, -0.065, 1.69, -0.62, 0.28, 0.18, 1.66, -0.69, -0.53, 3.76, -0.5, 1.81, 0.26, -5.04, 3.11, -1.13, 0.9, -0.38, 4.76]
Previous Short 19: [0.02, -0.065, 0.0, -0.2, 0.36, -0.25, 2.21, 0.29, 0.38, -0.17, 2.74, 0.88, -0.23, -0.15, -0.04, -1.02, 0.21, -0.38, 4.63]
Long 19: [0.02, -0.065, 1.69, -0.62, 0.28, 0.18, 1.66, -0.69, -0.53, 3.76, -0.5, 1.81, 0.26, -5.04, 3.11, -1.13, 0.9, -0.38, 4.76]
Short 19: [0.02, -0.065, 0.0, -0.2, 0.36, -0.25, 2.21, 0.29, 0.38, -0.17, 2.74, 0.88, -0.23, -0.15, -0.04, -1.02, 0.21, -0.38, 4.63]
----------NEW THRESHOLDS----------
Buy Thresholds: {13: 0.06, 14: 0.105, 15: 0.075, 16: 0.065, 17: 0.03, 18: 0.025, 19: 0.02}
Sell Thresholds: {13: -0.215, 14: -0.085, 15: -0.18, 16: -0.175, 17: -0.065, 18: -0.235, 19: -0.065}
Buy to Cover Thresholds: {13: 0.065, 14: 0.13, 15: 0.055, 16: 0.065, 17: 0.085, 18: 0.08, 19: 0.02}
Sell Short Thresholds: {13: -0.135, 14: -0.12, 15: -0.125, 16: -0.075, 17: -0.1, 18: -0.1, 19: -0.065}

2023-07-03
----------PREVIOUS THRESHOLDS----------
{13: 0.06, 14: 0.105, 15: 0.075, 16: 0.065, 17: 0.03, 18: 0.025, 19: 0.02}
{13: -0.215, 14: -0.085, 15: -0.18, 16: -0.175, 17: -0.065, 18: -0.235, 19: -0.065}
{13: 0.065, 14: 0.13, 15: 0.055, 16: 0.065, 17: 0.085, 18: 0.08, 19: 0.02}
{13: -0.135, 14: -0.12, 15: -0.125, 16: -0.075, 17: -0.1, 18: -0.1, 19: -0.065}
Previous Long 13: [0.06, -0.215, -0.12, -2.69, 6.44, 3.48, 3.75, -6.53, 6.6, -4.12, 4.75, 4.8, 5.02, -1.42, 1.24, 4.8, 26.0]
Previous Short 13: [0.065, -0.135, -0.74, 0.0, -0.19, -0.28, 0.24, 0.68, -1.24, 1.22, -0.88, 2.62, 0.82, 0.04, -0.08, 4.34, 6.55]
Long 13: [0.06, -0.215, -0.12, -2.69, 6.44, 3.48, 3.75, -6.53, 6.6, -4.12, 4.75, 4.8, 5.02, -1.42, 1.24, 4.8, 26.0]
Short 13: [0.055, -0.215, 0.0, 0.0, 0.0, 0.46, 0.0, 0.69, 0.0, -0.58, -0.88, 2.07, 0.0, 0.04, 0.0, 4.8, 6.6]
Previous Long 14: [0.105, -0.085, 0.0, 3.22, -1.28, 0.18, 0.32, 0.5, 0.76, 0.0, 1.44, -0.94, -1.09, 0.0, 0.41, 3.67, 3.9, -0.01, -2.15, 8.93]
Previous Short 14: [0.13, -0.12, 0.0, 0.0, 1.13, 0.7, 0.0, 0.8, 2.7, 0.0, -0.52, 2.68, 0.0, 0.07, 3.96, -0.08, 4.16, 0.0, -2.15, 13.45]
Long 14: [0.105, -0.085, 0.0, 3.22, -1.28, 0.18, 0.32, 0.5, 0.76, 0.0, 1.44, -0.94, -1.09, 0.0, 0.41, 3.67, 3.9, -0.01, -2.15, 8.93]
Short 14: [0.145, -0.12, 0.0, 0.0, 1.13, 0.7, 0.0, 0.8, 2.7, 0.0, 0.18, 2.68, 0.0, 0.07, 3.96, -0.95, 4.16, 0.0, 0.0, 15.43]
Previous Long 15: [0.075, -0.18, 0.83, 0.3, 0.0, 1.97, 0.0, -0.82, 0.54, 1.46, -0.59, 4.27, 2.48, 0.0, 2.76, 0.0, 0.51, 0.0, 0.22, 13.93]
Previous Short 15: [0.055, -0.125, -0.13, 0.87, 0.06, 0.0, -0.04, 0.0, 0.0, 0.0, 1.78, 0.0, -2.05, 0.0, 0.43, 0.47, 0.0, 0.73, -2.82, -0.7]
Long 15: [0.075, -0.18, 0.83, 0.3, 0.0, 1.97, 0.0, -0.82, 0.54, 1.46, -0.59, 4.27, 2.48, 0.0, 2.76, 0.0, 0.51, 0.0, 0.22, 13.93]
Short 15: [0.08, -0.18, 0.0, 0.52, 0.0, 0.0, 0.0, 0.0, 0.0, 0.0, 1.08, 0.0, 0.0, 0.0, 0.44, 0.0, 0.0, 0.0, 0.0, 2.04]
Previous Long 16: [0.065, -0.175, 0.0, 1.14, 0.0, 2.4, 0.0, 1.47, 0.0, 0.0, -4.91, 0.0, 1.65, 2.62, 1.05, 0.0, 0.0, 0.79, 2.25, 8.46]
Previous Short 16: [0.065, -0.075, 0.0, 0.56, 0.0, -1.56, 0.0, 0.36, 0.0, 0.0, 2.05, 1.69, 0.0, 2.8, -0.52, 0.86, 1.68, 0.79, 1.7, 10.41]
Long 16: [0.04, -0.07, -1.03, 1.14, 0.86, 1.88, 1.82, -0.32, 1.44, 3.24, -1.63, -2.33, 1.84, 2.66, 1.17, -2.38, -3.53, 0.79, 3.65, 9.27]
Short 16: [0.065, -0.075, 0.0, 0.56, 0.0, -1.56, 0.0, 0.36, 0.0, 0.0, 2.05, 1.69, 0.0, 2.8, -0.52, 0.86, 1.68, 0.79, 1.7, 10.41]
Previous Long 17: [0.03, -0.065, 0.93, 1.61, 2.01, 0.86, 0.65, 0.82, -0.09, 0.83, 1.96, 0.7, -0.32, -2.2, 3.52, -0.36, 0.06, 0.01, -0.5, 10.49]
Previous Short 17: [0.085, -0.1, 0.0, 0.0, 0.0, 0.15, 0.0, 0.0, 0.0, 0.0, 0.0, 0.0, 0.51, -0.06, 0.0, 0.0, 0.58, 0.0, -0.46, 0.72]
Long 17: [0.03, -0.065, 0.93, 1.61, 2.01, 0.86, 0.65, 0.82, -0.09, 0.83, 1.96, 0.7, -0.32, -2.2, 3.52, -0.36, 0.06, 0.01, -0.5, 10.49]
Short 17: [0.1, -0.105, 0.0, 0.0, 0.0, 0.0, 0.0, 0.0, 0.0, 0.0, 0.0, 0.0, 0.51, 0.0, 0.0, 0.0, 0.58, 0.0, 0.0, 1.09]
Previous Long 18: [0.025, -0.235, 0.69, -1.45, 1.75, 1.18, 1.33, 0.12, 0.08, 0.72, 2.63, 1.09, -3.94, 0.87, -2.48, 1.06, 1.78, 0.0, 0.09, 5.52]
Previous Short 18: [0.08, -0.1, 0.0, 0.0, 0.0, 1.64, 2.57, 0.0, 0.0, 0.0, 0.0, 0.0, 0.89, -0.74, 2.38, 0.0, 0.0, 0.0, 0.0, 6.74]
Long 18: [0.025, -0.205, 0.69, -1.45, 1.75, 1.18, 1.33, 0.12, 0.08, 0.72, 2.63, 1.09, -3.94, 0.87, -2.48, 1.06, 1.78, 0.0, 0.09, 5.52]
Short 18: [0.08, -0.1, 0.0, 0.0, 0.0, 1.64, 2.57, 0.0, 0.0, 0.0, 0.0, 0.0, 0.89, -0.74, 2.38, 0.0, 0.0, 0.0, 0.0, 6.74]
Previous Long 19: [0.02, -0.065, 1.69, -0.62, 0.28, 0.18, 1.66, -0.69, -0.53, 3.76, -0.5, 1.81, 0.26, -5.04, 3.11, -1.13, 0.9, -0.38, 0.16, 4.92]
Previous Short 19: [0.02, -0.065, 0.0, -0.2, 0.36, -0.25, 2.21, 0.29, 0.38, -0.17, 2.74, 0.88, -0.23, -0.15, -0.04, -1.02, 0.21, -0.38, 0.16, 4.79]
Long 19: [0.02, -0.065, 1.69, -0.62, 0.28, 0.18, 1.66, -0.69, -0.53, 3.76, -0.5, 1.81, 0.26, -5.04, 3.11, -1.13, 0.9, -0.38, 0.16, 4.92]
Short 19: [0.02, -0.065, 0.0, -0.2, 0.36, -0.25, 2.21, 0.29, 0.38, -0.17, 2.74, 0.88, -0.23, -0.15, -0.04, -1.02, 0.21, -0.38, 0.16, 4.79]
----------NEW THRESHOLDS----------
Buy Thresholds: {13: 0.06, 14: 0.105, 15: 0.075, 16: 0.04, 17: 0.03, 18: 0.025, 19: 0.02}
Sell Thresholds: {13: -0.215, 14: -0.085, 15: -0.18, 16: -0.07, 17: -0.065, 18: -0.205, 19: -0.065}
Buy to Cover Thresholds: {13: 0.055, 14: 0.145, 15: 0.08, 16: 0.065, 17: 0.1, 18: 0.08, 19: 0.02}
Sell Short Thresholds: {13: -0.215, 14: -0.12, 15: -0.18, 16: -0.075, 17: -0.105, 18: -0.1, 19: -0.065}

2023-07-05
----------PREVIOUS THRESHOLDS----------
{13: 0.06, 14: 0.105, 15: 0.075, 16: 0.04, 17: 0.03, 18: 0.025, 19: 0.02}
{13: -0.215, 14: -0.085, 15: -0.18, 16: -0.07, 17: -0.065, 18: -0.205, 19: -0.065}
{13: 0.055, 14: 0.145, 15: 0.08, 16: 0.065, 17: 0.1, 18: 0.08, 19: 0.02}
{13: -0.215, 14: -0.12, 15: -0.18, 16: -0.075, 17: -0.105, 18: -0.1, 19: -0.065}
Previous Long 13: [0.06, -0.215, -0.12, -2.69, 6.44, 3.48, 3.75, -6.53, 6.6, -4.12, 4.75, 4.8, 5.02, -1.42, 1.24, 4.8, 0.0, 26.0]
Previous Short 13: [0.055, -0.215, 0.0, 0.0, 0.0, 0.46, 0.0, 0.69, 0.0, -0.58, -0.88, 2.07, 0.0, 0.04, 0.0, 4.8, 0.0, 6.6]
Long 13: [0.06, -0.24, -0.12, -2.69, 6.44, 3.48, 3.75, -6.53, 6.6, -4.12, 4.4, 3.89, 5.02, -1.42, 1.24, 4.8, 1.67, 26.41]
Short 13: [0.065, -0.245, 0.0, 0.0, 0.0, 0.46, 0.0, 0.69, 0.0, -0.58, -1.23, 1.16, 0.0, 0.04, 0.0, 4.8, 1.67, 7.01]
Previous Long 14: [0.105, -0.085, 0.0, 3.22, -1.28, 0.18, 0.32, 0.5, 0.76, 0.0, 1.44, -0.94, -1.09, 0.0, 0.41, 3.67, 3.9, -0.01, -2.15, -0.92, 8.01]
Previous Short 14: [0.145, -0.12, 0.0, 0.0, 1.13, 0.7, 0.0, 0.8, 2.7, 0.0, 0.18, 2.68, 0.0, 0.07, 3.96, -0.95, 4.16, 0.0, 0.0, -0.71, 14.72]
Long 14: [0.105, -0.085, 0.0, 3.22, -1.28, 0.18, 0.32, 0.5, 0.76, 0.0, 1.44, -0.94, -1.09, 0.0, 0.41, 3.67, 3.9, -0.01, -2.15, -0.92, 8.01]
Short 14: [0.145, -0.12, 0.0, 0.0, 1.13, 0.7, 0.0, 0.8, 2.7, 0.0, 0.18, 2.68, 0.0, 0.07, 3.96, -0.95, 4.16, 0.0, 0.0, -0.71, 14.72]
Previous Long 15: [0.075, -0.18, 0.83, 0.3, 0.0, 1.97, 0.0, -0.82, 0.54, 1.46, -0.59, 4.27, 2.48, 0.0, 2.76, 0.0, 0.51, 0.0, 0.22, 0.0, 13.93]
Previous Short 15: [0.08, -0.18, 0.0, 0.52, 0.0, 0.0, 0.0, 0.0, 0.0, 0.0, 1.08, 0.0, 0.0, 0.0, 0.44, 0.0, 0.0, 0.0, 0.0, 0.0, 2.04]
Long 15: [0.075, -0.18, 0.83, 0.3, 0.0, 1.97, 0.0, -0.82, 0.54, 1.46, -0.59, 4.27, 2.48, 0.0, 2.76, 0.0, 0.51, 0.0, 0.22, 0.0, 13.93]
Short 15: [0.08, -0.18, 0.0, 0.52, 0.0, 0.0, 0.0, 0.0, 0.0, 0.0, 1.08, 0.0, 0.0, 0.0, 0.44, 0.0, 0.0, 0.0, 0.0, 0.0, 2.04]
Previous Long 16: [0.04, -0.07, -1.03, 1.14, 0.86, 1.88, 1.82, -0.32, 1.44, 3.24, -1.63, -2.33, 1.84, 2.66, 1.17, -2.38, -3.53, 0.79, 3.65, 1.42, 10.69]
Previous Short 16: [0.065, -0.075, 0.0, 0.56, 0.0, -1.56, 0.0, 0.36, 0.0, 0.0, 2.05, 1.69, 0.0, 2.8, -0.52, 0.86, 1.68, 0.79, 1.7, 0.0, 10.41]
Long 16: [0.04, -0.07, -1.03, 1.14, 0.86, 1.88, 1.82, -0.32, 1.44, 3.24, -1.63, -2.33, 1.84, 2.66, 1.17, -2.38, -3.53, 0.79, 3.65, 1.42, 10.69]
Short 16: [0.04, -0.07, 0.0, 0.56, 0.0, -0.52, 0.0, 0.25, 0.0, 0.0, 2.14, -0.67, 0.43, 4.15, -0.51, -0.08, -0.87, 0.79, 3.65, 1.42, 10.74]
Previous Long 17: [0.03, -0.065, 0.93, 1.61, 2.01, 0.86, 0.65, 0.82, -0.09, 0.83, 1.96, 0.7, -0.32, -2.2, 3.52, -0.36, 0.06, 0.01, -0.5, 0.14, 10.63]
Previous Short 17: [0.1, -0.105, 0.0, 0.0, 0.0, 0.0, 0.0, 0.0, 0.0, 0.0, 0.0, 0.0, 0.51, 0.0, 0.0, 0.0, 0.58, 0.0, 0.0, 0.0, 1.09]
Long 17: [0.03, -0.065, 0.93, 1.61, 2.01, 0.86, 0.65, 0.82, -0.09, 0.83, 1.96, 0.7, -0.32, -2.2, 3.52, -0.36, 0.06, 0.01, -0.5, 0.14, 10.63]
Short 17: [0.1, -0.1, 0.0, 0.0, 0.0, 0.0, 0.0, 0.0, 0.0, 0.0, 0.0, 0.0, 0.51, 0.0, 0.0, 0.0, 0.58, 0.0, 0.0, 0.0, 1.09]
Previous Long 18: [0.025, -0.205, 0.69, -1.45, 1.75, 1.18, 1.33, 0.12, 0.08, 0.72, 2.63, 1.09, -3.94, 0.87, -2.48, 1.06, 1.78, 0.0, 0.09, -0.84, 4.68]
Previous Short 18: [0.08, -0.1, 0.0, 0.0, 0.0, 1.64, 2.57, 0.0, 0.0, 0.0, 0.0, 0.0, 0.89, -0.74, 2.38, 0.0, 0.0, 0.0, 0.0, 0.0, 6.74]
Long 18: [0.035, -0.21, 0.28, -1.48, 1.0, 1.18, 1.44, 0.12, 0.1, 0.72, 3.21, 1.03, -3.94, 0.87, -2.48, 1.06, 1.78, 0.0, 0.17, -0.01, 5.05]
Short 18: [0.08, -0.1, 0.0, 0.0, 0.0, 1.64, 2.57, 0.0, 0.0, 0.0, 0.0, 0.0, 0.89, -0.74, 2.38, 0.0, 0.0, 0.0, 0.0, 0.0, 6.74]
Previous Long 19: [0.02, -0.065, 1.69, -0.62, 0.28, 0.18, 1.66, -0.69, -0.53, 3.76, -0.5, 1.81, 0.26, -5.04, 3.11, -1.13, 0.9, -0.38, 0.16, 1.26, 6.18]
Previous Short 19: [0.02, -0.065, 0.0, -0.2, 0.36, -0.25, 2.21, 0.29, 0.38, -0.17, 2.74, 0.88, -0.23, -0.15, -0.04, -1.02, 0.21, -0.38, 0.16, 1.26, 6.05]
Long 19: [0.02, -0.065, 1.69, -0.62, 0.28, 0.18, 1.66, -0.69, -0.53, 3.76, -0.5, 1.81, 0.26, -5.04, 3.11, -1.13, 0.9, -0.38, 0.16, 1.26, 6.18]
Short 19: [0.02, -0.065, 0.0, -0.2, 0.36, -0.25, 2.21, 0.29, 0.38, -0.17, 2.74, 0.88, -0.23, -0.15, -0.04, -1.02, 0.21, -0.38, 0.16, 1.26, 6.05]
----------NEW THRESHOLDS----------
Buy Thresholds: {13: 0.06, 14: 0.105, 15: 0.075, 16: 0.04, 17: 0.03, 18: 0.035, 19: 0.02}
Sell Thresholds: {13: -0.24, 14: -0.085, 15: -0.18, 16: -0.07, 17: -0.065, 18: -0.21, 19: -0.065}
Buy to Cover Thresholds: {13: 0.065, 14: 0.145, 15: 0.08, 16: 0.04, 17: 0.1, 18: 0.08, 19: 0.02}
Sell Short Thresholds: {13: -0.245, 14: -0.12, 15: -0.18, 16: -0.07, 17: -0.1, 18: -0.1, 19: -0.065}

