{'Time': '2023-06-08T18:34:30Z', 'OrderTime': '2023-06-08T18:34:30Z', 'Price': 233.04, 'Balance': -233.04, 'VolumeSum': 365.0}
{'Time': '2023-06-08T18:34:40Z', 'OrderTime': '2023-06-08T18:34:40Z', 'Price': 233.06, 'Balance': 0.020000000000010232, 'VolumeSum': 0.0}
{'Time': '2023-06-08T18:38:30Z', 'OrderTime': '2023-06-08T18:38:30Z', 'Price': 232.87, 'Balance': -232.85, 'VolumeSum': 50.0}
{'Time': '2023-06-08T18:38:40Z', 'OrderTime': '2023-06-08T18:38:40Z', 'Price': 232.88, 'Balance': 0.030000000000001137, 'VolumeSum': 0.0}
{'Time': '2023-06-08T18:40:30Z', 'OrderTime': '2023-06-08T18:40:30Z', 'Price': 232.74, 'Balance': -232.71, 'VolumeSum': 198.0}
{'Time': '2023-06-08T18:40:40Z', 'OrderTime': '2023-06-08T18:40:40Z', 'Price': 232.73, 'Balance': 0.01999999999998181, 'VolumeSum': 0.0}
{'Time': '2023-06-08T18:40:50Z', 'OrderTime': '2023-06-08T18:40:50Z', 'Price': 232.8, 'Balance': -232.78000000000003, 'VolumeSum': 100.0}
{'Time': '2023-06-08T18:41:00Z', 'OrderTime': '2023-06-08T18:41:00Z', 'Price': 232.82, 'Balance': 0.03999999999996362, 'VolumeSum': 0.0}
{'Time': '2023-06-08T18:42:30Z', 'OrderTime': '2023-06-08T18:42:30Z', 'Price': 233.47, 'Balance': -233.43000000000004, 'VolumeSum': 100.0}
{'Time': '2023-06-08T18:42:40Z', 'OrderTime': '2023-06-08T18:42:40Z', 'Price': 233.48, 'Balance': 0.049999999999954525, 'VolumeSum': 0.0}
{'Time': '2023-06-08T18:42:50Z', 'OrderTime': '2023-06-08T18:42:50Z', 'Price': 233.34, 'Balance': -233.29000000000005, 'VolumeSum': 335.0}
{'Time': '2023-06-08T18:43:00Z', 'OrderTime': '2023-06-08T18:43:00Z', 'Price': 233.37, 'Balance': 0.07999999999995566, 'VolumeSum': 0.0}
{'Time': '2023-06-08T18:45:40Z', 'OrderTime': '2023-06-08T18:45:40Z', 'Price': 232.89, 'Balance': -232.81000000000003, 'VolumeSum': 497.0}
{'Time': '2023-06-08T18:45:50Z', 'OrderTime': '2023-06-08T18:45:50Z', 'Price': 232.83, 'Balance': 0.01999999999998181, 'VolumeSum': 0.0}
{'Time': '2023-06-08T18:46:00Z', 'OrderTime': '2023-06-08T18:46:00Z', 'Price': 232.82, 'Balance': -232.8, 'VolumeSum': 100.0}
{'Time': '2023-06-08T18:46:10Z', 'OrderTime': '2023-06-08T18:46:10Z', 'Price': 232.69, 'Balance': -0.11000000000001364, 'VolumeSum': -500.0}
{'Time': '2023-06-08T18:47:10Z', 'OrderTime': '2023-06-08T18:47:10Z', 'Price': 232.63, 'Balance': -232.74, 'VolumeSum': 256.0}
{'Time': '2023-06-08T18:47:20Z', 'OrderTime': '2023-06-08T18:47:20Z', 'Price': 232.68, 'Balance': -0.060000000000002274, 'VolumeSum': 0.0}
{'Time': '2023-06-08T18:47:40Z', 'OrderTime': '2023-06-08T18:47:40Z', 'Price': 232.56, 'Balance': -232.62, 'VolumeSum': 24.0}
{'Time': '2023-06-08T18:47:50Z', 'OrderTime': '2023-06-08T18:47:50Z', 'Price': 232.4, 'Balance': -0.21999999999999886, 'VolumeSum': -475.0}

{'Time': '2023-06-08T18:49:50Z', 'OrderTime': '2023-06-08T18:49:50Z', 'Price': 232.55, 'Balance': -232.55, 'VolumeSum': 300.0}
{'Time': '2023-06-08T18:51:30Z', 'OrderTime': '2023-06-08T18:51:30Z', 'Price': 232.64, 'Balance': 0.08999999999997499, 'VolumeSum': -400.0}
{'Time': '2023-06-08T18:53:30Z', 'OrderTime': '2023-06-08T18:53:30Z', 'Price': 232.71, 'Balance': -232.62000000000003, 'VolumeSum': 177.0}
{'Time': '2023-06-08T18:55:50Z', 'OrderTime': '2023-06-08T18:55:50Z', 'Price': 232.94, 'Balance': 0.31999999999996476, 'VolumeSum': -1036.0}
{'Time': '2023-06-08T18:59:50Z', 'OrderTime': '2023-06-08T18:59:50Z', 'Price': 233.09, 'Balance': -232.77000000000004, 'VolumeSum': 400.0}
{'Time': '2023-06-08T19:00:00Z', 'OrderTime': '2023-06-08T19:00:00Z', 'Price': 233.14, 'Balance': 0.3699999999999477, 'VolumeSum': -200.0}
{'Time': '2023-06-08T19:01:00Z', 'OrderTime': '2023-06-08T19:01:00Z', 'Price': 233.17, 'Balance': -232.80000000000004, 'VolumeSum': 913.0}
{'Time': '2023-06-08T19:01:20Z', 'OrderTime': '2023-06-08T19:01:20Z', 'Price': 233.1, 'Balance': 0.2999999999999545, 'VolumeSum': -900.0}
{'Time': '2023-06-08T19:02:20Z', 'OrderTime': '2023-06-08T19:02:20Z', 'Price': 232.94, 'Balance': -232.64000000000004, 'VolumeSum': 1550.0}
{'Time': '2023-06-08T19:07:50Z', 'OrderTime': '2023-06-08T19:07:50Z', 'Price': 233.08, 'Balance': 0.4399999999999693, 'VolumeSum': -89.0}
{'Time': '2023-06-08T19:08:00Z', 'OrderTime': '2023-06-08T19:08:00Z', 'Price': 233.33, 'Balance': -232.89000000000004, 'VolumeSum': 1065.0}
{'Time': '2023-06-08T19:09:00Z', 'OrderTime': '2023-06-08T19:09:00Z', 'Price': 233.34, 'Balance': 0.4499999999999602, 'VolumeSum': -556.0}
{'Time': '2023-06-08T19:09:10Z', 'OrderTime': '2023-06-08T19:09:10Z', 'Price': 233.38, 'Balance': -232.93000000000004, 'VolumeSum': 441.0}
{'Time': '2023-06-08T19:10:00Z', 'OrderTime': '2023-06-08T19:10:00Z', 'Price': 233.44, 'Balance': 0.5099999999999625, 'VolumeSum': -3600.0}
{'Time': '2023-06-08T19:10:10Z', 'OrderTime': '2023-06-08T19:10:10Z', 'Price': 233.49, 'Balance': -232.98000000000005, 'VolumeSum': 544.0}
{'Time': '2023-06-08T19:12:10Z', 'OrderTime': '2023-06-08T19:12:10Z', 'Price': 233.73, 'Balance': 0.7499999999999432, 'VolumeSum': -998.0}
{'Time': '2023-06-08T19:13:40Z', 'OrderTime': '2023-06-08T19:13:40Z', 'Price': 233.42, 'Balance': -232.67000000000004, 'VolumeSum': 117.0}
{'Time': '2023-06-08T19:14:10Z', 'OrderTime': '2023-06-08T19:14:10Z', 'Price': 233.19, 'Balance': 0.5199999999999534, 'VolumeSum': -650.0}
{'Time': '2023-06-08T19:15:30Z', 'OrderTime': '2023-06-08T19:15:30Z', 'Price': 233.31, 'Balance': -232.79000000000005, 'VolumeSum': 302.0}
{'Time': '2023-06-08T19:16:30Z', 'OrderTime': '2023-06-08T19:16:30Z', 'Price': 233.34, 'Balance': 0.5499999999999545, 'VolumeSum': -1700.0}
{'Time': '2023-06-08T19:18:30Z', 'OrderTime': '2023-06-08T19:18:30Z', 'Price': 233.44, 'Balance': -232.89000000000004, 'VolumeSum': 400.0}
{'Time': '2023-06-08T19:19:40Z', 'OrderTime': '2023-06-08T19:19:40Z', 'Price': 233.53, 'Balance': 0.6399999999999579, 'VolumeSum': -385.0}
{'Time': '2023-06-08T19:20:00Z', 'OrderTime': '2023-06-08T19:20:00Z', 'Price': 233.75, 'Balance': -233.11000000000004, 'VolumeSum': 303.0}
{'Time': '2023-06-08T19:20:10Z', 'OrderTime': '2023-06-08T19:20:10Z', 'Price': 233.84, 'Balance': 0.7299999999999613, 'VolumeSum': -944.0}
{'Time': '2023-06-08T19:25:10Z', 'OrderTime': '2023-06-08T19:25:10Z', 'Price': 234.41, 'Balance': -233.68000000000004, 'VolumeSum': 166.0}
{'Time': '2023-06-08T19:25:50Z', 'OrderTime': '2023-06-08T19:25:50Z', 'Price': 234.15, 'Balance': 0.46999999999997044, 'VolumeSum': -500.0}
{'Time': '2023-06-08T19:28:20Z', 'OrderTime': '2023-06-08T19:28:20Z', 'Price': 234.09, 'Balance': -233.62000000000003, 'VolumeSum': 149.0}
{'Time': '2023-06-08T19:28:30Z', 'OrderTime': '2023-06-08T19:28:30Z', 'Price': 234.06, 'Balance': 0.4399999999999693, 'VolumeSum': -509.0}
{'Time': '2023-06-08T19:31:40Z', 'OrderTime': '2023-06-08T19:31:40Z', 'Price': 234.08, 'Balance': -233.64000000000004, 'VolumeSum': 500.0}
{'Time': '2023-06-08T19:33:00Z', 'OrderTime': '2023-06-08T19:33:00Z', 'Price': 234.06, 'Balance': 0.4199999999999591, 'VolumeSum': -510.0}
{'Time': '2023-06-08T19:33:30Z', 'OrderTime': '2023-06-08T19:33:30Z', 'Price': 233.67, 'Balance': -233.25000000000003, 'VolumeSum': 1188.0}
{'Time': '2023-06-08T19:34:00Z', 'OrderTime': '2023-06-08T19:34:00Z', 'Price': 233.49, 'Balance': 0.23999999999998067, 'VolumeSum': -572.0}
{'Time': '2023-06-08T19:34:20Z', 'OrderTime': '2023-06-08T19:34:20Z', 'Price': 233.63, 'Balance': -233.39000000000001, 'VolumeSum': 852.0}
{'Time': '2023-06-08T19:37:10Z', 'OrderTime': '2023-06-08T19:37:10Z', 'Price': 234.05, 'Balance': 0.6599999999999966, 'VolumeSum': -55.0}
{'Time': '2023-06-08T19:37:30Z', 'OrderTime': '2023-06-08T19:37:30Z', 'Price': 234.02, 'Balance': -233.36, 'VolumeSum': 531.0}
{'Time': '2023-06-08T19:38:10Z', 'OrderTime': '2023-06-08T19:38:10Z', 'Price': 233.95, 'Balance': 0.589999999999975, 'VolumeSum': -442.0}
{'Time': '2023-06-08T19:38:30Z', 'OrderTime': '2023-06-08T19:38:30Z', 'Price': 233.94, 'Balance': -233.35000000000002, 'VolumeSum': 7.0}
{'Time': '2023-06-08T19:41:30Z', 'OrderTime': '2023-06-08T19:41:30Z', 'Price': 234.04, 'Balance': 0.6899999999999693, 'VolumeSum': -50.0}
{'Time': '2023-06-08T19:42:10Z', 'OrderTime': '2023-06-08T19:42:10Z', 'Price': 233.92, 'Balance': -233.23000000000002, 'VolumeSum': 1238.0}
{'Time': '2023-06-08T19:42:20Z', 'OrderTime': '2023-06-08T19:42:20Z', 'Price': 233.79, 'Balance': 0.5599999999999739, 'VolumeSum': -159.0}
{'Time': '2023-06-08T19:46:00Z', 'OrderTime': '2023-06-08T19:46:00Z', 'Price': 234.4, 'Balance': -233.84000000000003, 'VolumeSum': 753.0}
{'Time': '2023-06-08T19:47:30Z', 'OrderTime': '2023-06-08T19:47:30Z', 'Price': 234.53, 'Balance': 0.6899999999999693, 'VolumeSum': -247.0}
{'Time': '2023-06-08T19:48:30Z', 'OrderTime': '2023-06-08T19:48:30Z', 'Price': 234.74, 'Balance': -234.05000000000004, 'VolumeSum': 174.0}
{'Time': '2023-06-08T19:49:10Z', 'OrderTime': '2023-06-08T19:49:10Z', 'Price': 234.83, 'Balance': 0.7799999999999727, 'VolumeSum': -190.0}
{'Time': '2023-06-08T19:49:20Z', 'OrderTime': '2023-06-08T19:49:20Z', 'Price': 234.88, 'Balance': -234.10000000000002, 'VolumeSum': 430.0}
{'Time': '2023-06-08T19:50:20Z', 'OrderTime': '2023-06-08T19:50:20Z', 'Price': 234.91, 'Balance': 0.8099999999999739, 'VolumeSum': -200.0}
{'Time': '2023-06-08T19:50:30Z', 'OrderTime': '2023-06-08T19:50:30Z', 'Price': 234.96, 'Balance': -234.15000000000003, 'VolumeSum': 101.0}
{'Time': '2023-06-08T19:50:40Z', 'OrderTime': '2023-06-08T19:50:40Z', 'Price': 234.88, 'Balance': 0.7299999999999613, 'VolumeSum': -1019.0}
{'Time': '2023-06-08T19:50:50Z', 'OrderTime': '2023-06-08T19:50:50Z', 'Price': 234.87, 'Balance': -234.14000000000004, 'VolumeSum': 683.0}
{'Time': '2023-06-08T19:51:10Z', 'OrderTime': '2023-06-08T19:51:10Z', 'Price': 234.79, 'Balance': 0.6499999999999488, 'VolumeSum': -294.0}
{'Time': '2023-06-08T19:52:10Z', 'OrderTime': '2023-06-08T19:52:10Z', 'Price': 234.66, 'Balance': -234.01000000000005, 'VolumeSum': 583.0}
{'Time': '2023-06-08T19:54:10Z', 'OrderTime': '2023-06-08T19:54:10Z', 'Price': 234.88, 'Balance': 0.8699999999999477, 'VolumeSum': -339.0}
{'Time': '2023-06-08T19:59:50Z', 'OrderTime': '2023-06-08T19:59:50Z', 'Price': 234.88, 'Balance': -234.01000000000005, 'VolumeSum': 100.0}

{'Time': '2023-06-09T13:30:10Z', 'OrderTime': '2023-06-09T13:30:10Z', 'Price': 248.96, 'Balance': -248.96, 'VolumeSum': 100.0}
{'Time': '2023-06-09T13:30:30Z', 'OrderTime': '2023-06-09T13:30:30Z', 'Price': 248.74, 'Balance': -325.05999999999995, 'VolumeSum': -200.0}
{'Time': '2023-06-09T13:31:10Z', 'OrderTime': '2023-06-09T13:31:10Z', 'Price': 247.15, 'Balance': -77.75999999999996, 'VolumeSum': 0.0}

{'Time': '2023-06-09T14:03:30Z', 'OrderTime': '2023-06-09T14:03:30Z', 'Price': 248.33, 'Balance': -248.33, 'VolumeSum': 644.0}
{'Time': '2023-06-09T14:03:40Z', 'OrderTime': '2023-06-09T14:03:40Z', 'Price': 248.14, 'Balance': -0.19000000000002615, 'VolumeSum': -400.0}
{'Time': '2023-06-09T14:04:20Z', 'OrderTime': '2023-06-09T14:04:20Z', 'Price': 248.33, 'Balance': -248.52000000000004, 'VolumeSum': 200.0}
{'Time': '2023-06-09T14:09:10Z', 'OrderTime': '2023-06-09T14:09:10Z', 'Price': 247.92, 'Balance': -0.6000000000000512, 'VolumeSum': -489.0}
{'Time': '2023-06-09T14:09:40Z', 'OrderTime': '2023-06-09T14:09:40Z', 'Price': 248.22, 'Balance': -248.82000000000005, 'VolumeSum': 366.0}
{'Time': '2023-06-09T14:11:10Z', 'OrderTime': '2023-06-09T14:11:10Z', 'Price': 248.34, 'Balance': -0.4800000000000466, 'VolumeSum': -285.0}
{'Time': '2023-06-09T14:12:30Z', 'OrderTime': '2023-06-09T14:12:30Z', 'Price': 248.67, 'Balance': -249.15000000000003, 'VolumeSum': 222.0}
{'Time': '2023-06-09T14:13:00Z', 'OrderTime': '2023-06-09T14:13:00Z', 'Price': 248.56, 'Balance': -0.5900000000000318, 'VolumeSum': -659.0}
{'Time': '2023-06-09T14:14:30Z', 'OrderTime': '2023-06-09T14:14:30Z', 'Price': 251.32, 'Balance': -251.91000000000003, 'VolumeSum': 400.0}
{'Time': '2023-06-09T14:16:50Z', 'OrderTime': '2023-06-09T14:16:50Z', 'Price': 251.69, 'Balance': -0.22000000000002728, 'VolumeSum': -123.0}
{'Time': '2023-06-09T14:17:20Z', 'OrderTime': '2023-06-09T14:17:20Z', 'Price': 251.58, 'Balance': -251.80000000000004, 'VolumeSum': 950.0}
{'Time': '2023-06-09T14:17:50Z', 'OrderTime': '2023-06-09T14:17:50Z', 'Price': 251.5, 'Balance': -0.3000000000000398, 'VolumeSum': -567.0}
{'Time': '2023-06-09T14:21:20Z', 'OrderTime': '2023-06-09T14:21:20Z', 'Price': 251.8, 'Balance': -252.10000000000005, 'VolumeSum': 500.0}
{'Time': '2023-06-09T14:24:50Z', 'OrderTime': '2023-06-09T14:24:50Z', 'Price': 251.18, 'Balance': -0.9200000000000443, 'VolumeSum': -286.0}
{'Time': '2023-06-09T14:25:20Z', 'OrderTime': '2023-06-09T14:25:20Z', 'Price': 250.92, 'Balance': -251.84000000000003, 'VolumeSum': 1353.0}
{'Time': '2023-06-09T14:27:00Z', 'OrderTime': '2023-06-09T14:27:00Z', 'Price': 250.93, 'Balance': -0.910000000000025, 'VolumeSum': -853.0}
{'Time': '2023-06-09T14:28:30Z', 'OrderTime': '2023-06-09T14:28:30Z', 'Price': 250.51, 'Balance': -251.42000000000002, 'VolumeSum': 1054.0}
{'Time': '2023-06-09T14:28:40Z', 'OrderTime': '2023-06-09T14:28:40Z', 'Price': 250.65, 'Balance': -0.7700000000000102, 'VolumeSum': -208.0}
{'Time': '2023-06-09T14:31:10Z', 'OrderTime': '2023-06-09T14:31:10Z', 'Price': 251.25, 'Balance': -252.02, 'VolumeSum': 200.0}
{'Time': '2023-06-09T14:34:40Z', 'OrderTime': '2023-06-09T14:34:40Z', 'Price': 250.31, 'Balance': -1.710000000000008, 'VolumeSum': -1204.0}
{'Time': '2023-06-09T14:38:30Z', 'OrderTime': '2023-06-09T14:38:30Z', 'Price': 250.12, 'Balance': -251.83, 'VolumeSum': 163.0}
{'Time': '2023-06-09T14:40:10Z', 'OrderTime': '2023-06-09T14:40:10Z', 'Price': 249.56, 'Balance': -2.2700000000000102, 'VolumeSum': -1239.0}
{'Time': '2023-06-09T14:40:20Z', 'OrderTime': '2023-06-09T14:40:20Z', 'Price': 250.02, 'Balance': -252.29000000000002, 'VolumeSum': 4120.0}
{'Time': '2023-06-09T14:41:20Z', 'OrderTime': '2023-06-09T14:41:20Z', 'Price': 249.39, 'Balance': -2.900000000000034, 'VolumeSum': -100.0}
{'Time': '2023-06-09T14:41:30Z', 'OrderTime': '2023-06-09T14:41:30Z', 'Price': 249.65, 'Balance': -252.55000000000004, 'VolumeSum': 81.0}
{'Time': '2023-06-09T14:41:50Z', 'OrderTime': '2023-06-09T14:41:50Z', 'Price': 249.16, 'Balance': -3.390000000000043, 'VolumeSum': -1266.0}
{'Time': '2023-06-09T14:43:40Z', 'OrderTime': '2023-06-09T14:43:40Z', 'Price': 247.88, 'Balance': -251.27000000000004, 'VolumeSum': 143.0}
{'Time': '2023-06-09T14:46:40Z', 'OrderTime': '2023-06-09T14:46:40Z', 'Price': 247.81, 'Balance': -3.4600000000000364, 'VolumeSum': -125.0}
{'Time': '2023-06-09T14:47:00Z', 'OrderTime': '2023-06-09T14:47:00Z', 'Price': 247.79, 'Balance': -251.25000000000003, 'VolumeSum': 224.0}
{'Time': '2023-06-09T14:49:50Z', 'OrderTime': '2023-06-09T14:49:50Z', 'Price': 247.5, 'Balance': -3.7500000000000284, 'VolumeSum': -167.0}
{'Time': '2023-06-09T14:53:40Z', 'OrderTime': '2023-06-09T14:53:40Z', 'Price': 246.59, 'Balance': -250.34000000000003, 'VolumeSum': 744.0}
{'Time': '2023-06-09T14:54:50Z', 'OrderTime': '2023-06-09T14:54:50Z', 'Price': 247.41, 'Balance': -2.9300000000000352, 'VolumeSum': -1141.0}
{'Time': '2023-06-09T14:56:40Z', 'OrderTime': '2023-06-09T14:56:40Z', 'Price': 248.33, 'Balance': -251.26000000000005, 'VolumeSum': 1600.0}

{'Time': '2023-06-09T15:00:30Z', 'OrderTime': '2023-06-09T15:00:30Z', 'Price': 247.82, 'Balance': -247.82, 'VolumeSum': 162.0}
{'Time': '2023-06-09T15:09:30Z', 'OrderTime': '2023-06-09T15:09:30Z', 'Price': 249.56, 'Balance': 1.740000000000009, 'VolumeSum': -1100.0}
{'Time': '2023-06-09T15:10:20Z', 'OrderTime': '2023-06-09T15:10:20Z', 'Price': 249.88, 'Balance': -248.14, 'VolumeSum': 337.0}
{'Time': '2023-06-09T15:16:40Z', 'OrderTime': '2023-06-09T15:16:40Z', 'Price': 248.51, 'Balance': 0.37000000000000455, 'VolumeSum': -54.0}
{'Time': '2023-06-09T15:17:00Z', 'OrderTime': '2023-06-09T15:17:00Z', 'Price': 248.64, 'Balance': -248.26999999999998, 'VolumeSum': 328.0}
{'Time': '2023-06-09T15:17:10Z', 'OrderTime': '2023-06-09T15:17:10Z', 'Price': 248.28, 'Balance': 0.010000000000019327, 'VolumeSum': -273.0}
{'Time': '2023-06-09T15:22:10Z', 'OrderTime': '2023-06-09T15:22:10Z', 'Price': 247.99, 'Balance': -247.98, 'VolumeSum': 888.0}
{'Time': '2023-06-09T15:48:00Z', 'OrderTime': '2023-06-09T15:48:00Z', 'Price': 248.15, 'Balance': 0.17000000000001592, 'VolumeSum': -1300.0}
{'Time': '2023-06-09T16:03:20Z', 'OrderTime': '2023-06-09T16:03:20Z', 'Price': 246.17, 'Balance': -245.99999999999997, 'VolumeSum': 100.0}
{'Time': '2023-06-09T16:17:10Z', 'OrderTime': '2023-06-09T16:17:10Z', 'Price': 247.17, 'Balance': 1.170000000000016, 'VolumeSum': -53.0}
{'Time': '2023-06-09T16:18:50Z', 'OrderTime': '2023-06-09T16:18:50Z', 'Price': 246.61, 'Balance': -245.44, 'VolumeSum': 20.0}
{'Time': '2023-06-09T17:32:20Z', 'OrderTime': '2023-06-09T17:32:20Z', 'Price': 246.97, 'Balance': 1.5300000000000011, 'VolumeSum': -640.0}
{'Time': '2023-06-09T18:18:10Z', 'OrderTime': '2023-06-09T18:18:10Z', 'Price': 246.26, 'Balance': -244.73, 'VolumeSum': 100.0}
{'Time': '2023-06-09T18:38:10Z', 'OrderTime': '2023-06-09T18:38:10Z', 'Price': 244.92, 'Balance': 0.18999999999999773, 'VolumeSum': -200.0}
{'Time': '2023-06-09T18:43:30Z', 'OrderTime': '2023-06-09T18:43:30Z', 'Price': 244.59, 'Balance': -244.4, 'VolumeSum': 252.0}
{'Time': '2023-06-09T19:16:00Z', 'OrderTime': '2023-06-09T19:16:00Z', 'Price': 243.72, 'Balance': -0.6800000000000068, 'VolumeSum': -224.0}
{'Time': '2023-06-09T19:40:40Z', 'OrderTime': '2023-06-09T19:40:40Z', 'Price': 243.8, 'Balance': -244.48000000000002, 'VolumeSum': 1014.0}

{'Time': '2023-06-12T14:07:20Z', 'OrderTime': '2023-06-12T14:07:20Z', 'Price': 248.41, 'Balance': -248.41, 'VolumeSum': 246.0}
{'Time': '2023-06-12T14:21:30Z', 'OrderTime': '2023-06-12T14:21:30Z', 'Price': 248.39, 'Balance': -0.020000000000010232, 'VolumeSum': -43.0}
{'Time': '2023-06-12T14:24:20Z', 'OrderTime': '2023-06-12T14:24:20Z', 'Price': 247.99, 'Balance': -248.01000000000002, 'VolumeSum': 1121.0}
{'Time': '2023-06-12T15:23:50Z', 'OrderTime': '2023-06-12T15:23:50Z', 'Price': 247.33, 'Balance': -0.6800000000000068, 'VolumeSum': -300.0}

{'Time': '2023-06-13T13:30:10Z', 'OrderTime': '2023-06-13T13:30:10Z', 'Price': 253.27, 'Balance': -253.27, 'VolumeSum': 6.0}
{'Time': '2023-06-13T13:30:40Z', 'OrderTime': '2023-06-13T13:30:40Z', 'Price': 253.35, 'Balance': 0.08, 'VolumeSum': -505.0}

{'Time': '2023-06-13T13:38:50Z', 'OrderTime': '2023-06-13T13:38:50Z', 'Price': 254.22, 'Balance': -254.22, 'VolumeSum': 192.0}
{'Time': '2023-06-13T13:39:30Z', 'OrderTime': '2023-06-13T13:39:30Z', 'Price': 254.26, 'Balance': 0.03999999999999204, 'VolumeSum': -225.0}
{'Time': '2023-06-13T13:46:10Z', 'OrderTime': '2023-06-13T13:46:10Z', 'Price': 253.78, 'Balance': -253.74, 'VolumeSum': 300.0}
{'Time': '2023-06-13T13:47:30Z', 'OrderTime': '2023-06-13T13:47:30Z', 'Price': 253.37, 'Balance': -0.37000000000000455, 'VolumeSum': -186.0}
{'Time': '2023-06-13T13:50:30Z', 'OrderTime': '2023-06-13T13:50:30Z', 'Price': 253.2, 'Balance': -253.57, 'VolumeSum': 402.0}
{'Time': '2023-06-13T13:54:00Z', 'OrderTime': '2023-06-13T13:54:00Z', 'Price': 254.11, 'Balance': 0.5400000000000205, 'VolumeSum': -100.0}
{'Time': '2023-06-13T13:54:20Z', 'OrderTime': '2023-06-13T13:54:20Z', 'Price': 254.19, 'Balance': -253.64999999999998, 'VolumeSum': 646.0}
{'Time': '2023-06-13T13:59:10Z', 'OrderTime': '2023-06-13T13:59:10Z', 'Price': 253.57, 'Balance': -0.07999999999998408, 'VolumeSum': -514.0}

{'Time': '2023-06-13T14:06:20Z', 'OrderTime': '2023-06-13T14:06:20Z', 'Price': 254.14, 'Balance': -254.21999999999997, 'VolumeSum': 269.0}
{'Time': '2023-06-13T14:07:10Z', 'OrderTime': '2023-06-13T14:07:10Z', 'Price': 253.47, 'Balance': -0.7499999999999716, 'VolumeSum': -1120.0}
{'Time': '2023-06-13T14:09:10Z', 'OrderTime': '2023-06-13T14:09:10Z', 'Price': 253.44, 'Balance': -254.18999999999997, 'VolumeSum': 150.0}
{'Time': '2023-06-13T14:11:20Z', 'OrderTime': '2023-06-13T14:11:20Z', 'Price': 253.42, 'Balance': -0.7699999999999818, 'VolumeSum': -219.0}
{'Time': '2023-06-13T14:12:30Z', 'OrderTime': '2023-06-13T14:12:30Z', 'Price': 253.38, 'Balance': -254.14999999999998, 'VolumeSum': 100.0}
{'Time': '2023-06-13T14:12:50Z', 'OrderTime': '2023-06-13T14:12:50Z', 'Price': 252.74, 'Balance': -1.4099999999999682, 'VolumeSum': -79.0}
{'Time': '2023-06-13T14:14:10Z', 'OrderTime': '2023-06-13T14:14:10Z', 'Price': 252.37, 'Balance': -253.77999999999997, 'VolumeSum': 886.0}
{'Time': '2023-06-13T14:14:50Z', 'OrderTime': '2023-06-13T14:14:50Z', 'Price': 252.83, 'Balance': -0.9499999999999602, 'VolumeSum': -156.0}
{'Time': '2023-06-13T14:15:30Z', 'OrderTime': '2023-06-13T14:15:30Z', 'Price': 252.78, 'Balance': -253.72999999999996, 'VolumeSum': 334.0}
{'Time': '2023-06-13T14:15:40Z', 'OrderTime': '2023-06-13T14:15:40Z', 'Price': 252.75, 'Balance': -0.9799999999999613, 'VolumeSum': -123.0}
{'Time': '2023-06-13T14:19:00Z', 'OrderTime': '2023-06-13T14:19:00Z', 'Price': 252.28, 'Balance': -253.25999999999996, 'VolumeSum': 800.0}
{'Time': '2023-06-13T14:20:30Z', 'OrderTime': '2023-06-13T14:20:30Z', 'Price': 252.53, 'Balance': -0.7299999999999613, 'VolumeSum': -82.0}
{'Time': '2023-06-13T14:25:30Z', 'OrderTime': '2023-06-13T14:25:30Z', 'Price': 253.3, 'Balance': -254.02999999999997, 'VolumeSum': 310.0}
{'Time': '2023-06-13T14:26:00Z', 'OrderTime': '2023-06-13T14:26:00Z', 'Price': 253.07, 'Balance': -0.9599999999999795, 'VolumeSum': -195.0}
{'Time': '2023-06-13T14:26:30Z', 'OrderTime': '2023-06-13T14:26:30Z', 'Price': 252.93, 'Balance': -253.89, 'VolumeSum': 252.0}
{'Time': '2023-06-13T14:28:50Z', 'OrderTime': '2023-06-13T14:28:50Z', 'Price': 252.17, 'Balance': -1.7199999999999989, 'VolumeSum': -661.0}
{'Time': '2023-06-13T14:49:00Z', 'OrderTime': '2023-06-13T14:49:00Z', 'Price': 252.23, 'Balance': -253.95, 'VolumeSum': 234.0}
{'Time': '2023-06-13T14:56:40Z', 'OrderTime': '2023-06-13T14:56:40Z', 'Price': 253.41, 'Balance': -0.539999999999992, 'VolumeSum': -296.0}

{'Time': '2023-06-13T15:07:20Z', 'OrderTime': '2023-06-13T15:07:20Z', 'Price': 254.05, 'Balance': -254.59, 'VolumeSum': 1004.0}
{'Time': '2023-06-13T15:08:40Z', 'OrderTime': '2023-06-13T15:08:40Z', 'Price': 254.34, 'Balance': -0.25, 'VolumeSum': -200.0}
{'Time': '2023-06-13T15:11:00Z', 'OrderTime': '2023-06-13T15:11:00Z', 'Price': 254.1, 'Balance': -254.35, 'VolumeSum': 332.0}
{'Time': '2023-06-13T15:21:30Z', 'OrderTime': '2023-06-13T15:21:30Z', 'Price': 254.49, 'Balance': 0.14000000000001478, 'VolumeSum': -688.0}
{'Time': '2023-06-13T15:24:00Z', 'OrderTime': '2023-06-13T15:24:00Z', 'Price': 254.43, 'Balance': -254.29, 'VolumeSum': 581.0}
{'Time': '2023-06-13T15:24:10Z', 'OrderTime': '2023-06-13T15:24:10Z', 'Price': 253.86, 'Balance': -0.4299999999999784, 'VolumeSum': -486.0}
{'Time': '2023-06-13T15:26:30Z', 'OrderTime': '2023-06-13T15:26:30Z', 'Price': 254.26, 'Balance': -254.68999999999997, 'VolumeSum': 447.0}
{'Time': '2023-06-13T15:29:00Z', 'OrderTime': '2023-06-13T15:29:00Z', 'Price': 254.51, 'Balance': -0.1799999999999784, 'VolumeSum': -264.0}
{'Time': '2023-06-13T15:30:50Z', 'OrderTime': '2023-06-13T15:30:50Z', 'Price': 254.58, 'Balance': -254.76, 'VolumeSum': 833.0}
{'Time': '2023-06-13T15:34:40Z', 'OrderTime': '2023-06-13T15:34:40Z', 'Price': 254.2, 'Balance': -0.5600000000000023, 'VolumeSum': -56.0}
{'Time': '2023-06-13T15:53:40Z', 'OrderTime': '2023-06-13T15:53:40Z', 'Price': 257.08, 'Balance': -257.64, 'VolumeSum': 1065.0}
{'Time': '2023-06-13T15:58:00Z', 'OrderTime': '2023-06-13T15:58:00Z', 'Price': 256.8, 'Balance': -0.839999999999975, 'VolumeSum': -100.0}

{'Time': '2023-06-13T16:28:30Z', 'OrderTime': '2023-06-13T16:28:30Z', 'Price': 258.75, 'Balance': -259.59, 'VolumeSum': 379.0}

{'Time': '2023-06-13T17:00:40Z', 'OrderTime': '2023-06-13T17:00:40Z', 'Price': 258.29, 'Balance': -1.2999999999999545, 'VolumeSum': -19.0}
{'Time': '2023-06-13T17:05:00Z', 'OrderTime': '2023-06-13T17:05:00Z', 'Price': 258.76, 'Balance': -260.05999999999995, 'VolumeSum': 47.0}
{'Time': '2023-06-13T17:15:20Z', 'OrderTime': '2023-06-13T17:15:20Z', 'Price': 257.77, 'Balance': -2.2899999999999636, 'VolumeSum': -141.0}
{'Time': '2023-06-13T17:15:30Z', 'OrderTime': '2023-06-13T17:15:30Z', 'Price': 257.88, 'Balance': -260.16999999999996, 'VolumeSum': 60.0}
{'Time': '2023-06-13T17:17:10Z', 'OrderTime': '2023-06-13T17:17:10Z', 'Price': 258.12, 'Balance': -2.0499999999999545, 'VolumeSum': -5600.0}
{'Time': '2023-06-13T17:20:40Z', 'OrderTime': '2023-06-13T17:20:40Z', 'Price': 258.13, 'Balance': -260.17999999999995, 'VolumeSum': 360.0}
{'Time': '2023-06-13T17:23:40Z', 'OrderTime': '2023-06-13T17:23:40Z', 'Price': 257.99, 'Balance': -2.189999999999941, 'VolumeSum': -253.0}
{'Time': '2023-06-13T17:27:30Z', 'OrderTime': '2023-06-13T17:27:30Z', 'Price': 258.38, 'Balance': -260.56999999999994, 'VolumeSum': 71.0}
{'Time': '2023-06-13T17:43:40Z', 'OrderTime': '2023-06-13T17:43:40Z', 'Price': 259.27, 'Balance': -1.2999999999999545, 'VolumeSum': -857.0}
{'Time': '2023-06-13T17:49:10Z', 'OrderTime': '2023-06-13T17:49:10Z', 'Price': 259.05, 'Balance': -260.34999999999997, 'VolumeSum': 100.0}
{'Time': '2023-06-13T17:50:40Z', 'OrderTime': '2023-06-13T17:50:40Z', 'Price': 259.07, 'Balance': -1.2799999999999727, 'VolumeSum': -375.0}
{'Time': '2023-06-13T17:57:50Z', 'OrderTime': '2023-06-13T17:57:50Z', 'Price': 259.3, 'Balance': -260.58, 'VolumeSum': 969.0}

{'Time': '2023-06-13T18:00:40Z', 'OrderTime': '2023-06-13T18:00:40Z', 'Price': 258.79, 'Balance': -1.7899999999999636, 'VolumeSum': -648.0}
{'Time': '2023-06-13T18:05:20Z', 'OrderTime': '2023-06-13T18:05:20Z', 'Price': 258.33, 'Balance': -260.11999999999995, 'VolumeSum': 100.0}
{'Time': '2023-06-13T18:05:40Z', 'OrderTime': '2023-06-13T18:05:40Z', 'Price': 258.21, 'Balance': -1.9099999999999682, 'VolumeSum': -85.0}
{'Time': '2023-06-13T18:08:30Z', 'OrderTime': '2023-06-13T18:08:30Z', 'Price': 257.97, 'Balance': -259.88, 'VolumeSum': 153.0}
{'Time': '2023-06-13T18:08:40Z', 'OrderTime': '2023-06-13T18:08:40Z', 'Price': 258.01, 'Balance': -1.8700000000000045, 'VolumeSum': -946.0}
{'Time': '2023-06-13T18:09:30Z', 'OrderTime': '2023-06-13T18:09:30Z', 'Price': 257.53, 'Balance': -259.4, 'VolumeSum': 90.0}
{'Time': '2023-06-13T18:09:50Z', 'OrderTime': '2023-06-13T18:09:50Z', 'Price': 257.3, 'Balance': -2.099999999999966, 'VolumeSum': -406.0}
{'Time': '2023-06-13T18:10:20Z', 'OrderTime': '2023-06-13T18:10:20Z', 'Price': 256.79, 'Balance': -258.89, 'VolumeSum': 319.0}
{'Time': '2023-06-13T18:10:30Z', 'OrderTime': '2023-06-13T18:10:30Z', 'Price': 256.78, 'Balance': -2.1100000000000136, 'VolumeSum': -48.0}
{'Time': '2023-06-13T18:10:40Z', 'OrderTime': '2023-06-13T18:10:40Z', 'Price': 256.81, 'Balance': -258.92, 'VolumeSum': 17.0}
{'Time': '2023-06-13T18:12:00Z', 'OrderTime': '2023-06-13T18:12:00Z', 'Price': 256.76, 'Balance': -2.160000000000025, 'VolumeSum': -200.0}
{'Time': '2023-06-13T18:12:30Z', 'OrderTime': '2023-06-13T18:12:30Z', 'Price': 257.24, 'Balance': -259.40000000000003, 'VolumeSum': 335.0}
{'Time': '2023-06-13T18:13:10Z', 'OrderTime': '2023-06-13T18:13:10Z', 'Price': 257.59, 'Balance': -1.8100000000000591, 'VolumeSum': -192.0}
{'Time': '2023-06-13T18:13:20Z', 'OrderTime': '2023-06-13T18:13:20Z', 'Price': 257.69, 'Balance': -259.50000000000006, 'VolumeSum': 165.0}
{'Time': '2023-06-13T18:17:10Z', 'OrderTime': '2023-06-13T18:17:10Z', 'Price': 257.07, 'Balance': -2.4300000000000637, 'VolumeSum': -45.0}
{'Time': '2023-06-13T18:18:40Z', 'OrderTime': '2023-06-13T18:18:40Z', 'Price': 257.37, 'Balance': -259.80000000000007, 'VolumeSum': 100.0}
{'Time': '2023-06-13T18:19:10Z', 'OrderTime': '2023-06-13T18:19:10Z', 'Price': 257.68, 'Balance': -2.1200000000000614, 'VolumeSum': -150.0}
{'Time': '2023-06-13T18:20:00Z', 'OrderTime': '2023-06-13T18:20:00Z', 'Price': 257.67, 'Balance': -259.7900000000001, 'VolumeSum': 178.0}
{'Time': '2023-06-13T18:20:40Z', 'OrderTime': '2023-06-13T18:20:40Z', 'Price': 257.43, 'Balance': -2.3600000000000705, 'VolumeSum': -270.0}
{'Time': '2023-06-13T18:21:50Z', 'OrderTime': '2023-06-13T18:21:50Z', 'Price': 257.4, 'Balance': -259.76000000000005, 'VolumeSum': 200.0}
{'Time': '2023-06-13T18:22:10Z', 'OrderTime': '2023-06-13T18:22:10Z', 'Price': 257.5, 'Balance': -2.2600000000000477, 'VolumeSum': -1200.0}
{'Time': '2023-06-13T18:24:40Z', 'OrderTime': '2023-06-13T18:24:40Z', 'Price': 257.16, 'Balance': -259.4200000000001, 'VolumeSum': 70.0}
{'Time': '2023-06-13T18:27:00Z', 'OrderTime': '2023-06-13T18:27:00Z', 'Price': 256.87, 'Balance': -2.550000000000068, 'VolumeSum': -35.0}
{'Time': '2023-06-13T18:27:10Z', 'OrderTime': '2023-06-13T18:27:10Z', 'Price': 256.73, 'Balance': -259.2800000000001, 'VolumeSum': 1200.0}
{'Time': '2023-06-13T18:27:30Z', 'OrderTime': '2023-06-13T18:27:30Z', 'Price': 256.47, 'Balance': -2.810000000000059, 'VolumeSum': -300.0}
{'Time': '2023-06-13T18:29:40Z', 'OrderTime': '2023-06-13T18:29:40Z', 'Price': 255.84, 'Balance': -258.6500000000001, 'VolumeSum': 2.0}
{'Time': '2023-06-13T18:30:20Z', 'OrderTime': '2023-06-13T18:30:20Z', 'Price': 255.85, 'Balance': -2.8000000000000966, 'VolumeSum': -77.0}
{'Time': '2023-06-13T18:30:50Z', 'OrderTime': '2023-06-13T18:30:50Z', 'Price': 256.05, 'Balance': -258.85000000000014, 'VolumeSum': 300.0}
{'Time': '2023-06-13T18:31:20Z', 'OrderTime': '2023-06-13T18:31:20Z', 'Price': 256.56, 'Balance': -2.290000000000134, 'VolumeSum': -365.0}
{'Time': '2023-06-13T18:33:20Z', 'OrderTime': '2023-06-13T18:33:20Z', 'Price': 256.34, 'Balance': -258.6300000000001, 'VolumeSum': 158.0}
{'Time': '2023-06-13T18:34:10Z', 'OrderTime': '2023-06-13T18:34:10Z', 'Price': 256.16, 'Balance': -2.470000000000084, 'VolumeSum': -200.0}
{'Time': '2023-06-13T18:40:00Z', 'OrderTime': '2023-06-13T18:40:00Z', 'Price': 256.26, 'Balance': -258.7300000000001, 'VolumeSum': 2.0}
{'Time': '2023-06-13T18:40:40Z', 'OrderTime': '2023-06-13T18:40:40Z', 'Price': 256.71, 'Balance': -2.0200000000000955, 'VolumeSum': -737.0}
{'Time': '2023-06-13T18:41:20Z', 'OrderTime': '2023-06-13T18:41:20Z', 'Price': 256.51, 'Balance': -258.5300000000001, 'VolumeSum': 324.0}
{'Time': '2023-06-13T18:42:30Z', 'OrderTime': '2023-06-13T18:42:30Z', 'Price': 256.25, 'Balance': -2.2800000000000864, 'VolumeSum': -369.0}
{'Time': '2023-06-13T18:43:20Z', 'OrderTime': '2023-06-13T18:43:20Z', 'Price': 256.4, 'Balance': -258.68000000000006, 'VolumeSum': 448.0}
{'Time': '2023-06-13T18:47:00Z', 'OrderTime': '2023-06-13T18:47:00Z', 'Price': 256.35, 'Balance': -2.330000000000041, 'VolumeSum': -758.0}
{'Time': '2023-06-13T18:50:20Z', 'OrderTime': '2023-06-13T18:50:20Z', 'Price': 256.43, 'Balance': -258.76000000000005, 'VolumeSum': 100.0}
{'Time': '2023-06-13T18:53:20Z', 'OrderTime': '2023-06-13T18:53:20Z', 'Price': 257.62, 'Balance': -1.1400000000000432, 'VolumeSum': -101.0}
{'Time': '2023-06-13T18:54:40Z', 'OrderTime': '2023-06-13T18:54:40Z', 'Price': 257.73, 'Balance': -258.87000000000006, 'VolumeSum': 85.0}
{'Time': '2023-06-13T18:55:50Z', 'OrderTime': '2023-06-13T18:55:50Z', 'Price': 258.25, 'Balance': -0.6200000000000614, 'VolumeSum': -476.0}
{'Time': '2023-06-13T18:56:00Z', 'OrderTime': '2023-06-13T18:56:00Z', 'Price': 258.36, 'Balance': -258.9800000000001, 'VolumeSum': 151.0}
{'Time': '2023-06-13T18:57:10Z', 'OrderTime': '2023-06-13T18:57:10Z', 'Price': 258.21, 'Balance': -0.7700000000000955, 'VolumeSum': -163.0}
{'Time': '2023-06-13T18:58:00Z', 'OrderTime': '2023-06-13T18:58:00Z', 'Price': 258.14, 'Balance': -258.9100000000001, 'VolumeSum': 147.0}
{'Time': '2023-06-13T18:59:10Z', 'OrderTime': '2023-06-13T18:59:10Z', 'Price': 258.15, 'Balance': -0.7600000000001046, 'VolumeSum': -438.0}

{'Time': '2023-06-13T19:08:50Z', 'OrderTime': '2023-06-13T19:08:50Z', 'Price': 258.35, 'Balance': -259.1100000000001, 'VolumeSum': 632.0}
{'Time': '2023-06-13T19:14:10Z', 'OrderTime': '2023-06-13T19:14:10Z', 'Price': 258.37, 'Balance': -0.7400000000001228, 'VolumeSum': -190.0}
{'Time': '2023-06-13T19:17:30Z', 'OrderTime': '2023-06-13T19:17:30Z', 'Price': 258.75, 'Balance': -259.4900000000001, 'VolumeSum': 181.0}
{'Time': '2023-06-13T19:33:40Z', 'OrderTime': '2023-06-13T19:33:40Z', 'Price': 257.99, 'Balance': -1.5000000000001137, 'VolumeSum': -224.0}
{'Time': '2023-06-13T19:49:00Z', 'OrderTime': '2023-06-13T19:49:02Z', 'Price': 258.28, 'Balance': -259.7800000000001, 'VolumeSum': 72.0}


{'Time': '2023-06-14T13:30:00Z', 'OrderTime': '2023-06-14T13:30:01Z', 'Price': 260.23, 'Balance': -260.23, 'VolumeSum': 2731.0}
{'Time': '2023-06-14T13:30:10Z', 'OrderTime': '2023-06-14T13:30:10Z', 'Price': 259.4, 'Balance': -0.8300000000000409, 'VolumeSum': -900.0}
{'Time': '2023-06-14T13:30:40Z', 'OrderTime': '2023-06-14T13:30:40Z', 'Price': 259.8, 'Balance': -260.63000000000005, 'VolumeSum': 200.0}
{'Time': '2023-06-14T13:31:00Z', 'OrderTime': '2023-06-14T13:31:00Z', 'Price': 259.06, 'Balance': -1.57000000000005, 'VolumeSum': -944.0}
{'Time': '2023-06-14T13:31:10Z', 'OrderTime': '2023-06-14T13:31:10Z', 'Price': 259.45, 'Balance': -261.02000000000004, 'VolumeSum': 511.0}
{'Time': '2023-06-14T13:31:20Z', 'OrderTime': '2023-06-14T13:31:20Z', 'Price': 258.32, 'Balance': -2.7000000000000455, 'VolumeSum': -615.0}
{'Time': '2023-06-14T13:31:30Z', 'OrderTime': '2023-06-14T13:31:30Z', 'Price': 258.13, 'Balance': -260.83000000000004, 'VolumeSum': 7940.0}
{'Time': '2023-06-14T13:32:00Z', 'OrderTime': '2023-06-14T13:32:00Z', 'Price': 257.79, 'Balance': -3.0400000000000205, 'VolumeSum': -624.0}
{'Time': '2023-06-14T13:32:10Z', 'OrderTime': '2023-06-14T13:32:10Z', 'Price': 257.32, 'Balance': -260.36, 'VolumeSum': 480.0}
{'Time': '2023-06-14T13:32:20Z', 'OrderTime': '2023-06-14T13:32:20Z', 'Price': 257.13, 'Balance': -3.230000000000018, 'VolumeSum': -200.0}
{'Time': '2023-06-14T13:32:40Z', 'OrderTime': '2023-06-14T13:32:40Z', 'Price': 257.18, 'Balance': -260.41, 'VolumeSum': 531.0}
{'Time': '2023-06-14T13:32:50Z', 'OrderTime': '2023-06-14T13:32:50Z', 'Price': 257.05, 'Balance': -3.3600000000000136, 'VolumeSum': -649.0}
{'Time': '2023-06-14T13:33:00Z', 'OrderTime': '2023-06-14T13:33:00Z', 'Price': 257.23, 'Balance': -260.59000000000003, 'VolumeSum': 68.0}
{'Time': '2023-06-14T13:33:10Z', 'OrderTime': '2023-06-14T13:33:10Z', 'Price': 257.43, 'Balance': -3.160000000000025, 'VolumeSum': -236.0}
{'Time': '2023-06-14T13:33:20Z', 'OrderTime': '2023-06-14T13:33:20Z', 'Price': 257.58, 'Balance': -260.74, 'VolumeSum': 810.0}
{'Time': '2023-06-14T13:33:30Z', 'OrderTime': '2023-06-14T13:33:30Z', 'Price': 257.2, 'Balance': -3.5400000000000205, 'VolumeSum': -84.0}
{'Time': '2023-06-14T13:34:30Z', 'OrderTime': '2023-06-14T13:34:30Z', 'Price': 257.7, 'Balance': -261.24, 'VolumeSum': 815.0}
{'Time': '2023-06-14T13:35:00Z', 'OrderTime': '2023-06-14T13:35:00Z', 'Price': 258.02, 'Balance': -3.2200000000000273, 'VolumeSum': -718.0}
{'Time': '2023-06-14T13:35:10Z', 'OrderTime': '2023-06-14T13:35:10Z', 'Price': 258.47, 'Balance': -261.69000000000005, 'VolumeSum': 325.0}
{'Time': '2023-06-14T13:35:20Z', 'OrderTime': '2023-06-14T13:35:20Z', 'Price': 258.17, 'Balance': -3.5200000000000387, 'VolumeSum': -1352.0}
{'Time': '2023-06-14T13:35:30Z', 'OrderTime': '2023-06-14T13:35:30Z', 'Price': 258.35, 'Balance': -261.87000000000006, 'VolumeSum': 300.0}
{'Time': '2023-06-14T13:35:40Z', 'OrderTime': '2023-06-14T13:35:40Z', 'Price': 258.12, 'Balance': -3.750000000000057, 'VolumeSum': -559.0}
{'Time': '2023-06-14T13:35:50Z', 'OrderTime': '2023-06-14T13:35:50Z', 'Price': 257.92, 'Balance': -261.6700000000001, 'VolumeSum': 1156.0}
{'Time': '2023-06-14T13:36:50Z', 'OrderTime': '2023-06-14T13:36:50Z', 'Price': 257.15, 'Balance': -4.5200000000000955, 'VolumeSum': -275.0}
{'Time': '2023-06-14T13:37:00Z', 'OrderTime': '2023-06-14T13:37:00Z', 'Price': 256.58, 'Balance': -261.1000000000001, 'VolumeSum': 450.0}
{'Time': '2023-06-14T13:37:30Z', 'OrderTime': '2023-06-14T13:37:30Z', 'Price': 256.13, 'Balance': -4.970000000000084, 'VolumeSum': -577.0}
{'Time': '2023-06-14T13:37:40Z', 'OrderTime': '2023-06-14T13:37:40Z', 'Price': 256.06, 'Balance': -261.0300000000001, 'VolumeSum': 433.0}
{'Time': '2023-06-14T13:37:50Z', 'OrderTime': '2023-06-14T13:37:50Z', 'Price': 255.85, 'Balance': -5.180000000000092, 'VolumeSum': -14.0}
{'Time': '2023-06-14T13:38:20Z', 'OrderTime': '2023-06-14T13:38:20Z', 'Price': 255.82, 'Balance': -261.0000000000001, 'VolumeSum': 5414.0}
{'Time': '2023-06-14T13:38:30Z', 'OrderTime': '2023-06-14T13:38:30Z', 'Price': 256.4, 'Balance': -4.600000000000136, 'VolumeSum': -720.0}
{'Time': '2023-06-14T13:38:50Z', 'OrderTime': '2023-06-14T13:38:50Z', 'Price': 256.46, 'Balance': -261.0600000000001, 'VolumeSum': 100.0}
{'Time': '2023-06-14T13:39:00Z', 'OrderTime': '2023-06-14T13:39:00Z', 'Price': 256.56, 'Balance': -4.500000000000114, 'VolumeSum': -149.0}
{'Time': '2023-06-14T13:39:10Z', 'OrderTime': '2023-06-14T13:39:10Z', 'Price': 256.96, 'Balance': -261.4600000000001, 'VolumeSum': 4.0}
{'Time': '2023-06-14T13:39:20Z', 'OrderTime': '2023-06-14T13:39:20Z', 'Price': 256.54, 'Balance': -4.920000000000073, 'VolumeSum': -481.0}
{'Time': '2023-06-14T13:39:30Z', 'OrderTime': '2023-06-14T13:39:30Z', 'Price': 256.16, 'Balance': -261.0800000000001, 'VolumeSum': 514.0}
{'Time': '2023-06-14T13:40:10Z', 'OrderTime': '2023-06-14T13:40:10Z', 'Price': 256.21, 'Balance': -4.870000000000118, 'VolumeSum': -200.0}
{'Time': '2023-06-14T13:40:30Z', 'OrderTime': '2023-06-14T13:40:30Z', 'Price': 256.16, 'Balance': -261.03000000000014, 'VolumeSum': 102.0}
{'Time': '2023-06-14T13:40:50Z', 'OrderTime': '2023-06-14T13:40:50Z', 'Price': 255.82, 'Balance': -5.21000000000015, 'VolumeSum': -631.0}
{'Time': '2023-06-14T13:41:00Z', 'OrderTime': '2023-06-14T13:41:00Z', 'Price': 255.56, 'Balance': -260.77000000000015, 'VolumeSum': 633.0}
{'Time': '2023-06-14T13:41:10Z', 'OrderTime': '2023-06-14T13:41:10Z', 'Price': 255.84, 'Balance': -4.930000000000149, 'VolumeSum': -796.0}
{'Time': '2023-06-14T13:41:20Z', 'OrderTime': '2023-06-14T13:41:20Z', 'Price': 256.49, 'Balance': -261.4200000000002, 'VolumeSum': 979.0}
{'Time': '2023-06-14T13:41:50Z', 'OrderTime': '2023-06-14T13:41:50Z', 'Price': 256.16, 'Balance': -5.260000000000161, 'VolumeSum': -136.0}
{'Time': '2023-06-14T13:42:20Z', 'OrderTime': '2023-06-14T13:42:20Z', 'Price': 256.32, 'Balance': -261.58000000000015, 'VolumeSum': 330.0}
{'Time': '2023-06-14T13:42:30Z', 'OrderTime': '2023-06-14T13:42:30Z', 'Price': 256.15, 'Balance': -5.430000000000177, 'VolumeSum': -491.0}
{'Time': '2023-06-14T13:42:40Z', 'OrderTime': '2023-06-14T13:42:40Z', 'Price': 256.29, 'Balance': -261.7200000000002, 'VolumeSum': 441.0}
{'Time': '2023-06-14T13:43:20Z', 'OrderTime': '2023-06-14T13:43:20Z', 'Price': 256.49, 'Balance': -5.230000000000189, 'VolumeSum': -559.0}
{'Time': '2023-06-14T13:43:30Z', 'OrderTime': '2023-06-14T13:43:30Z', 'Price': 256.64, 'Balance': -261.8700000000002, 'VolumeSum': 602.0}
{'Time': '2023-06-14T13:44:30Z', 'OrderTime': '2023-06-14T13:44:30Z', 'Price': 257.12, 'Balance': -4.7500000000001705, 'VolumeSum': -241.0}
{'Time': '2023-06-14T13:45:10Z', 'OrderTime': '2023-06-14T13:45:10Z', 'Price': 257.49, 'Balance': -262.2400000000002, 'VolumeSum': 600.0}
{'Time': '2023-06-14T13:45:20Z', 'OrderTime': '2023-06-14T13:45:20Z', 'Price': 257.48, 'Balance': -4.760000000000161, 'VolumeSum': -1029.0}
{'Time': '2023-06-14T13:45:40Z', 'OrderTime': '2023-06-14T13:45:40Z', 'Price': 257.57, 'Balance': -262.33000000000015, 'VolumeSum': 1368.0}
{'Time': '2023-06-14T13:45:50Z', 'OrderTime': '2023-06-14T13:45:50Z', 'Price': 257.47, 'Balance': -4.860000000000127, 'VolumeSum': -676.0}
{'Time': '2023-06-14T13:46:10Z', 'OrderTime': '2023-06-14T13:46:10Z', 'Price': 257.34, 'Balance': -262.2000000000001, 'VolumeSum': 489.0}
{'Time': '2023-06-14T13:46:20Z', 'OrderTime': '2023-06-14T13:46:20Z', 'Price': 257.22, 'Balance': -4.980000000000075, 'VolumeSum': -534.0}
{'Time': '2023-06-14T13:46:30Z', 'OrderTime': '2023-06-14T13:46:30Z', 'Price': 257.15, 'Balance': -262.13000000000005, 'VolumeSum': 2203.0}
{'Time': '2023-06-14T13:47:10Z', 'OrderTime': '2023-06-14T13:47:10Z', 'Price': 258.08, 'Balance': -4.050000000000068, 'VolumeSum': -116.0}
{'Time': '2023-06-14T13:47:20Z', 'OrderTime': '2023-06-14T13:47:20Z', 'Price': 258.07, 'Balance': -262.12000000000006, 'VolumeSum': 605.0}
{'Time': '2023-06-14T13:48:40Z', 'OrderTime': '2023-06-14T13:48:40Z', 'Price': 258.18, 'Balance': -3.9400000000000546, 'VolumeSum': -20.0}
{'Time': '2023-06-14T13:48:50Z', 'OrderTime': '2023-06-14T13:48:50Z', 'Price': 258.35, 'Balance': -262.2900000000001, 'VolumeSum': 211.0}
{'Time': '2023-06-14T13:49:00Z', 'OrderTime': '2023-06-14T13:49:00Z', 'Price': 258.21, 'Balance': -4.080000000000098, 'VolumeSum': -475.0}
{'Time': '2023-06-14T13:49:30Z', 'OrderTime': '2023-06-14T13:49:30Z', 'Price': 257.4, 'Balance': -261.4800000000001, 'VolumeSum': 2073.0}
{'Time': '2023-06-14T13:49:40Z', 'OrderTime': '2023-06-14T13:49:40Z', 'Price': 257.3, 'Balance': -4.180000000000064, 'VolumeSum': -765.0}
{'Time': '2023-06-14T13:50:00Z', 'OrderTime': '2023-06-14T13:50:00Z', 'Price': 257.3, 'Balance': -261.4800000000001, 'VolumeSum': 34.0}
{'Time': '2023-06-14T13:50:10Z', 'OrderTime': '2023-06-14T13:50:10Z', 'Price': 256.94, 'Balance': -4.540000000000077, 'VolumeSum': -621.0}
{'Time': '2023-06-14T13:50:20Z', 'OrderTime': '2023-06-14T13:50:20Z', 'Price': 257.0, 'Balance': -261.5400000000001, 'VolumeSum': 806.0}
{'Time': '2023-06-14T13:50:30Z', 'OrderTime': '2023-06-14T13:50:30Z', 'Price': 256.72, 'Balance': -4.82000000000005, 'VolumeSum': -719.0}
{'Time': '2023-06-14T13:50:50Z', 'OrderTime': '2023-06-14T13:50:50Z', 'Price': 257.0, 'Balance': -261.82000000000005, 'VolumeSum': 360.0}
{'Time': '2023-06-14T13:51:50Z', 'OrderTime': '2023-06-14T13:51:50Z', 'Price': 256.87, 'Balance': -4.9500000000000455, 'VolumeSum': -700.0}
{'Time': '2023-06-14T13:52:00Z', 'OrderTime': '2023-06-14T13:52:00Z', 'Price': 256.74, 'Balance': -261.69000000000005, 'VolumeSum': 2264.0}
{'Time': '2023-06-14T13:52:30Z', 'OrderTime': '2023-06-14T13:52:30Z', 'Price': 256.89, 'Balance': -4.800000000000068, 'VolumeSum': -577.0}
{'Time': '2023-06-14T13:53:00Z', 'OrderTime': '2023-06-14T13:53:00Z', 'Price': 256.72, 'Balance': -261.5200000000001, 'VolumeSum': 1179.0}
{'Time': '2023-06-14T13:53:10Z', 'OrderTime': '2023-06-14T13:53:10Z', 'Price': 256.96, 'Balance': -4.560000000000116, 'VolumeSum': -378.0}
{'Time': '2023-06-14T13:53:20Z', 'OrderTime': '2023-06-14T13:53:20Z', 'Price': 257.12, 'Balance': -261.6800000000001, 'VolumeSum': 49.0}
{'Time': '2023-06-14T13:53:30Z', 'OrderTime': '2023-06-14T13:53:30Z', 'Price': 256.86, 'Balance': -4.820000000000107, 'VolumeSum': -91.0}
{'Time': '2023-06-14T13:53:40Z', 'OrderTime': '2023-06-14T13:53:40Z', 'Price': 256.7, 'Balance': -261.5200000000001, 'VolumeSum': 800.0}
{'Time': '2023-06-14T13:54:10Z', 'OrderTime': '2023-06-14T13:54:10Z', 'Price': 256.15, 'Balance': -5.370000000000118, 'VolumeSum': -100.0}
{'Time': '2023-06-14T13:54:20Z', 'OrderTime': '2023-06-14T13:54:20Z', 'Price': 256.2, 'Balance': -261.5700000000001, 'VolumeSum': 115.0}
{'Time': '2023-06-14T13:54:30Z', 'OrderTime': '2023-06-14T13:54:30Z', 'Price': 256.01, 'Balance': -5.560000000000116, 'VolumeSum': -866.0}
{'Time': '2023-06-14T13:54:40Z', 'OrderTime': '2023-06-14T13:54:40Z', 'Price': 255.96, 'Balance': -261.5200000000001, 'VolumeSum': 53922.0}
{'Time': '2023-06-14T13:55:00Z', 'OrderTime': '2023-06-14T13:55:00Z', 'Price': 255.89, 'Balance': -5.630000000000109, 'VolumeSum': -2951.0}
{'Time': '2023-06-14T13:55:20Z', 'OrderTime': '2023-06-14T13:55:20Z', 'Price': 256.33, 'Balance': -261.9600000000001, 'VolumeSum': 1850.0}
{'Time': '2023-06-14T13:55:30Z', 'OrderTime': '2023-06-14T13:55:30Z', 'Price': 256.31, 'Balance': -5.650000000000091, 'VolumeSum': -971.0}
{'Time': '2023-06-14T13:55:40Z', 'OrderTime': '2023-06-14T13:55:40Z', 'Price': 256.87, 'Balance': -262.5200000000001, 'VolumeSum': 910.0}
{'Time': '2023-06-14T13:56:20Z', 'OrderTime': '2023-06-14T13:56:20Z', 'Price': 256.93, 'Balance': -5.590000000000089, 'VolumeSum': -1272.0}
{'Time': '2023-06-14T13:56:50Z', 'OrderTime': '2023-06-14T13:56:50Z', 'Price': 256.81, 'Balance': -262.4000000000001, 'VolumeSum': 300.0}
{'Time': '2023-06-14T13:57:00Z', 'OrderTime': '2023-06-14T13:57:00Z', 'Price': 256.83, 'Balance': -5.570000000000107, 'VolumeSum': -496.0}
{'Time': '2023-06-14T13:57:10Z', 'OrderTime': '2023-06-14T13:57:10Z', 'Price': 256.96, 'Balance': -262.5300000000001, 'VolumeSum': 634.0}
{'Time': '2023-06-14T13:57:20Z', 'OrderTime': '2023-06-14T13:57:20Z', 'Price': 256.73, 'Balance': -5.800000000000068, 'VolumeSum': -101.0}
{'Time': '2023-06-14T13:57:30Z', 'OrderTime': '2023-06-14T13:57:30Z', 'Price': 256.52, 'Balance': -262.32000000000005, 'VolumeSum': 816.0}
{'Time': '2023-06-14T13:58:00Z', 'OrderTime': '2023-06-14T13:58:00Z', 'Price': 256.16, 'Balance': -6.160000000000025, 'VolumeSum': -193.0}
{'Time': '2023-06-14T13:58:10Z', 'OrderTime': '2023-06-14T13:58:10Z', 'Price': 256.57, 'Balance': -262.73, 'VolumeSum': 59.0}
{'Time': '2023-06-14T13:58:20Z', 'OrderTime': '2023-06-14T13:58:20Z', 'Price': 256.75, 'Balance': -5.980000000000018, 'VolumeSum': -637.0}
{'Time': '2023-06-14T13:58:30Z', 'OrderTime': '2023-06-14T13:58:30Z', 'Price': 256.63, 'Balance': -262.61, 'VolumeSum': 500.0}
{'Time': '2023-06-14T13:58:40Z', 'OrderTime': '2023-06-14T13:58:40Z', 'Price': 256.6, 'Balance': -6.009999999999991, 'VolumeSum': -4.0}
{'Time': '2023-06-14T13:58:50Z', 'OrderTime': '2023-06-14T13:58:50Z', 'Price': 256.63, 'Balance': -262.64, 'VolumeSum': 157.0}
{'Time': '2023-06-14T13:59:00Z', 'OrderTime': '2023-06-14T13:59:00Z', 'Price': 256.72, 'Balance': -5.919999999999959, 'VolumeSum': -160.0}
{'Time': '2023-06-14T13:59:30Z', 'OrderTime': '2023-06-14T13:59:30Z', 'Price': 257.11, 'Balance': -263.03, 'VolumeSum': 772.0}

{'Time': '2023-06-14T14:03:10Z', 'OrderTime': '2023-06-14T14:03:10Z', 'Price': 256.36, 'Balance': -6.669999999999959, 'VolumeSum': -124.0}
{'Time': '2023-06-14T14:17:00Z', 'OrderTime': '2023-06-14T14:17:00Z', 'Price': 259.9, 'Balance': -266.56999999999994, 'VolumeSum': 553.0}
{'Time': '2023-06-14T14:19:20Z', 'OrderTime': '2023-06-14T14:19:20Z', 'Price': 260.18, 'Balance': -6.3899999999999295, 'VolumeSum': -191.0}
{'Time': '2023-06-14T14:20:50Z', 'OrderTime': '2023-06-14T14:20:50Z', 'Price': 261.45, 'Balance': -267.8399999999999, 'VolumeSum': 203.0}
{'Time': '2023-06-14T14:33:40Z', 'OrderTime': '2023-06-14T14:33:40Z', 'Price': 260.11, 'Balance': -7.7299999999999045, 'VolumeSum': -280.0}

{'Time': '2023-06-14T16:01:30Z', 'OrderTime': '2023-06-14T16:01:30Z', 'Price': 256.99, 'Balance': -264.7199999999999, 'VolumeSum': 466.0}
{'Time': '2023-06-14T16:03:30Z', 'OrderTime': '2023-06-14T16:03:30Z', 'Price': 257.59, 'Balance': -7.129999999999939, 'VolumeSum': -323.0}
{'Time': '2023-06-14T16:28:20Z', 'OrderTime': '2023-06-14T16:28:20Z', 'Price': 258.09, 'Balance': -265.2199999999999, 'VolumeSum': 450.0}
{'Time': '2023-06-14T16:37:30Z', 'OrderTime': '2023-06-14T16:37:30Z', 'Price': 257.65, 'Balance': -7.569999999999936, 'VolumeSum': -770.0}

{'Time': '2023-06-14T17:19:20Z', 'OrderTime': '2023-06-14T17:19:20Z', 'Price': 257.63, 'Balance': -265.19999999999993, 'VolumeSum': 423.0}
{'Time': '2023-06-14T17:21:40Z', 'OrderTime': '2023-06-14T17:21:40Z', 'Price': 257.38, 'Balance': -7.819999999999936, 'VolumeSum': -209.0}
{'Time': '2023-06-14T17:23:10Z', 'OrderTime': '2023-06-14T17:23:10Z', 'Price': 257.68, 'Balance': -265.49999999999994, 'VolumeSum': 217.0}
{'Time': '2023-06-14T17:24:50Z', 'OrderTime': '2023-06-14T17:24:50Z', 'Price': 257.75, 'Balance': -7.749999999999943, 'VolumeSum': -1018.0}
{'Time': '2023-06-14T17:26:20Z', 'OrderTime': '2023-06-14T17:26:20Z', 'Price': 257.87, 'Balance': -265.61999999999995, 'VolumeSum': 64.0}
{'Time': '2023-06-14T17:28:10Z', 'OrderTime': '2023-06-14T17:28:10Z', 'Price': 257.89, 'Balance': -7.729999999999961, 'VolumeSum': -147.0}
{'Time': '2023-06-14T17:45:40Z', 'OrderTime': '2023-06-14T17:45:40Z', 'Price': 258.37, 'Balance': -266.09999999999997, 'VolumeSum': 300.0}
{'Time': '2023-06-14T17:52:00Z', 'OrderTime': '2023-06-14T17:52:00Z', 'Price': 258.05, 'Balance': -8.049999999999955, 'VolumeSum': -914.0}

{'Time': '2023-06-14T18:01:20Z', 'OrderTime': '2023-06-14T18:01:20Z', 'Price': 256.13, 'Balance': -264.17999999999995, 'VolumeSum': 41.0}
{'Time': '2023-06-14T18:01:40Z', 'OrderTime': '2023-06-14T18:01:40Z', 'Price': 256.0, 'Balance': -8.17999999999995, 'VolumeSum': -233.0}
{'Time': '2023-06-14T18:02:00Z', 'OrderTime': '2023-06-14T18:02:00Z', 'Price': 257.03, 'Balance': -265.2099999999999, 'VolumeSum': 461.0}
{'Time': '2023-06-14T18:02:10Z', 'OrderTime': '2023-06-14T18:02:10Z', 'Price': 256.7, 'Balance': -8.509999999999934, 'VolumeSum': -925.0}
{'Time': '2023-06-14T18:03:00Z', 'OrderTime': '2023-06-14T18:03:00Z', 'Price': 256.0, 'Balance': -264.50999999999993, 'VolumeSum': 1346.0}
{'Time': '2023-06-14T18:03:10Z', 'OrderTime': '2023-06-14T18:03:10Z', 'Price': 255.88, 'Balance': -8.629999999999939, 'VolumeSum': -400.0}
{'Time': '2023-06-14T18:04:20Z', 'OrderTime': '2023-06-14T18:04:20Z', 'Price': 254.63, 'Balance': -263.25999999999993, 'VolumeSum': 927.0}
{'Time': '2023-06-14T18:05:00Z', 'OrderTime': '2023-06-14T18:05:00Z', 'Price': 253.61, 'Balance': -9.64999999999992, 'VolumeSum': -125.0}
{'Time': '2023-06-14T18:05:10Z', 'OrderTime': '2023-06-14T18:05:10Z', 'Price': 253.82, 'Balance': -263.4699999999999, 'VolumeSum': 273.0}
{'Time': '2023-06-14T18:05:40Z', 'OrderTime': '2023-06-14T18:05:40Z', 'Price': 253.73, 'Balance': -9.739999999999924, 'VolumeSum': -852.0}
{'Time': '2023-06-14T18:06:10Z', 'OrderTime': '2023-06-14T18:06:10Z', 'Price': 253.9, 'Balance': -263.63999999999993, 'VolumeSum': 421.0}
{'Time': '2023-06-14T18:06:20Z', 'OrderTime': '2023-06-14T18:06:20Z', 'Price': 253.88, 'Balance': -9.759999999999934, 'VolumeSum': -174.0}
{'Time': '2023-06-14T18:07:30Z', 'OrderTime': '2023-06-14T18:07:30Z', 'Price': 252.62, 'Balance': -262.37999999999994, 'VolumeSum': 227.0}
{'Time': '2023-06-14T18:07:50Z', 'OrderTime': '2023-06-14T18:07:50Z', 'Price': 251.48, 'Balance': -10.899999999999949, 'VolumeSum': -650.0}
{'Time': '2023-06-14T18:08:10Z', 'OrderTime': '2023-06-14T18:08:10Z', 'Price': 251.12, 'Balance': -262.02, 'VolumeSum': 424.0}
{'Time': '2023-06-14T18:08:20Z', 'OrderTime': '2023-06-14T18:08:20Z', 'Price': 250.57, 'Balance': -11.449999999999989, 'VolumeSum': -517.0}
{'Time': '2023-06-14T18:08:50Z', 'OrderTime': '2023-06-14T18:08:50Z', 'Price': 251.27, 'Balance': -262.72, 'VolumeSum': 269.0}
{'Time': '2023-06-14T18:09:40Z', 'OrderTime': '2023-06-14T18:09:40Z', 'Price': 253.13, 'Balance': -9.590000000000032, 'VolumeSum': -267.0}
{'Time': '2023-06-14T18:09:50Z', 'OrderTime': '2023-06-14T18:09:50Z', 'Price': 253.37, 'Balance': -262.96000000000004, 'VolumeSum': 837.0}
{'Time': '2023-06-14T18:10:00Z', 'OrderTime': '2023-06-14T18:10:00Z', 'Price': 253.36, 'Balance': -9.600000000000023, 'VolumeSum': -514.0}
{'Time': '2023-06-14T18:11:10Z', 'OrderTime': '2023-06-14T18:11:10Z', 'Price': 255.23, 'Balance': -264.83000000000004, 'VolumeSum': 100.0}
{'Time': '2023-06-14T18:12:10Z', 'OrderTime': '2023-06-14T18:12:10Z', 'Price': 255.1, 'Balance': -9.730000000000047, 'VolumeSum': -1711.0}
{'Time': '2023-06-14T18:13:00Z', 'OrderTime': '2023-06-14T18:13:00Z', 'Price': 254.78, 'Balance': -264.51000000000005, 'VolumeSum': 165.0}
{'Time': '2023-06-14T18:14:20Z', 'OrderTime': '2023-06-14T18:14:20Z', 'Price': 253.16, 'Balance': -11.350000000000051, 'VolumeSum': -171.0}
{'Time': '2023-06-14T18:15:00Z', 'OrderTime': '2023-06-14T18:15:00Z', 'Price': 253.39, 'Balance': -264.74, 'VolumeSum': 240.0}
{'Time': '2023-06-14T18:15:10Z', 'OrderTime': '2023-06-14T18:15:10Z', 'Price': 252.8, 'Balance': -11.939999999999998, 'VolumeSum': -501.0}
{'Time': '2023-06-14T18:15:20Z', 'OrderTime': '2023-06-14T18:15:20Z', 'Price': 252.74, 'Balance': -264.68, 'VolumeSum': 100.0}
{'Time': '2023-06-14T18:15:40Z', 'OrderTime': '2023-06-14T18:15:40Z', 'Price': 253.0, 'Balance': -11.680000000000007, 'VolumeSum': -748.0}
{'Time': '2023-06-14T18:16:10Z', 'OrderTime': '2023-06-14T18:16:10Z', 'Price': 253.42, 'Balance': -265.1, 'VolumeSum': 314.0}
{'Time': '2023-06-14T18:18:00Z', 'OrderTime': '2023-06-14T18:18:00Z', 'Price': 252.75, 'Balance': -12.350000000000023, 'VolumeSum': -209.0}
{'Time': '2023-06-14T18:21:10Z', 'OrderTime': '2023-06-14T18:21:10Z', 'Price': 253.36, 'Balance': -265.71000000000004, 'VolumeSum': 222.0}
{'Time': '2023-06-14T18:24:30Z', 'OrderTime': '2023-06-14T18:24:30Z', 'Price': 252.11, 'Balance': -13.600000000000023, 'VolumeSum': -948.0}
{'Time': '2023-06-14T18:25:50Z', 'OrderTime': '2023-06-14T18:25:50Z', 'Price': 251.67, 'Balance': -265.27, 'VolumeSum': 200.0}
{'Time': '2023-06-14T18:26:50Z', 'OrderTime': '2023-06-14T18:26:50Z', 'Price': 252.75, 'Balance': -12.519999999999982, 'VolumeSum': -166.0}
{'Time': '2023-06-14T18:27:20Z', 'OrderTime': '2023-06-14T18:27:20Z', 'Price': 253.1, 'Balance': -265.62, 'VolumeSum': 300.0}
{'Time': '2023-06-14T18:28:00Z', 'OrderTime': '2023-06-14T18:28:00Z', 'Price': 253.24, 'Balance': -12.379999999999995, 'VolumeSum': -210.0}
{'Time': '2023-06-14T18:28:10Z', 'OrderTime': '2023-06-14T18:28:10Z', 'Price': 253.2, 'Balance': -265.58, 'VolumeSum': 231.0}
{'Time': '2023-06-14T18:30:40Z', 'OrderTime': '2023-06-14T18:30:40Z', 'Price': 253.19, 'Balance': -12.389999999999986, 'VolumeSum': -676.0}
{'Time': '2023-06-14T18:33:50Z', 'OrderTime': '2023-06-14T18:33:50Z', 'Price': 253.28, 'Balance': -265.66999999999996, 'VolumeSum': 300.0}
{'Time': '2023-06-14T18:34:00Z', 'OrderTime': '2023-06-14T18:34:00Z', 'Price': 252.75, 'Balance': -12.919999999999959, 'VolumeSum': -228.0}
{'Time': '2023-06-14T18:34:20Z', 'OrderTime': '2023-06-14T18:34:20Z', 'Price': 252.85, 'Balance': -265.77, 'VolumeSum': 350.0}
{'Time': '2023-06-14T18:35:20Z', 'OrderTime': '2023-06-14T18:35:20Z', 'Price': 253.18, 'Balance': -12.589999999999975, 'VolumeSum': -282.0}
{'Time': '2023-06-14T18:35:30Z', 'OrderTime': '2023-06-14T18:35:30Z', 'Price': 253.01, 'Balance': -265.59999999999997, 'VolumeSum': 1200.0}
{'Time': '2023-06-14T18:35:40Z', 'OrderTime': '2023-06-14T18:35:40Z', 'Price': 253.19, 'Balance': -12.409999999999968, 'VolumeSum': -238.0}
{'Time': '2023-06-14T18:36:00Z', 'OrderTime': '2023-06-14T18:36:00Z', 'Price': 253.72, 'Balance': -266.13, 'VolumeSum': 370.0}
{'Time': '2023-06-14T18:36:10Z', 'OrderTime': '2023-06-14T18:36:10Z', 'Price': 253.98, 'Balance': -12.150000000000006, 'VolumeSum': -785.0}
{'Time': '2023-06-14T18:36:30Z', 'OrderTime': '2023-06-14T18:36:30Z', 'Price': 254.66, 'Balance': -266.81, 'VolumeSum': 1100.0}
{'Time': '2023-06-14T18:36:40Z', 'OrderTime': '2023-06-14T18:36:40Z', 'Price': 254.72, 'Balance': -12.090000000000003, 'VolumeSum': -692.0}
{'Time': '2023-06-14T18:37:00Z', 'OrderTime': '2023-06-14T18:37:00Z', 'Price': 255.14, 'Balance': -267.23, 'VolumeSum': 135.0}
{'Time': '2023-06-14T18:37:10Z', 'OrderTime': '2023-06-14T18:37:10Z', 'Price': 255.08, 'Balance': -12.150000000000006, 'VolumeSum': -30.0}
{'Time': '2023-06-14T18:37:50Z', 'OrderTime': '2023-06-14T18:37:50Z', 'Price': 254.65, 'Balance': -266.8, 'VolumeSum': 834.0}
{'Time': '2023-06-14T18:38:00Z', 'OrderTime': '2023-06-14T18:38:00Z', 'Price': 254.54, 'Balance': -12.26000000000002, 'VolumeSum': -939.0}
{'Time': '2023-06-14T18:38:20Z', 'OrderTime': '2023-06-14T18:38:20Z', 'Price': 255.16, 'Balance': -267.42, 'VolumeSum': 177.0}
{'Time': '2023-06-14T18:39:00Z', 'OrderTime': '2023-06-14T18:39:00Z', 'Price': 254.89, 'Balance': -12.53000000000003, 'VolumeSum': -772.0}
{'Time': '2023-06-14T18:39:10Z', 'OrderTime': '2023-06-14T18:39:10Z', 'Price': 254.83, 'Balance': -267.36, 'VolumeSum': 300.0}
{'Time': '2023-06-14T18:39:20Z', 'OrderTime': '2023-06-14T18:39:20Z', 'Price': 254.66, 'Balance': -12.700000000000017, 'VolumeSum': -132.0}
{'Time': '2023-06-14T18:39:30Z', 'OrderTime': '2023-06-14T18:39:30Z', 'Price': 254.76, 'Balance': -267.46000000000004, 'VolumeSum': 150.0}
{'Time': '2023-06-14T18:42:10Z', 'OrderTime': '2023-06-14T18:42:10Z', 'Price': 254.59, 'Balance': -12.870000000000033, 'VolumeSum': -1450.0}
{'Time': '2023-06-14T18:43:30Z', 'OrderTime': '2023-06-14T18:43:30Z', 'Price': 255.11, 'Balance': -267.98, 'VolumeSum': 291.0}
{'Time': '2023-06-14T18:44:30Z', 'OrderTime': '2023-06-14T18:44:30Z', 'Price': 256.45, 'Balance': -11.53000000000003, 'VolumeSum': -812.0}
{'Time': '2023-06-14T18:45:50Z', 'OrderTime': '2023-06-14T18:45:50Z', 'Price': 256.12, 'Balance': -267.65000000000003, 'VolumeSum': 93.0}
{'Time': '2023-06-14T18:47:50Z', 'OrderTime': '2023-06-14T18:47:50Z', 'Price': 255.92, 'Balance': -11.730000000000047, 'VolumeSum': -542.0}
{'Time': '2023-06-14T18:48:20Z', 'OrderTime': '2023-06-14T18:48:20Z', 'Price': 256.56, 'Balance': -268.2900000000001, 'VolumeSum': 1215.0}
{'Time': '2023-06-14T18:49:20Z', 'OrderTime': '2023-06-14T18:49:20Z', 'Price': 256.91, 'Balance': -11.380000000000052, 'VolumeSum': -528.0}
{'Time': '2023-06-14T18:51:30Z', 'OrderTime': '2023-06-14T18:51:30Z', 'Price': 257.64, 'Balance': -269.02000000000004, 'VolumeSum': 400.0}
{'Time': '2023-06-14T18:52:20Z', 'OrderTime': '2023-06-14T18:52:20Z', 'Price': 256.8, 'Balance': -12.220000000000027, 'VolumeSum': -572.0}
{'Time': '2023-06-14T18:52:40Z', 'OrderTime': '2023-06-14T18:52:40Z', 'Price': 256.75, 'Balance': -268.97, 'VolumeSum': 805.0}
{'Time': '2023-06-14T18:53:00Z', 'OrderTime': '2023-06-14T18:53:00Z', 'Price': 256.69, 'Balance': -12.28000000000003, 'VolumeSum': -12.0}
{'Time': '2023-06-14T18:54:10Z', 'OrderTime': '2023-06-14T18:54:10Z', 'Price': 256.91, 'Balance': -269.19000000000005, 'VolumeSum': 137.0}
{'Time': '2023-06-14T18:55:00Z', 'OrderTime': '2023-06-14T18:55:00Z', 'Price': 256.9, 'Balance': -12.290000000000077, 'VolumeSum': -310.0}
{'Time': '2023-06-14T18:55:20Z', 'OrderTime': '2023-06-14T18:55:20Z', 'Price': 256.71, 'Balance': -269.00000000000006, 'VolumeSum': 400.0}
{'Time': '2023-06-14T18:55:30Z', 'OrderTime': '2023-06-14T18:55:30Z', 'Price': 256.7, 'Balance': -12.300000000000068, 'VolumeSum': -100.0}
{'Time': '2023-06-14T18:56:40Z', 'OrderTime': '2023-06-14T18:56:40Z', 'Price': 257.06, 'Balance': -269.36000000000007, 'VolumeSum': 278.0}
{'Time': '2023-06-14T18:57:40Z', 'OrderTime': '2023-06-14T18:57:40Z', 'Price': 256.91, 'Balance': -12.450000000000045, 'VolumeSum': -786.0}
{'Time': '2023-06-14T18:58:00Z', 'OrderTime': '2023-06-14T18:58:00Z', 'Price': 256.99, 'Balance': -269.44000000000005, 'VolumeSum': 128.0}
{'Time': '2023-06-14T18:58:10Z', 'OrderTime': '2023-06-14T18:58:10Z', 'Price': 256.45, 'Balance': -12.990000000000066, 'VolumeSum': -200.0}
{'Time': '2023-06-14T18:58:20Z', 'OrderTime': '2023-06-14T18:58:20Z', 'Price': 256.49, 'Balance': -269.4800000000001, 'VolumeSum': 350.0}
{'Time': '2023-06-14T18:59:20Z', 'OrderTime': '2023-06-14T18:59:20Z', 'Price': 256.46, 'Balance': -13.020000000000095, 'VolumeSum': -392.0}
{'Time': '2023-06-14T18:59:40Z', 'OrderTime': '2023-06-14T18:59:40Z', 'Price': 256.65, 'Balance': -269.6700000000001, 'VolumeSum': 247.0}
{'Time': '2023-06-14T19:14:00Z', 'OrderTime': '2023-06-14T19:14:00Z', 'Price': 256.04, 'Balance': -13.630000000000052, 'VolumeSum': -450.0}


{'Time': '2023-06-15T13:30:10Z', 'OrderTime': '2023-06-15T13:30:10Z', 'Price': 247.88, 'Balance': -247.88, 'VolumeSum': 3.0}
{'Time': '2023-06-15T13:39:30Z', 'OrderTime': '2023-06-15T13:39:30Z', 'Price': 252.62, 'Balance': 4.740000000000009, 'VolumeSum': -27.0}

{'Time': '2023-06-15T14:01:40Z', 'OrderTime': '2023-06-15T14:01:40Z', 'Price': 255.16, 'Balance': -250.42, 'VolumeSum': 1122.0}
{'Time': '2023-06-15T14:03:10Z', 'OrderTime': '2023-06-15T14:03:10Z', 'Price': 255.62, 'Balance': 5.200000000000017, 'VolumeSum': -225.0}
{'Time': '2023-06-15T14:06:00Z', 'OrderTime': '2023-06-15T14:06:00Z', 'Price': 256.39, 'Balance': -251.18999999999997, 'VolumeSum': 48.0}
{'Time': '2023-06-15T14:27:50Z', 'OrderTime': '2023-06-15T14:27:50Z', 'Price': 257.4, 'Balance': 6.210000000000008, 'VolumeSum': -40.0}

{'Time': '2023-06-15T16:02:40Z', 'OrderTime': '2023-06-15T16:02:40Z', 'Price': 256.95, 'Balance': -250.73999999999998, 'VolumeSum': 100.0}
{'Time': '2023-06-15T16:03:40Z', 'OrderTime': '2023-06-15T16:03:40Z', 'Price': 256.56, 'Balance': 5.820000000000022, 'VolumeSum': -19.0}
{'Time': '2023-06-15T16:09:20Z', 'OrderTime': '2023-06-15T16:09:20Z', 'Price': 256.35, 'Balance': -250.53, 'VolumeSum': 188.0}
{'Time': '2023-06-15T16:13:00Z', 'OrderTime': '2023-06-15T16:13:00Z', 'Price': 255.76, 'Balance': 5.22999999999999, 'VolumeSum': -410.0}
{'Time': '2023-06-15T16:19:20Z', 'OrderTime': '2023-06-15T16:19:20Z', 'Price': 255.41, 'Balance': -250.18, 'VolumeSum': 229.0}
{'Time': '2023-06-15T16:21:30Z', 'OrderTime': '2023-06-15T16:21:30Z', 'Price': 255.26, 'Balance': 5.079999999999984, 'VolumeSum': -580.0}
{'Time': '2023-06-15T16:24:40Z', 'OrderTime': '2023-06-15T16:24:40Z', 'Price': 254.89, 'Balance': -249.81, 'VolumeSum': 434.0}
{'Time': '2023-06-15T16:26:10Z', 'OrderTime': '2023-06-15T16:26:10Z', 'Price': 254.94, 'Balance': 5.1299999999999955, 'VolumeSum': -737.0}
{'Time': '2023-06-15T16:36:20Z', 'OrderTime': '2023-06-15T16:36:20Z', 'Price': 254.82, 'Balance': -249.69, 'VolumeSum': 717.0}
{'Time': '2023-06-15T16:36:30Z', 'OrderTime': '2023-06-15T16:36:30Z', 'Price': 254.67, 'Balance': 4.97999999999999, 'VolumeSum': -111.0}
{'Time': '2023-06-15T16:37:30Z', 'OrderTime': '2023-06-15T16:37:30Z', 'Price': 255.31, 'Balance': -250.33, 'VolumeSum': 19.0}
{'Time': '2023-06-15T16:39:20Z', 'OrderTime': '2023-06-15T16:39:20Z', 'Price': 255.86, 'Balance': 5.530000000000001, 'VolumeSum': -400.0}
{'Time': '2023-06-15T16:54:10Z', 'OrderTime': '2023-06-15T16:54:10Z', 'Price': 256.34, 'Balance': -250.80999999999997, 'VolumeSum': 8.0}
{'Time': '2023-06-15T16:55:00Z', 'OrderTime': '2023-06-15T16:55:00Z', 'Price': 256.31, 'Balance': 5.500000000000028, 'VolumeSum': -73.0}

{'Time': '2023-06-15T17:01:20Z', 'OrderTime': '2023-06-15T17:01:20Z', 'Price': 256.87, 'Balance': -251.36999999999998, 'VolumeSum': 19.0}
{'Time': '2023-06-15T17:02:20Z', 'OrderTime': '2023-06-15T17:02:20Z', 'Price': 256.57, 'Balance': 5.200000000000017, 'VolumeSum': -314.0}
{'Time': '2023-06-15T17:12:00Z', 'OrderTime': '2023-06-15T17:12:00Z', 'Price': 256.26, 'Balance': -251.05999999999997, 'VolumeSum': 7.0}
{'Time': '2023-06-15T17:12:20Z', 'OrderTime': '2023-06-15T17:12:20Z', 'Price': 256.32, 'Balance': 5.260000000000019, 'VolumeSum': -20.0}
{'Time': '2023-06-15T17:15:00Z', 'OrderTime': '2023-06-15T17:15:00Z', 'Price': 255.56, 'Balance': -250.29999999999998, 'VolumeSum': 20.0}
{'Time': '2023-06-15T17:20:00Z', 'OrderTime': '2023-06-15T17:20:00Z', 'Price': 256.1, 'Balance': 5.80000000000004, 'VolumeSum': -19.0}
{'Time': '2023-06-15T17:27:10Z', 'OrderTime': '2023-06-15T17:27:10Z', 'Price': 256.43, 'Balance': -250.62999999999997, 'VolumeSum': 12.0}
{'Time': '2023-06-15T17:47:20Z', 'OrderTime': '2023-06-15T17:47:20Z', 'Price': 257.51, 'Balance': 6.880000000000024, 'VolumeSum': -34.0}
{'Time': '2023-06-15T17:50:20Z', 'OrderTime': '2023-06-15T17:50:20Z', 'Price': 257.38, 'Balance': -250.49999999999997, 'VolumeSum': 117.0}
{'Time': '2023-06-15T17:56:20Z', 'OrderTime': '2023-06-15T17:56:20Z', 'Price': 257.51, 'Balance': 7.010000000000019, 'VolumeSum': -422.0}

{'Time': '2023-06-15T19:00:20Z', 'OrderTime': '2023-06-15T19:00:20Z', 'Price': 257.06, 'Balance': -250.04999999999998, 'VolumeSum': 300.0}
{'Time': '2023-06-15T19:03:30Z', 'OrderTime': '2023-06-15T19:03:30Z', 'Price': 256.77, 'Balance': 6.719999999999999, 'VolumeSum': -144.0}
{'Time': '2023-06-15T19:07:10Z', 'OrderTime': '2023-06-15T19:07:10Z', 'Price': 256.08, 'Balance': -249.35999999999999, 'VolumeSum': 10.0}
{'Time': '2023-06-15T19:08:10Z', 'OrderTime': '2023-06-15T19:08:10Z', 'Price': 256.49, 'Balance': 7.130000000000024, 'VolumeSum': -77.0}
{'Time': '2023-06-15T19:10:50Z', 'OrderTime': '2023-06-15T19:10:51Z', 'Price': 255.92, 'Balance': -248.78999999999996, 'VolumeSum': 67.0}
{'Time': '2023-06-15T19:14:20Z', 'OrderTime': '2023-06-15T19:14:20Z', 'Price': 256.12, 'Balance': 7.330000000000041, 'VolumeSum': -30.0}
{'Time': '2023-06-15T19:16:10Z', 'OrderTime': '2023-06-15T19:16:10Z', 'Price': 256.47, 'Balance': -249.14, 'VolumeSum': 17.0}
{'Time': '2023-06-15T19:18:00Z', 'OrderTime': '2023-06-15T19:18:00Z', 'Price': 256.08, 'Balance': 6.939999999999998, 'VolumeSum': -213.0}
{'Time': '2023-06-15T19:20:10Z', 'OrderTime': '2023-06-15T19:20:10Z', 'Price': 255.96, 'Balance': -249.02, 'VolumeSum': 131.0}
{'Time': '2023-06-15T19:20:20Z', 'OrderTime': '2023-06-15T19:20:20Z', 'Price': 255.93, 'Balance': 6.909999999999997, 'VolumeSum': -26.0}
{'Time': '2023-06-15T19:23:20Z', 'OrderTime': '2023-06-15T19:23:20Z', 'Price': 255.97, 'Balance': -249.06, 'VolumeSum': 14.0}
{'Time': '2023-06-15T19:25:40Z', 'OrderTime': '2023-06-15T19:25:40Z', 'Price': 255.28, 'Balance': 6.219999999999999, 'VolumeSum': -112.0}
{'Time': '2023-06-15T19:30:10Z', 'OrderTime': '2023-06-15T19:30:10Z', 'Price': 255.8, 'Balance': -249.58, 'VolumeSum': 200.0}
{'Time': '2023-06-15T19:32:30Z', 'OrderTime': '2023-06-15T19:32:30Z', 'Price': 255.74, 'Balance': 6.159999999999997, 'VolumeSum': -8.0}
{'Time': '2023-06-15T19:33:10Z', 'OrderTime': '2023-06-15T19:33:10Z', 'Price': 255.74, 'Balance': -249.58, 'VolumeSum': 34.0}
{'Time': '2023-06-15T19:33:30Z', 'OrderTime': '2023-06-15T19:33:30Z', 'Price': 255.53, 'Balance': 5.949999999999989, 'VolumeSum': -540.0}
{'Time': '2023-06-15T19:34:50Z', 'OrderTime': '2023-06-15T19:34:50Z', 'Price': 255.34, 'Balance': -249.39000000000001, 'VolumeSum': 331.0}
{'Time': '2023-06-15T19:36:40Z', 'OrderTime': '2023-06-15T19:36:40Z', 'Price': 254.85, 'Balance': 5.4599999999999795, 'VolumeSum': -135.0}
{'Time': '2023-06-15T19:37:30Z', 'OrderTime': '2023-06-15T19:37:30Z', 'Price': 255.19, 'Balance': -249.73000000000002, 'VolumeSum': 152.0}
{'Time': '2023-06-15T19:37:40Z', 'OrderTime': '2023-06-15T19:37:40Z', 'Price': 255.28, 'Balance': 5.549999999999983, 'VolumeSum': -21.0}
{'Time': '2023-06-15T19:38:00Z', 'OrderTime': '2023-06-15T19:38:00Z', 'Price': 255.52, 'Balance': -249.97000000000003, 'VolumeSum': 638.0}
{'Time': '2023-06-15T19:38:20Z', 'OrderTime': '2023-06-15T19:38:20Z', 'Price': 255.63, 'Balance': 5.659999999999968, 'VolumeSum': -211.0}
{'Time': '2023-06-15T19:38:40Z', 'OrderTime': '2023-06-15T19:38:40Z', 'Price': 255.58, 'Balance': -249.92000000000004, 'VolumeSum': 510.0}
{'Time': '2023-06-15T19:39:10Z', 'OrderTime': '2023-06-15T19:39:10Z', 'Price': 255.56, 'Balance': 5.639999999999958, 'VolumeSum': -107.0}
{'Time': '2023-06-15T19:39:20Z', 'OrderTime': '2023-06-15T19:39:20Z', 'Price': 255.54, 'Balance': -249.90000000000003, 'VolumeSum': 302.0}
{'Time': '2023-06-15T19:41:10Z', 'OrderTime': '2023-06-15T19:41:10Z', 'Price': 255.68, 'Balance': 5.779999999999973, 'VolumeSum': -124.0}
{'Time': '2023-06-15T19:41:30Z', 'OrderTime': '2023-06-15T19:41:30Z', 'Price': 255.93, 'Balance': -250.15000000000003, 'VolumeSum': 416.0}
{'Time': '2023-06-15T19:41:40Z', 'OrderTime': '2023-06-15T19:41:40Z', 'Price': 255.91, 'Balance': 5.7599999999999625, 'VolumeSum': -123.0}
{'Time': '2023-06-15T19:44:20Z', 'OrderTime': '2023-06-15T19:44:20Z', 'Price': 255.8, 'Balance': -250.04000000000005, 'VolumeSum': 81.0}
{'Time': '2023-06-15T19:44:50Z', 'OrderTime': '2023-06-15T19:44:50Z', 'Price': 255.82, 'Balance': 5.779999999999944, 'VolumeSum': -212.0}
{'Time': '2023-06-15T19:45:50Z', 'OrderTime': '2023-06-15T19:45:50Z', 'Price': 256.29, 'Balance': -250.51000000000008, 'VolumeSum': 276.0}
{'Time': '2023-06-15T19:51:10Z', 'OrderTime': '2023-06-15T19:51:10Z', 'Price': 256.49, 'Balance': 5.979999999999933, 'VolumeSum': -39.0}
{'Time': '2023-06-15T19:52:00Z', 'OrderTime': '2023-06-15T19:52:00Z', 'Price': 256.71, 'Balance': -250.73000000000005, 'VolumeSum': 243.0}
{'Time': '2023-06-15T19:52:10Z', 'OrderTime': '2023-06-15T19:52:10Z', 'Price': 256.63, 'Balance': 5.899999999999949, 'VolumeSum': -40.0}
{'Time': '2023-06-15T19:55:10Z', 'OrderTime': '2023-06-15T19:55:10Z', 'Price': 256.22, 'Balance': -250.32000000000008, 'VolumeSum': 545.0}
{'Time': '2023-06-15T19:56:10Z', 'OrderTime': '2023-06-15T19:56:10Z', 'Price': 256.12, 'Balance': 5.799999999999926, 'VolumeSum': -354.0}
{'Time': '2023-06-15T19:56:40Z', 'OrderTime': '2023-06-15T19:56:40Z', 'Price': 255.96, 'Balance': -250.16000000000008, 'VolumeSum': 328.0}
{'Time': '2023-06-15T19:57:30Z', 'OrderTime': '2023-06-15T19:57:30Z', 'Price': 256.02, 'Balance': 5.8599999999999, 'VolumeSum': -269.0}
{'Time': '2023-06-15T19:59:40Z', 'OrderTime': '2023-06-15T19:59:40Z', 'Price': 255.98, 'Balance': -250.1200000000001, 'VolumeSum': 200.0}


{'Time': '2023-06-16T13:30:10Z', 'OrderTime': '2023-06-16T13:30:10Z', 'Price': 258.6, 'Balance': -258.6, 'VolumeSum': 25.0}
{'Time': '2023-06-16T14:15:50Z', 'OrderTime': '2023-06-16T14:15:50Z', 'Price': 262.1, 'Balance': 3.5, 'VolumeSum': -1421.0}
{'Time': '2023-06-16T14:20:10Z', 'OrderTime': '2023-06-16T14:20:10Z', 'Price': 262.56, 'Balance': -259.06, 'VolumeSum': 146.0}
{'Time': '2023-06-16T14:32:00Z', 'OrderTime': '2023-06-16T14:32:00Z', 'Price': 261.77, 'Balance': 2.7099999999999795, 'VolumeSum': -309.0}
{'Time': '2023-06-16T14:37:30Z', 'OrderTime': '2023-06-16T14:37:30Z', 'Price': 261.74, 'Balance': -259.03000000000003, 'VolumeSum': 300.0}
{'Time': '2023-06-16T14:42:50Z', 'OrderTime': '2023-06-16T14:42:50Z', 'Price': 260.91, 'Balance': 1.8799999999999955, 'VolumeSum': -586.0}
{'Time': '2023-06-16T14:54:30Z', 'OrderTime': '2023-06-16T14:54:30Z', 'Price': 260.3, 'Balance': -258.42, 'VolumeSum': 2.0}
{'Time': '2023-06-16T17:03:50Z', 'OrderTime': '2023-06-16T17:03:50Z', 'Price': 260.96, 'Balance': 2.5399999999999636, 'VolumeSum': -165.0}
{'Time': '2023-06-16T17:22:40Z', 'OrderTime': '2023-06-16T17:22:40Z', 'Price': 261.19, 'Balance': -258.65000000000003, 'VolumeSum': 59.0}
{'Time': '2023-06-16T17:34:10Z', 'OrderTime': '2023-06-16T17:34:10Z', 'Price': 261.43, 'Balance': 2.7799999999999727, 'VolumeSum': -100.0}
{'Time': '2023-06-16T17:42:40Z', 'OrderTime': '2023-06-16T17:42:40Z', 'Price': 261.21, 'Balance': -258.43, 'VolumeSum': 200.0}
{'Time': '2023-06-16T18:44:50Z', 'OrderTime': '2023-06-16T18:44:50Z', 'Price': 262.99, 'Balance': 4.560000000000002, 'VolumeSum': -685.0}
{'Time': '2023-06-16T19:12:10Z', 'OrderTime': '2023-06-16T19:12:10Z', 'Price': 260.08, 'Balance': -255.51999999999998, 'VolumeSum': 120.0}
{'Time': '2023-06-16T19:29:10Z', 'OrderTime': '2023-06-16T19:29:10Z', 'Price': 259.85, 'Balance': 4.330000000000041, 'VolumeSum': -350.0}
{'Time': '2023-06-16T19:30:10Z', 'OrderTime': '2023-06-16T19:30:10Z', 'Price': 260.23, 'Balance': -255.89999999999998, 'VolumeSum': 500.0}
{'Time': '2023-06-16T19:50:20Z', 'OrderTime': '2023-06-16T19:50:20Z', 'Price': 261.17, 'Balance': 5.270000000000039, 'VolumeSum': -19.0}
{'Time': '2023-06-16T19:52:10Z', 'OrderTime': '2023-06-16T19:52:10Z', 'Price': 261.33, 'Balance': -256.05999999999995, 'VolumeSum': 74.0}

{'Time': '2023-06-20T17:00:50Z', 'FilledTime': '2023-06-20T17:00:51Z', 'Price': 269.4954, 'Balance': 269.4954, 'VolumeSum': -1274.0}
{'Time': '2023-06-20T17:02:00Z', 'FilledTime': '2023-06-20T17:02:01Z', 'Price': 269.9499, 'Balance': -0.4544999999999959, 'VolumeSum': 100.0}
{'Time': '2023-06-20T17:05:20Z', 'FilledTime': '2023-06-20T17:05:21Z', 'Price': 269.3501, 'Balance': 268.8956, 'VolumeSum': -161.0}
{'Time': '2023-06-20T17:11:10Z', 'FilledTime': '2023-06-20T17:11:11Z', 'Price': 269.9773, 'Balance': -1.081700000000012, 'VolumeSum': 287.0}
{'Time': '2023-06-20T17:13:00Z', 'FilledTime': '2023-06-20T17:13:01Z', 'Price': 270.5501, 'Balance': 269.4684, 'VolumeSum': -80.0}
{'Time': '2023-06-20T17:13:50Z', 'FilledTime': '2023-06-20T17:13:51Z', 'Price': 270.6991, 'Balance': -1.230700000000013, 'VolumeSum': 500.0}
{'Time': '2023-06-20T17:16:40Z', 'FilledTime': '2023-06-20T17:16:41Z', 'Price': 270.7401, 'Balance': 269.50939999999997, 'VolumeSum': -300.0}
{'Time': '2023-06-20T17:27:20Z', 'FilledTime': '2023-06-20T17:27:21Z', 'Price': 270.6528, 'Balance': -1.1434000000000424, 'VolumeSum': 430.0}
{'Time': '2023-06-20T17:28:20Z', 'FilledTime': '2023-06-20T17:28:21Z', 'Price': 271.0401, 'Balance': 269.89669999999995, 'VolumeSum': -244.0}
{'Time': '2023-06-20T17:36:00Z', 'FilledTime': '2023-06-20T17:36:01Z', 'Price': 270.9982, 'Balance': -1.101500000000044, 'VolumeSum': 281.0}
{'Time': '2023-06-20T17:38:30Z', 'FilledTime': '2023-06-20T17:38:31Z', 'Price': 271.1501, 'Balance': 270.04859999999996, 'VolumeSum': -703.0}
{'Time': '2023-06-20T17:50:10Z', 'FilledTime': '2023-06-20T17:50:11Z', 'Price': 270.4582, 'Balance': -0.40960000000001173, 'VolumeSum': 140.0}
{'Time': '2023-06-20T17:50:30Z', 'FilledTime': '2023-06-20T17:50:31Z', 'Price': 270.4, 'Balance': 269.99039999999997, 'VolumeSum': -530.0}

{'Time': '2023-06-21T13:30:00Z', 'FilledTime': '2023-06-21T13:30:02Z', 'Price': 275.2576, 'Balance': -275.2576, 'VolumeSum': 4424.49999999954}
{'Time': '2023-06-21T13:30:00Z', 'FilledTime': '2023-06-21T13:30:03Z', 'Price': 274.9864, 'Balance': -550.244, 'VolumeSum': 4424.49999999954}
{'Time': '2023-06-21T13:50:30Z', 'FilledTime': '2023-06-21T13:50:31Z', 'Price': 272.1364, 'Balance': -272.1364, 'VolumeSum': 36.70500000002039}
{'Time': '2023-06-21T14:04:30Z', 'FilledTime': '2023-06-21T14:04:31Z', 'Price': 267.1501, 'Balance': -4.9862999999999715, 'VolumeSum': -24.98000000000502}
{'Time': '2023-06-21T14:20:10Z', 'FilledTime': '2023-06-21T14:20:11Z', 'Price': 269.0328, 'Balance': -274.0191, 'VolumeSum': 27.980000000002292}
{'Time': '2023-06-21T14:54:10Z', 'FilledTime': '2023-06-21T14:54:11Z', 'Price': 267.3201, 'Balance': -6.698999999999955, 'VolumeSum': -449.8904000000532}
{'Time': '2023-06-21T15:04:20Z', 'FilledTime': '2023-06-21T15:04:21Z', 'Price': 262.8099, 'Balance': -269.5089, 'VolumeSum': 198.46000000002647}
{'Time': '2023-06-21T15:11:40Z', 'FilledTime': '2023-06-21T15:11:41Z', 'Price': 261.7801, 'Balance': -7.728799999999978, 'VolumeSum': -38.71000000000504}
{'Time': '2023-06-21T15:16:30Z', 'FilledTime': '2023-06-21T15:16:31Z', 'Price': 260.7499, 'Balance': -268.4787, 'VolumeSum': 88.8499999999965}
{'Time': '2023-06-21T16:14:30Z', 'FilledTime': '2023-06-21T16:14:31Z', 'Price': 262.24, 'Balance': -6.238699999999994, 'VolumeSum': -428.7600000002576}
{'Time': '2023-06-21T16:14:40Z', 'FilledTime': '2023-06-21T16:14:41Z', 'Price': 262.4999, 'Balance': -268.7386, 'VolumeSum': 628.2800000000482}
{'Time': '2023-06-21T16:17:30Z', 'FilledTime': '2023-06-21T16:17:31Z', 'Price': 262.9145, 'Balance': -5.824100000000044, 'VolumeSum': -383.10000000072966}
{'Time': '2023-06-21T16:17:40Z', 'FilledTime': '2023-06-21T16:17:41Z', 'Price': 263.0796, 'Balance': -268.9037000000001, 'VolumeSum': 66.50000000005889}
{'Time': '2023-06-21T16:41:30Z', 'FilledTime': '2023-06-21T16:41:31Z', 'Price': 261.0101, 'Balance': -7.893600000000049, 'VolumeSum': -4537.280000001322}
{'Time': '2023-06-21T16:41:40Z', 'FilledTime': '2023-06-21T16:41:41Z', 'Price': 261.0999, 'Balance': -268.99350000000004, 'VolumeSum': 120.879999999961}
{'Time': '2023-06-21T17:06:10Z', 'FilledTime': '2023-06-21T17:06:11Z', 'Price': 259.6501, 'Balance': -9.343399999999974, 'VolumeSum': -20.319999999997208}
{'Time': '2023-06-21T17:06:20Z', 'FilledTime': '2023-06-21T17:06:21Z', 'Price': 259.8199, 'Balance': -269.1633, 'VolumeSum': 5.517599999993081}
{'Time': '2023-06-21T19:55:00Z', 'FilledTime': '2023-06-21T19:55:01Z', 'Price': 259.9136, 'Balance': -9.249700000000018, 'VolumeSum': 0}
